[  0%] Built target _turtlebot3_example_generate_messages_check_deps_Turtlebot3Feedback
[  0%] Built target _turtlebot3_example_generate_messages_check_deps_Turtlebot3ActionGoal
[  0%] Built target geometry_msgs_generate_messages_eus
[  0%] Built target _turtlebot3_example_generate_messages_check_deps_Turtlebot3Action
[  0%] Built target std_msgs_generate_messages_eus
[  0%] Built target actionlib_msgs_generate_messages_eus
[  0%] Built target _turtlebot3_example_generate_messages_check_deps_Turtlebot3ActionFeedback
[  0%] Built target _turtlebot3_example_generate_messages_check_deps_Turtlebot3Result
[  0%] Built target _turtlebot3_example_generate_messages_check_deps_Turtlebot3Goal
[  0%] Built target std_msgs_generate_messages_py
[  0%] Built target _turtlebot3_example_generate_messages_check_deps_Turtlebot3ActionResult
[  0%] Built target actionlib_msgs_generate_messages_py
[  0%] Built target geometry_msgs_generate_messages_py
[  0%] Built target std_msgs_generate_messages_lisp
[  0%] Built target actionlib_msgs_generate_messages_lisp
[  0%] Built target std_msgs_generate_messages_nodejs
[  0%] Built target geometry_msgs_generate_messages_lisp
[  0%] Built target actionlib_msgs_generate_messages_nodejs
[  0%] Built target geometry_msgs_generate_messages_nodejs
[  0%] Built target std_msgs_generate_messages_cpp
[  0%] Built target actionlib_msgs_generate_messages_cpp
[  0%] Built target geometry_msgs_generate_messages_cpp
[ 21%] Built target turtlebot3_example_generate_messages_eus
[ 51%] Built target turtlebot3_example_generate_messages_py
[ 62%] Built target turtlebot3_example_generate_messages_lisp
[ 81%] Built target turtlebot3_example_generate_messages_nodejs
[100%] Built target turtlebot3_example_generate_messages_cpp
[100%] Built target turtlebot3_example_generate_messages
Built target tests
[  0%] Built target _turtlebot3_example_generate_messages_check_deps_Turtlebot3ActionGoal
[  0%] Built target _turtlebot3_example_generate_messages_check_deps_Turtlebot3Feedback
[  0%] Built target geometry_msgs_generate_messages_eus
[  0%] Built target _turtlebot3_example_generate_messages_check_deps_Turtlebot3Action
[  0%] Built target std_msgs_generate_messages_eus
[  0%] Built target actionlib_msgs_generate_messages_eus
[  0%] Built target _turtlebot3_example_generate_messages_check_deps_Turtlebot3ActionFeedback
[  0%] Built target _turtlebot3_example_generate_messages_check_deps_Turtlebot3Result
[  0%] Built target _turtlebot3_example_generate_messages_check_deps_Turtlebot3Goal
[  0%] Built target std_msgs_generate_messages_py
[  0%] Built target actionlib_msgs_generate_messages_py
[  0%] Built target _turtlebot3_example_generate_messages_check_deps_Turtlebot3ActionResult
[  0%] Built target geometry_msgs_generate_messages_py
[  0%] Built target std_msgs_generate_messages_lisp
[  0%] Built target actionlib_msgs_generate_messages_lisp
[  0%] Built target geometry_msgs_generate_messages_lisp
[  0%] Built target actionlib_msgs_generate_messages_nodejs
[  0%] Built target std_msgs_generate_messages_nodejs
[  0%] Built target geometry_msgs_generate_messages_nodejs
[  0%] Built target std_msgs_generate_messages_cpp
[  0%] Built target actionlib_msgs_generate_messages_cpp
[  0%] Built target geometry_msgs_generate_messages_cpp
[ 21%] Built target turtlebot3_example_generate_messages_eus
[ 43%] Built target turtlebot3_example_generate_messages_py
[ 62%] Built target turtlebot3_example_generate_messages_lisp
[ 81%] Built target turtlebot3_example_generate_messages_nodejs
[100%] Built target turtlebot3_example_generate_messages_cpp
[100%] Built target turtlebot3_example_generate_messages
[36mInstall the project...[0m
-- Install configuration: ""
+ cd /home/moutik/Downloads/turtlebot3-master/turtlebot3_example
+ mkdir -p /home/moutik/Downloads/turtlebot3-master/install/turtlebot3_example/lib/python2.7/dist-packages
+ /usr/bin/env PYTHONPATH=/home/moutik/Downloads/turtlebot3-master/install/turtlebot3_example/lib/python2.7/dist-packages:/home/moutik/Downloads/turtlebot3-master/build/turtlebot3_example/lib/python2.7/dist-packages:/home/moutik/Downloads/turtlebot3-master/install/turtlebot3_teleop/lib/python2.7/dist-packages:/home/moutik/Downloads/turtlebot3-master/install/turtlebot3_example/lib/python2.7/dist-packages:/opt/ros/melodic/lib/python2.7/dist-packages CATKIN_BINARY_DIR=/home/moutik/Downloads/turtlebot3-master/build/turtlebot3_example /usr/bin/python2 /home/moutik/Downloads/turtlebot3-master/turtlebot3_example/setup.py build --build-base /home/moutik/Downloads/turtlebot3-master/build/turtlebot3_example install --root=/ --install-layout=deb --prefix=/home/moutik/Downloads/turtlebot3-master/install/turtlebot3_example --install-scripts=/home/moutik/Downloads/turtlebot3-master/install/turtlebot3_example/bin
running build
running build_py
running install
running install_lib
running install_egg_info
Removing /home/moutik/Downloads/turtlebot3-master/install/turtlebot3_example/lib/python2.7/dist-packages/turtlebot3_example-1.2.6.egg-info
Writing /home/moutik/Downloads/turtlebot3-master/install/turtlebot3_example/lib/python2.7/dist-packages/turtlebot3_example-1.2.6.egg-info
-- Up-to-date: /home/moutik/Downloads/turtlebot3-master/install/turtlebot3_example/share/turtlebot3_example/action/Turtlebot3.action
-- Up-to-date: /home/moutik/Downloads/turtlebot3-master/install/turtlebot3_example/share/turtlebot3_example/msg/Turtlebot3Action.msg
-- Up-to-date: /home/moutik/Downloads/turtlebot3-master/install/turtlebot3_example/share/turtlebot3_example/msg/Turtlebot3ActionGoal.msg
-- Up-to-date: /home/moutik/Downloads/turtlebot3-master/install/turtlebot3_example/share/turtlebot3_example/msg/Turtlebot3ActionResult.msg
-- Up-to-date: /home/moutik/Downloads/turtlebot3-master/install/turtlebot3_example/share/turtlebot3_example/msg/Turtlebot3ActionFeedback.msg
-- Up-to-date: /home/moutik/Downloads/turtlebot3-master/install/turtlebot3_example/share/turtlebot3_example/msg/Turtlebot3Goal.msg
-- Up-to-date: /home/moutik/Downloads/turtlebot3-master/install/turtlebot3_example/share/turtlebot3_example/msg/Turtlebot3Result.msg
-- Up-to-date: /home/moutik/Downloads/turtlebot3-master/install/turtlebot3_example/share/turtlebot3_example/msg/Turtlebot3Feedback.msg
-- Up-to-date: /home/moutik/Downloads/turtlebot3-master/install/turtlebot3_example/share/turtlebot3_example/cmake/turtlebot3_example-msg-paths.cmake
-- Up-to-date: /home/moutik/Downloads/turtlebot3-master/install/turtlebot3_example/include/turtlebot3_example
-- Up-to-date: /home/moutik/Downloads/turtlebot3-master/install/turtlebot3_example/include/turtlebot3_example/Turtlebot3Feedback.h
-- Up-to-date: /home/moutik/Downloads/turtlebot3-master/install/turtlebot3_example/include/turtlebot3_example/Turtlebot3ActionResult.h
-- Up-to-date: /home/moutik/Downloads/turtlebot3-master/install/turtlebot3_example/include/turtlebot3_example/Turtlebot3Goal.h
-- Up-to-date: /home/moutik/Downloads/turtlebot3-master/install/turtlebot3_example/include/turtlebot3_example/Turtlebot3Result.h
-- Up-to-date: /home/moutik/Downloads/turtlebot3-master/install/turtlebot3_example/include/turtlebot3_example/Turtlebot3ActionGoal.h
-- Up-to-date: /home/moutik/Downloads/turtlebot3-master/install/turtlebot3_example/include/turtlebot3_example/Turtlebot3ActionFeedback.h
-- Up-to-date: /home/moutik/Downloads/turtlebot3-master/install/turtlebot3_example/include/turtlebot3_example/Turtlebot3Action.h
-- Up-to-date: /home/moutik/Downloads/turtlebot3-master/install/turtlebot3_example/share/roseus/ros/turtlebot3_example
-- Up-to-date: /home/moutik/Downloads/turtlebot3-master/install/turtlebot3_example/share/roseus/ros/turtlebot3_example/msg
-- Up-to-date: /home/moutik/Downloads/turtlebot3-master/install/turtlebot3_example/share/roseus/ros/turtlebot3_example/msg/Turtlebot3Feedback.l
-- Up-to-date: /home/moutik/Downloads/turtlebot3-master/install/turtlebot3_example/share/roseus/ros/turtlebot3_example/msg/Turtlebot3Goal.l
-- Up-to-date: /home/moutik/Downloads/turtlebot3-master/install/turtlebot3_example/share/roseus/ros/turtlebot3_example/msg/Turtlebot3ActionGoal.l
-- Up-to-date: /home/moutik/Downloads/turtlebot3-master/install/turtlebot3_example/share/roseus/ros/turtlebot3_example/msg/Turtlebot3ActionResult.l
-- Up-to-date: /home/moutik/Downloads/turtlebot3-master/install/turtlebot3_example/share/roseus/ros/turtlebot3_example/msg/Turtlebot3ActionFeedback.l
-- Up-to-date: /home/moutik/Downloads/turtlebot3-master/install/turtlebot3_example/share/roseus/ros/turtlebot3_example/msg/Turtlebot3Action.l
-- Up-to-date: /home/moutik/Downloads/turtlebot3-master/install/turtlebot3_example/share/roseus/ros/turtlebot3_example/msg/Turtlebot3Result.l
-- Up-to-date: /home/moutik/Downloads/turtlebot3-master/install/turtlebot3_example/share/roseus/ros/turtlebot3_example/manifest.l
-- Up-to-date: /home/moutik/Downloads/turtlebot3-master/install/turtlebot3_example/share/common-lisp/ros/turtlebot3_example
-- Up-to-date: /home/moutik/Downloads/turtlebot3-master/install/turtlebot3_example/share/common-lisp/ros/turtlebot3_example/msg
-- Up-to-date: /home/moutik/Downloads/turtlebot3-master/install/turtlebot3_example/share/common-lisp/ros/turtlebot3_example/msg/Turtlebot3ActionGoal.lisp
-- Up-to-date: /home/moutik/Downloads/turtlebot3-master/install/turtlebot3_example/share/common-lisp/ros/turtlebot3_example/msg/Turtlebot3ActionResult.lisp
-- Up-to-date: /home/moutik/Downloads/turtlebot3-master/install/turtlebot3_example/share/common-lisp/ros/turtlebot3_example/msg/Turtlebot3Goal.lisp
-- Up-to-date: /home/moutik/Downloads/turtlebot3-master/install/turtlebot3_example/share/common-lisp/ros/turtlebot3_example/msg/Turtlebot3Feedback.lisp
-- Up-to-date: /home/moutik/Downloads/turtlebot3-master/install/turtlebot3_example/share/common-lisp/ros/turtlebot3_example/msg/turtlebot3_example-msg.asd
-- Up-to-date: /home/moutik/Downloads/turtlebot3-master/install/turtlebot3_example/share/common-lisp/ros/turtlebot3_example/msg/_package_Turtlebot3ActionResult.lisp
-- Up-to-date: /home/moutik/Downloads/turtlebot3-master/install/turtlebot3_example/share/common-lisp/ros/turtlebot3_example/msg/_package_Turtlebot3ActionGoal.lisp
-- Up-to-date: /home/moutik/Downloads/turtlebot3-master/install/turtlebot3_example/share/common-lisp/ros/turtlebot3_example/msg/Turtlebot3ActionFeedback.lisp
-- Up-to-date: /home/moutik/Downloads/turtlebot3-master/install/turtlebot3_example/share/common-lisp/ros/turtlebot3_example/msg/_package_Turtlebot3Result.lisp
-- Up-to-date: /home/moutik/Downloads/turtlebot3-master/install/turtlebot3_example/share/common-lisp/ros/turtlebot3_example/msg/_package_Turtlebot3Action.lisp
-- Up-to-date: /home/moutik/Downloads/turtlebot3-master/install/turtlebot3_example/share/common-lisp/ros/turtlebot3_example/msg/_package.lisp
-- Up-to-date: /home/moutik/Downloads/turtlebot3-master/install/turtlebot3_example/share/common-lisp/ros/turtlebot3_example/msg/_package_Turtlebot3Feedback.lisp
-- Up-to-date: /home/moutik/Downloads/turtlebot3-master/install/turtlebot3_example/share/common-lisp/ros/turtlebot3_example/msg/Turtlebot3Action.lisp
-- Up-to-date: /home/moutik/Downloads/turtlebot3-master/install/turtlebot3_example/share/common-lisp/ros/turtlebot3_example/msg/_package_Turtlebot3ActionFeedback.lisp
-- Up-to-date: /home/moutik/Downloads/turtlebot3-master/install/turtlebot3_example/share/common-lisp/ros/turtlebot3_example/msg/Turtlebot3Result.lisp
-- Up-to-date: /home/moutik/Downloads/turtlebot3-master/install/turtlebot3_example/share/common-lisp/ros/turtlebot3_example/msg/_package_Turtlebot3Goal.lisp
-- Up-to-date: /home/moutik/Downloads/turtlebot3-master/install/turtlebot3_example/share/gennodejs/ros/turtlebot3_example
-- Up-to-date: /home/moutik/Downloads/turtlebot3-master/install/turtlebot3_example/share/gennodejs/ros/turtlebot3_example/msg
-- Up-to-date: /home/moutik/Downloads/turtlebot3-master/install/turtlebot3_example/share/gennodejs/ros/turtlebot3_example/msg/Turtlebot3Feedback.js
-- Up-to-date: /home/moutik/Downloads/turtlebot3-master/install/turtlebot3_example/share/gennodejs/ros/turtlebot3_example/msg/Turtlebot3Goal.js
-- Up-to-date: /home/moutik/Downloads/turtlebot3-master/install/turtlebot3_example/share/gennodejs/ros/turtlebot3_example/msg/Turtlebot3ActionResult.js
-- Up-to-date: /home/moutik/Downloads/turtlebot3-master/install/turtlebot3_example/share/gennodejs/ros/turtlebot3_example/msg/Turtlebot3Action.js
-- Up-to-date: /home/moutik/Downloads/turtlebot3-master/install/turtlebot3_example/share/gennodejs/ros/turtlebot3_example/msg/_index.js
-- Up-to-date: /home/moutik/Downloads/turtlebot3-master/install/turtlebot3_example/share/gennodejs/ros/turtlebot3_example/msg/Turtlebot3Result.js
-- Up-to-date: /home/moutik/Downloads/turtlebot3-master/install/turtlebot3_example/share/gennodejs/ros/turtlebot3_example/msg/Turtlebot3ActionGoal.js
-- Up-to-date: /home/moutik/Downloads/turtlebot3-master/install/turtlebot3_example/share/gennodejs/ros/turtlebot3_example/msg/Turtlebot3ActionFeedback.js
-- Up-to-date: /home/moutik/Downloads/turtlebot3-master/install/turtlebot3_example/share/gennodejs/ros/turtlebot3_example/_index.js
Listing /home/moutik/Downloads/turtlebot3-master/build/turtlebot3_example/devel/lib/python2.7/dist-packages/turtlebot3_example ...
Listing /home/moutik/Downloads/turtlebot3-master/build/turtlebot3_example/devel/lib/python2.7/dist-packages/turtlebot3_example/msg ...
-- Up-to-date: /home/moutik/Downloads/turtlebot3-master/install/turtlebot3_example/lib/python2.7/dist-packages/turtlebot3_example
-- Up-to-date: /home/moutik/Downloads/turtlebot3-master/install/turtlebot3_example/lib/python2.7/dist-packages/turtlebot3_example/msg
-- Up-to-date: /home/moutik/Downloads/turtlebot3-master/install/turtlebot3_example/lib/python2.7/dist-packages/turtlebot3_example/msg/_Turtlebot3ActionGoal.py
-- Up-to-date: /home/moutik/Downloads/turtlebot3-master/install/turtlebot3_example/lib/python2.7/dist-packages/turtlebot3_example/msg/_Turtlebot3Action.pyc
-- Up-to-date: /home/moutik/Downloads/turtlebot3-master/install/turtlebot3_example/lib/python2.7/dist-packages/turtlebot3_example/msg/_Turtlebot3Action.py
-- Up-to-date: /home/moutik/Downloads/turtlebot3-master/install/turtlebot3_example/lib/python2.7/dist-packages/turtlebot3_example/msg/_Turtlebot3Feedback.pyc
-- Up-to-date: /home/moutik/Downloads/turtlebot3-master/install/turtlebot3_example/lib/python2.7/dist-packages/turtlebot3_example/msg/_Turtlebot3Goal.pyc
-- Up-to-date: /home/moutik/Downloads/turtlebot3-master/install/turtlebot3_example/lib/python2.7/dist-packages/turtlebot3_example/msg/_Turtlebot3ActionResult.pyc
-- Up-to-date: /home/moutik/Downloads/turtlebot3-master/install/turtlebot3_example/lib/python2.7/dist-packages/turtlebot3_example/msg/_Turtlebot3ActionGoal.pyc
-- Up-to-date: /home/moutik/Downloads/turtlebot3-master/install/turtlebot3_example/lib/python2.7/dist-packages/turtlebot3_example/msg/_Turtlebot3ActionResult.py
-- Up-to-date: /home/moutik/Downloads/turtlebot3-master/install/turtlebot3_example/lib/python2.7/dist-packages/turtlebot3_example/msg/_Turtlebot3Result.pyc
-- Up-to-date: /home/moutik/Downloads/turtlebot3-master/install/turtlebot3_example/lib/python2.7/dist-packages/turtlebot3_example/msg/_Turtlebot3ActionFeedback.py
-- Up-to-date: /home/moutik/Downloads/turtlebot3-master/install/turtlebot3_example/lib/python2.7/dist-packages/turtlebot3_example/msg/_Turtlebot3ActionFeedback.pyc
-- Up-to-date: /home/moutik/Downloads/turtlebot3-master/install/turtlebot3_example/lib/python2.7/dist-packages/turtlebot3_example/msg/_Turtlebot3Result.py
-- Up-to-date: /home/moutik/Downloads/turtlebot3-master/install/turtlebot3_example/lib/python2.7/dist-packages/turtlebot3_example/msg/_Turtlebot3Feedback.py
-- Up-to-date: /home/moutik/Downloads/turtlebot3-master/install/turtlebot3_example/lib/python2.7/dist-packages/turtlebot3_example/msg/_Turtlebot3Goal.py
-- Up-to-date: /home/moutik/Downloads/turtlebot3-master/install/turtlebot3_example/lib/python2.7/dist-packages/turtlebot3_example
-- Up-to-date: /home/moutik/Downloads/turtlebot3-master/install/turtlebot3_example/lib/python2.7/dist-packages/turtlebot3_example/msg
-- Up-to-date: /home/moutik/Downloads/turtlebot3-master/install/turtlebot3_example/lib/python2.7/dist-packages/turtlebot3_example/msg/__init__.pyc
-- Up-to-date: /home/moutik/Downloads/turtlebot3-master/install/turtlebot3_example/lib/python2.7/dist-packages/turtlebot3_example/msg/__init__.py
-- Up-to-date: /home/moutik/Downloads/turtlebot3-master/install/turtlebot3_example/lib/pkgconfig/turtlebot3_example.pc
-- Up-to-date: /home/moutik/Downloads/turtlebot3-master/install/turtlebot3_example/share/turtlebot3_example/cmake/turtlebot3_example-msg-extras.cmake
-- Up-to-date: /home/moutik/Downloads/turtlebot3-master/install/turtlebot3_example/share/turtlebot3_example/cmake/turtlebot3_exampleConfig.cmake
-- Up-to-date: /home/moutik/Downloads/turtlebot3-master/install/turtlebot3_example/share/turtlebot3_example/cmake/turtlebot3_exampleConfig-version.cmake
-- Up-to-date: /home/moutik/Downloads/turtlebot3-master/install/turtlebot3_example/share/turtlebot3_example/package.xml
-- Up-to-date: /home/moutik/Downloads/turtlebot3-master/install/turtlebot3_example/lib/turtlebot3_example/turtlebot3_obstacle
-- Up-to-date: /home/moutik/Downloads/turtlebot3-master/install/turtlebot3_example/lib/turtlebot3_example/turtlebot3_client
-- Up-to-date: /home/moutik/Downloads/turtlebot3-master/install/turtlebot3_example/lib/turtlebot3_example/turtlebot3_server
-- Up-to-date: /home/moutik/Downloads/turtlebot3-master/install/turtlebot3_example/lib/turtlebot3_example/turtlebot3_pointop_key
-- Up-to-date: /home/moutik/Downloads/turtlebot3-master/install/turtlebot3_example/lib/turtlebot3_example/turtlebot3_bumper
-- Up-to-date: /home/moutik/Downloads/turtlebot3-master/install/turtlebot3_example/lib/turtlebot3_example/turtlebot3_cliff
-- Up-to-date: /home/moutik/Downloads/turtlebot3-master/install/turtlebot3_example/lib/turtlebot3_example/turtlebot3_sonar
-- Up-to-date: /home/moutik/Downloads/turtlebot3-master/install/turtlebot3_example/lib/turtlebot3_example/turtlebot3_illumination
-- Up-to-date: /home/moutik/Downloads/turtlebot3-master/install/turtlebot3_example/lib/turtlebot3_example/turtlebot3_marker_server
-- Up-to-date: /home/moutik/Downloads/turtlebot3-master/install/turtlebot3_example/share/turtlebot3_example/launch
-- Up-to-date: /home/moutik/Downloads/turtlebot3-master/install/turtlebot3_example/share/turtlebot3_example/launch/turtlebot3_cliff.launch
-- Up-to-date: /home/moutik/Downloads/turtlebot3-master/install/turtlebot3_example/share/turtlebot3_example/launch/turtlebot3_obstacle.launch
-- Up-to-date: /home/moutik/Downloads/turtlebot3-master/install/turtlebot3_example/share/turtlebot3_example/launch/turtlebot3_pointop_key.launch
-- Up-to-date: /home/moutik/Downloads/turtlebot3-master/install/turtlebot3_example/share/turtlebot3_example/launch/turtlebot3_illumination.launch
-- Up-to-date: /home/moutik/Downloads/turtlebot3-master/install/turtlebot3_example/share/turtlebot3_example/launch/interactive_markers.launch
-- Up-to-date: /home/moutik/Downloads/turtlebot3-master/install/turtlebot3_example/share/turtlebot3_example/launch/turtlebot3_sonar.launch
-- Up-to-date: /home/moutik/Downloads/turtlebot3-master/install/turtlebot3_example/share/turtlebot3_example/launch/turtlebot3_bumper.launch
-- Up-to-date: /home/moutik/Downloads/turtlebot3-master/install/turtlebot3_example/share/turtlebot3_example/launch/turtlebot3_client.launch
-- Up-to-date: /home/moutik/Downloads/turtlebot3-master/install/turtlebot3_example/share/turtlebot3_example/rviz
-- Up-to-date: /home/moutik/Downloads/turtlebot3-master/install/turtlebot3_example/share/turtlebot3_example/rviz/turtlebot3_interactive.rviz
