[0.083s] Invoking command in '/home/moutik/Downloads/turtlebot3-master/build/turtlebot3_navigation': CMAKE_PREFIX_PATH=/home/moutik/Downloads/turtlebot3-master/install/turtlebot3_bringup:/home/moutik/Downloads/turtlebot3-master/install/turtlebot3_teleop:/home/moutik/Downloads/turtlebot3-master/install/turtlebot3_description:${CMAKE_PREFIX_PATH} PKG_CONFIG_PATH=/home/moutik/Downloads/turtlebot3-master/install/turtlebot3_bringup/lib/x86_64-linux-gnu/pkgconfig:/home/moutik/Downloads/turtlebot3-master/install/turtlebot3_bringup/lib/pkgconfig:/home/moutik/Downloads/turtlebot3-master/install/turtlebot3_teleop/lib/x86_64-linux-gnu/pkgconfig:/home/moutik/Downloads/turtlebot3-master/install/turtlebot3_teleop/lib/pkgconfig:/home/moutik/Downloads/turtlebot3-master/install/turtlebot3_description/lib/x86_64-linux-gnu/pkgconfig:/home/moutik/Downloads/turtlebot3-master/install/turtlebot3_description/lib/pkgconfig:${PKG_CONFIG_PATH} PYTHONPATH=/home/moutik/Downloads/turtlebot3-master/install/turtlebot3_teleop/lib/python2.7/dist-packages:${PYTHONPATH} ROS_PACKAGE_PATH=/home/moutik/Downloads/turtlebot3-master/install/turtlebot3_bringup/share:/home/moutik/Downloads/turtlebot3-master/install/turtlebot3_teleop/share:/home/moutik/Downloads/turtlebot3-master/install/turtlebot3_description/share:${ROS_PACKAGE_PATH} /usr/bin/cmake /home/moutik/Downloads/turtlebot3-master/turtlebot3_navigation -DCATKIN_INSTALL_INTO_PREFIX_ROOT=0 -DCMAKE_INSTALL_PREFIX=/home/moutik/Downloads/turtlebot3-master/install/turtlebot3_navigation
[0.347s] -- The C compiler identification is GNU 7.5.0
[0.466s] -- The CXX compiler identification is GNU 7.5.0
[0.477s] -- Check for working C compiler: /usr/bin/cc
[0.639s] -- Check for working C compiler: /usr/bin/cc -- works
[0.639s] -- Detecting C compiler ABI info
[0.782s] -- Detecting C compiler ABI info - done
[0.799s] -- Detecting C compile features
[1.259s] -- Detecting C compile features - done
[1.265s] -- Check for working CXX compiler: /usr/bin/c++
[1.460s] -- Check for working CXX compiler: /usr/bin/c++ -- works
[1.461s] -- Detecting CXX compiler ABI info
[1.642s] -- Detecting CXX compiler ABI info - done
[1.661s] -- Detecting CXX compile features
[2.436s] -- Detecting CXX compile features - done
[2.441s] -- Using CATKIN_DEVEL_PREFIX: /home/moutik/Downloads/turtlebot3-master/build/turtlebot3_navigation/devel
[2.441s] -- Using CMAKE_PREFIX_PATH: /home/moutik/Downloads/turtlebot3-master/install/turtlebot3_bringup;/home/moutik/Downloads/turtlebot3-master/install/turtlebot3_teleop;/home/moutik/Downloads/turtlebot3-master/install/turtlebot3_description;/opt/ros/melodic
[2.441s] -- This workspace overlays: /home/moutik/Downloads/turtlebot3-master/install/turtlebot3_bringup;/home/moutik/Downloads/turtlebot3-master/install/turtlebot3_teleop;/home/moutik/Downloads/turtlebot3-master/install/turtlebot3_description;/opt/ros/melodic
[2.488s] -- Found PythonInterp: /usr/bin/python2 (found suitable version "2.7.17", minimum required is "2") 
[2.488s] -- Using PYTHON_EXECUTABLE: /usr/bin/python2
[2.488s] -- Using Debian Python package layout
[2.488s] -- Using empy: /usr/bin/empy
[2.800s] -- Using CATKIN_ENABLE_TESTING: ON
[2.800s] -- Call enable_testing()
[2.808s] -- Using CATKIN_TEST_RESULTS_DIR: /home/moutik/Downloads/turtlebot3-master/build/turtlebot3_navigation/test_results
[2.845s] -- Found gtest sources under '/usr/src/googletest': gtests will be built
[2.845s] -- Found gmock sources under '/usr/src/googletest': gmock will be built
[2.876s] -- Found PythonInterp: /usr/bin/python2 (found version "2.7.17") 
[2.876s] -- Looking for pthread.h
[3.020s] -- Looking for pthread.h - found
[3.021s] -- Looking for pthread_create
[3.180s] -- Looking for pthread_create - not found
[3.180s] -- Looking for pthread_create in pthreads
[3.296s] -- Looking for pthread_create in pthreads - not found
[3.296s] -- Looking for pthread_create in pthread
[3.436s] -- Looking for pthread_create in pthread - found
[3.437s] -- Found Threads: TRUE  
[3.443s] -- Using Python nosetests: /usr/bin/nosetests-2.7
[3.539s] -- catkin 0.7.29
[3.539s] -- BUILD_SHARED_LIBS is on
[4.037s] -- Configuring done
[4.059s] -- Generating done
[4.062s] -- Build files have been written to: /home/moutik/Downloads/turtlebot3-master/build/turtlebot3_navigation
[4.068s] Invoked command in '/home/moutik/Downloads/turtlebot3-master/build/turtlebot3_navigation' returned '0': CMAKE_PREFIX_PATH=/home/moutik/Downloads/turtlebot3-master/install/turtlebot3_bringup:/home/moutik/Downloads/turtlebot3-master/install/turtlebot3_teleop:/home/moutik/Downloads/turtlebot3-master/install/turtlebot3_description:${CMAKE_PREFIX_PATH} PKG_CONFIG_PATH=/home/moutik/Downloads/turtlebot3-master/install/turtlebot3_bringup/lib/x86_64-linux-gnu/pkgconfig:/home/moutik/Downloads/turtlebot3-master/install/turtlebot3_bringup/lib/pkgconfig:/home/moutik/Downloads/turtlebot3-master/install/turtlebot3_teleop/lib/x86_64-linux-gnu/pkgconfig:/home/moutik/Downloads/turtlebot3-master/install/turtlebot3_teleop/lib/pkgconfig:/home/moutik/Downloads/turtlebot3-master/install/turtlebot3_description/lib/x86_64-linux-gnu/pkgconfig:/home/moutik/Downloads/turtlebot3-master/install/turtlebot3_description/lib/pkgconfig:${PKG_CONFIG_PATH} PYTHONPATH=/home/moutik/Downloads/turtlebot3-master/install/turtlebot3_teleop/lib/python2.7/dist-packages:${PYTHONPATH} ROS_PACKAGE_PATH=/home/moutik/Downloads/turtlebot3-master/install/turtlebot3_bringup/share:/home/moutik/Downloads/turtlebot3-master/install/turtlebot3_teleop/share:/home/moutik/Downloads/turtlebot3-master/install/turtlebot3_description/share:${ROS_PACKAGE_PATH} /usr/bin/cmake /home/moutik/Downloads/turtlebot3-master/turtlebot3_navigation -DCATKIN_INSTALL_INTO_PREFIX_ROOT=0 -DCMAKE_INSTALL_PREFIX=/home/moutik/Downloads/turtlebot3-master/install/turtlebot3_navigation
[4.073s] Invoking command in '/home/moutik/Downloads/turtlebot3-master/build/turtlebot3_navigation': CMAKE_PREFIX_PATH=/home/moutik/Downloads/turtlebot3-master/install/turtlebot3_bringup:/home/moutik/Downloads/turtlebot3-master/install/turtlebot3_teleop:/home/moutik/Downloads/turtlebot3-master/install/turtlebot3_description:${CMAKE_PREFIX_PATH} PKG_CONFIG_PATH=/home/moutik/Downloads/turtlebot3-master/install/turtlebot3_bringup/lib/x86_64-linux-gnu/pkgconfig:/home/moutik/Downloads/turtlebot3-master/install/turtlebot3_bringup/lib/pkgconfig:/home/moutik/Downloads/turtlebot3-master/install/turtlebot3_teleop/lib/x86_64-linux-gnu/pkgconfig:/home/moutik/Downloads/turtlebot3-master/install/turtlebot3_teleop/lib/pkgconfig:/home/moutik/Downloads/turtlebot3-master/install/turtlebot3_description/lib/x86_64-linux-gnu/pkgconfig:/home/moutik/Downloads/turtlebot3-master/install/turtlebot3_description/lib/pkgconfig:${PKG_CONFIG_PATH} PYTHONPATH=/home/moutik/Downloads/turtlebot3-master/install/turtlebot3_teleop/lib/python2.7/dist-packages:${PYTHONPATH} ROS_PACKAGE_PATH=/home/moutik/Downloads/turtlebot3-master/install/turtlebot3_bringup/share:/home/moutik/Downloads/turtlebot3-master/install/turtlebot3_teleop/share:/home/moutik/Downloads/turtlebot3-master/install/turtlebot3_description/share:${ROS_PACKAGE_PATH} /usr/bin/cmake --build /home/moutik/Downloads/turtlebot3-master/build/turtlebot3_navigation -- -j2 -l2
[4.166s] Invoked command in '/home/moutik/Downloads/turtlebot3-master/build/turtlebot3_navigation' returned '0': CMAKE_PREFIX_PATH=/home/moutik/Downloads/turtlebot3-master/install/turtlebot3_bringup:/home/moutik/Downloads/turtlebot3-master/install/turtlebot3_teleop:/home/moutik/Downloads/turtlebot3-master/install/turtlebot3_description:${CMAKE_PREFIX_PATH} PKG_CONFIG_PATH=/home/moutik/Downloads/turtlebot3-master/install/turtlebot3_bringup/lib/x86_64-linux-gnu/pkgconfig:/home/moutik/Downloads/turtlebot3-master/install/turtlebot3_bringup/lib/pkgconfig:/home/moutik/Downloads/turtlebot3-master/install/turtlebot3_teleop/lib/x86_64-linux-gnu/pkgconfig:/home/moutik/Downloads/turtlebot3-master/install/turtlebot3_teleop/lib/pkgconfig:/home/moutik/Downloads/turtlebot3-master/install/turtlebot3_description/lib/x86_64-linux-gnu/pkgconfig:/home/moutik/Downloads/turtlebot3-master/install/turtlebot3_description/lib/pkgconfig:${PKG_CONFIG_PATH} PYTHONPATH=/home/moutik/Downloads/turtlebot3-master/install/turtlebot3_teleop/lib/python2.7/dist-packages:${PYTHONPATH} ROS_PACKAGE_PATH=/home/moutik/Downloads/turtlebot3-master/install/turtlebot3_bringup/share:/home/moutik/Downloads/turtlebot3-master/install/turtlebot3_teleop/share:/home/moutik/Downloads/turtlebot3-master/install/turtlebot3_description/share:${ROS_PACKAGE_PATH} /usr/bin/cmake --build /home/moutik/Downloads/turtlebot3-master/build/turtlebot3_navigation -- -j2 -l2
[4.252s] Invoking command in '/home/moutik/Downloads/turtlebot3-master/build/turtlebot3_navigation': CMAKE_PREFIX_PATH=/home/moutik/Downloads/turtlebot3-master/install/turtlebot3_bringup:/home/moutik/Downloads/turtlebot3-master/install/turtlebot3_teleop:/home/moutik/Downloads/turtlebot3-master/install/turtlebot3_description:${CMAKE_PREFIX_PATH} PKG_CONFIG_PATH=/home/moutik/Downloads/turtlebot3-master/install/turtlebot3_bringup/lib/x86_64-linux-gnu/pkgconfig:/home/moutik/Downloads/turtlebot3-master/install/turtlebot3_bringup/lib/pkgconfig:/home/moutik/Downloads/turtlebot3-master/install/turtlebot3_teleop/lib/x86_64-linux-gnu/pkgconfig:/home/moutik/Downloads/turtlebot3-master/install/turtlebot3_teleop/lib/pkgconfig:/home/moutik/Downloads/turtlebot3-master/install/turtlebot3_description/lib/x86_64-linux-gnu/pkgconfig:/home/moutik/Downloads/turtlebot3-master/install/turtlebot3_description/lib/pkgconfig:${PKG_CONFIG_PATH} PYTHONPATH=/home/moutik/Downloads/turtlebot3-master/install/turtlebot3_teleop/lib/python2.7/dist-packages:${PYTHONPATH} ROS_PACKAGE_PATH=/home/moutik/Downloads/turtlebot3-master/install/turtlebot3_bringup/share:/home/moutik/Downloads/turtlebot3-master/install/turtlebot3_teleop/share:/home/moutik/Downloads/turtlebot3-master/install/turtlebot3_description/share:${ROS_PACKAGE_PATH} /usr/bin/cmake --build /home/moutik/Downloads/turtlebot3-master/build/turtlebot3_navigation --target tests -- -j2 -l2
[4.363s] [35m[1mScanning dependencies of target tests[0m
[4.393s] Built target tests
[4.419s] Invoked command in '/home/moutik/Downloads/turtlebot3-master/build/turtlebot3_navigation' returned '0': CMAKE_PREFIX_PATH=/home/moutik/Downloads/turtlebot3-master/install/turtlebot3_bringup:/home/moutik/Downloads/turtlebot3-master/install/turtlebot3_teleop:/home/moutik/Downloads/turtlebot3-master/install/turtlebot3_description:${CMAKE_PREFIX_PATH} PKG_CONFIG_PATH=/home/moutik/Downloads/turtlebot3-master/install/turtlebot3_bringup/lib/x86_64-linux-gnu/pkgconfig:/home/moutik/Downloads/turtlebot3-master/install/turtlebot3_bringup/lib/pkgconfig:/home/moutik/Downloads/turtlebot3-master/install/turtlebot3_teleop/lib/x86_64-linux-gnu/pkgconfig:/home/moutik/Downloads/turtlebot3-master/install/turtlebot3_teleop/lib/pkgconfig:/home/moutik/Downloads/turtlebot3-master/install/turtlebot3_description/lib/x86_64-linux-gnu/pkgconfig:/home/moutik/Downloads/turtlebot3-master/install/turtlebot3_description/lib/pkgconfig:${PKG_CONFIG_PATH} PYTHONPATH=/home/moutik/Downloads/turtlebot3-master/install/turtlebot3_teleop/lib/python2.7/dist-packages:${PYTHONPATH} ROS_PACKAGE_PATH=/home/moutik/Downloads/turtlebot3-master/install/turtlebot3_bringup/share:/home/moutik/Downloads/turtlebot3-master/install/turtlebot3_teleop/share:/home/moutik/Downloads/turtlebot3-master/install/turtlebot3_description/share:${ROS_PACKAGE_PATH} /usr/bin/cmake --build /home/moutik/Downloads/turtlebot3-master/build/turtlebot3_navigation --target tests -- -j2 -l2
[4.506s] Invoking command in '/home/moutik/Downloads/turtlebot3-master/build/turtlebot3_navigation': CMAKE_PREFIX_PATH=/home/moutik/Downloads/turtlebot3-master/install/turtlebot3_bringup:/home/moutik/Downloads/turtlebot3-master/install/turtlebot3_teleop:/home/moutik/Downloads/turtlebot3-master/install/turtlebot3_description:${CMAKE_PREFIX_PATH} PKG_CONFIG_PATH=/home/moutik/Downloads/turtlebot3-master/install/turtlebot3_bringup/lib/x86_64-linux-gnu/pkgconfig:/home/moutik/Downloads/turtlebot3-master/install/turtlebot3_bringup/lib/pkgconfig:/home/moutik/Downloads/turtlebot3-master/install/turtlebot3_teleop/lib/x86_64-linux-gnu/pkgconfig:/home/moutik/Downloads/turtlebot3-master/install/turtlebot3_teleop/lib/pkgconfig:/home/moutik/Downloads/turtlebot3-master/install/turtlebot3_description/lib/x86_64-linux-gnu/pkgconfig:/home/moutik/Downloads/turtlebot3-master/install/turtlebot3_description/lib/pkgconfig:${PKG_CONFIG_PATH} PYTHONPATH=/home/moutik/Downloads/turtlebot3-master/install/turtlebot3_teleop/lib/python2.7/dist-packages:${PYTHONPATH} ROS_PACKAGE_PATH=/home/moutik/Downloads/turtlebot3-master/install/turtlebot3_bringup/share:/home/moutik/Downloads/turtlebot3-master/install/turtlebot3_teleop/share:/home/moutik/Downloads/turtlebot3-master/install/turtlebot3_description/share:${ROS_PACKAGE_PATH} /usr/bin/cmake --build /home/moutik/Downloads/turtlebot3-master/build/turtlebot3_navigation --target install -- -j2 -l2
[4.615s] [36mInstall the project...[0m
[4.635s] -- Install configuration: ""
[4.635s] -- Installing: /home/moutik/Downloads/turtlebot3-master/install/turtlebot3_navigation/lib/pkgconfig/turtlebot3_navigation.pc
[4.636s] -- Installing: /home/moutik/Downloads/turtlebot3-master/install/turtlebot3_navigation/share/turtlebot3_navigation/cmake/turtlebot3_navigationConfig.cmake
[4.636s] -- Installing: /home/moutik/Downloads/turtlebot3-master/install/turtlebot3_navigation/share/turtlebot3_navigation/cmake/turtlebot3_navigationConfig-version.cmake
[4.636s] -- Installing: /home/moutik/Downloads/turtlebot3-master/install/turtlebot3_navigation/share/turtlebot3_navigation/package.xml
[4.636s] -- Installing: /home/moutik/Downloads/turtlebot3-master/install/turtlebot3_navigation/share/turtlebot3_navigation/launch
[4.638s] -- Installing: /home/moutik/Downloads/turtlebot3-master/install/turtlebot3_navigation/share/turtlebot3_navigation/launch/amcl.launch
[4.639s] -- Installing: /home/moutik/Downloads/turtlebot3-master/install/turtlebot3_navigation/share/turtlebot3_navigation/launch/turtlebot3_navigation.launch
[4.639s] -- Installing: /home/moutik/Downloads/turtlebot3-master/install/turtlebot3_navigation/share/turtlebot3_navigation/launch/move_base.launch
[4.641s] -- Installing: /home/moutik/Downloads/turtlebot3-master/install/turtlebot3_navigation/share/turtlebot3_navigation/maps
[4.641s] -- Installing: /home/moutik/Downloads/turtlebot3-master/install/turtlebot3_navigation/share/turtlebot3_navigation/maps/map.pgm
[4.644s] -- Installing: /home/moutik/Downloads/turtlebot3-master/install/turtlebot3_navigation/share/turtlebot3_navigation/maps/map.yaml
[4.645s] -- Installing: /home/moutik/Downloads/turtlebot3-master/install/turtlebot3_navigation/share/turtlebot3_navigation/param
[4.646s] -- Installing: /home/moutik/Downloads/turtlebot3-master/install/turtlebot3_navigation/share/turtlebot3_navigation/param/dwa_local_planner_params_waffle_pi.yaml
[4.647s] -- Installing: /home/moutik/Downloads/turtlebot3-master/install/turtlebot3_navigation/share/turtlebot3_navigation/param/dwa_local_planner_params_waffle.yaml
[4.648s] -- Installing: /home/moutik/Downloads/turtlebot3-master/install/turtlebot3_navigation/share/turtlebot3_navigation/param/dwa_local_planner_params_burger.yaml
[4.649s] -- Installing: /home/moutik/Downloads/turtlebot3-master/install/turtlebot3_navigation/share/turtlebot3_navigation/param/base_local_planner_params.yaml
[4.649s] -- Installing: /home/moutik/Downloads/turtlebot3-master/install/turtlebot3_navigation/share/turtlebot3_navigation/param/move_base_params.yaml
[4.650s] -- Installing: /home/moutik/Downloads/turtlebot3-master/install/turtlebot3_navigation/share/turtlebot3_navigation/param/local_costmap_params.yaml
[4.651s] -- Installing: /home/moutik/Downloads/turtlebot3-master/install/turtlebot3_navigation/share/turtlebot3_navigation/param/costmap_common_params_burger.yaml
[4.652s] -- Installing: /home/moutik/Downloads/turtlebot3-master/install/turtlebot3_navigation/share/turtlebot3_navigation/param/global_costmap_params.yaml
[4.653s] -- Installing: /home/moutik/Downloads/turtlebot3-master/install/turtlebot3_navigation/share/turtlebot3_navigation/param/costmap_common_params_waffle.yaml
[4.654s] -- Installing: /home/moutik/Downloads/turtlebot3-master/install/turtlebot3_navigation/share/turtlebot3_navigation/param/costmap_common_params_waffle_pi.yaml
[4.655s] -- Installing: /home/moutik/Downloads/turtlebot3-master/install/turtlebot3_navigation/share/turtlebot3_navigation/rviz
[4.658s] -- Installing: /home/moutik/Downloads/turtlebot3-master/install/turtlebot3_navigation/share/turtlebot3_navigation/rviz/turtlebot3_navigation.rviz
[4.664s] Invoked command in '/home/moutik/Downloads/turtlebot3-master/build/turtlebot3_navigation' returned '0': CMAKE_PREFIX_PATH=/home/moutik/Downloads/turtlebot3-master/install/turtlebot3_bringup:/home/moutik/Downloads/turtlebot3-master/install/turtlebot3_teleop:/home/moutik/Downloads/turtlebot3-master/install/turtlebot3_description:${CMAKE_PREFIX_PATH} PKG_CONFIG_PATH=/home/moutik/Downloads/turtlebot3-master/install/turtlebot3_bringup/lib/x86_64-linux-gnu/pkgconfig:/home/moutik/Downloads/turtlebot3-master/install/turtlebot3_bringup/lib/pkgconfig:/home/moutik/Downloads/turtlebot3-master/install/turtlebot3_teleop/lib/x86_64-linux-gnu/pkgconfig:/home/moutik/Downloads/turtlebot3-master/install/turtlebot3_teleop/lib/pkgconfig:/home/moutik/Downloads/turtlebot3-master/install/turtlebot3_description/lib/x86_64-linux-gnu/pkgconfig:/home/moutik/Downloads/turtlebot3-master/install/turtlebot3_description/lib/pkgconfig:${PKG_CONFIG_PATH} PYTHONPATH=/home/moutik/Downloads/turtlebot3-master/install/turtlebot3_teleop/lib/python2.7/dist-packages:${PYTHONPATH} ROS_PACKAGE_PATH=/home/moutik/Downloads/turtlebot3-master/install/turtlebot3_bringup/share:/home/moutik/Downloads/turtlebot3-master/install/turtlebot3_teleop/share:/home/moutik/Downloads/turtlebot3-master/install/turtlebot3_description/share:${ROS_PACKAGE_PATH} /usr/bin/cmake --build /home/moutik/Downloads/turtlebot3-master/build/turtlebot3_navigation --target install -- -j2 -l2
