Built target turtlebot3_description_xacro_generated_to_devel_space_
Built target tests
Built target turtlebot3_description_xacro_generated_to_devel_space_
[36mInstall the project...[0m
-- Install configuration: ""
-- Up-to-date: /home/moutik/Downloads/turtlebot3-master/install/turtlebot3_description/lib/pkgconfig/turtlebot3_description.pc
-- Up-to-date: /home/moutik/Downloads/turtlebot3-master/install/turtlebot3_description/share/turtlebot3_description/cmake/turtlebot3_descriptionConfig.cmake
-- Up-to-date: /home/moutik/Downloads/turtlebot3-master/install/turtlebot3_description/share/turtlebot3_description/cmake/turtlebot3_descriptionConfig-version.cmake
-- Up-to-date: /home/moutik/Downloads/turtlebot3-master/install/turtlebot3_description/share/turtlebot3_description/package.xml
-- Up-to-date: /home/moutik/Downloads/turtlebot3-master/install/turtlebot3_description/share/turtlebot3_description/meshes
-- Up-to-date: /home/moutik/Downloads/turtlebot3-master/install/turtlebot3_description/share/turtlebot3_description/meshes/wheels
-- Up-to-date: /home/moutik/Downloads/turtlebot3-master/install/turtlebot3_description/share/turtlebot3_description/meshes/wheels/right_tire.stl
-- Up-to-date: /home/moutik/Downloads/turtlebot3-master/install/turtlebot3_description/share/turtlebot3_description/meshes/wheels/left_tire.stl
-- Up-to-date: /home/moutik/Downloads/turtlebot3-master/install/turtlebot3_description/share/turtlebot3_description/meshes/bases
-- Up-to-date: /home/moutik/Downloads/turtlebot3-master/install/turtlebot3_description/share/turtlebot3_description/meshes/bases/waffle_base_for_open_manipulator.stl
-- Up-to-date: /home/moutik/Downloads/turtlebot3-master/install/turtlebot3_description/share/turtlebot3_description/meshes/bases/burger_base.stl
-- Up-to-date: /home/moutik/Downloads/turtlebot3-master/install/turtlebot3_description/share/turtlebot3_description/meshes/bases/waffle_pi_base.stl
-- Up-to-date: /home/moutik/Downloads/turtlebot3-master/install/turtlebot3_description/share/turtlebot3_description/meshes/bases/waffle_base.stl
-- Up-to-date: /home/moutik/Downloads/turtlebot3-master/install/turtlebot3_description/share/turtlebot3_description/meshes/bases/waffle_pi_base_for_open_manipulator.stl
-- Up-to-date: /home/moutik/Downloads/turtlebot3-master/install/turtlebot3_description/share/turtlebot3_description/meshes/sensors
-- Up-to-date: /home/moutik/Downloads/turtlebot3-master/install/turtlebot3_description/share/turtlebot3_description/meshes/sensors/r200.jpg
-- Up-to-date: /home/moutik/Downloads/turtlebot3-master/install/turtlebot3_description/share/turtlebot3_description/meshes/sensors/astra.dae
-- Up-to-date: /home/moutik/Downloads/turtlebot3-master/install/turtlebot3_description/share/turtlebot3_description/meshes/sensors/astra.jpg
-- Up-to-date: /home/moutik/Downloads/turtlebot3-master/install/turtlebot3_description/share/turtlebot3_description/meshes/sensors/lds.stl
-- Up-to-date: /home/moutik/Downloads/turtlebot3-master/install/turtlebot3_description/share/turtlebot3_description/meshes/sensors/r200.dae
-- Up-to-date: /home/moutik/Downloads/turtlebot3-master/install/turtlebot3_description/share/turtlebot3_description/rviz
-- Up-to-date: /home/moutik/Downloads/turtlebot3-master/install/turtlebot3_description/share/turtlebot3_description/rviz/burger.rviz
-- Up-to-date: /home/moutik/Downloads/turtlebot3-master/install/turtlebot3_description/share/turtlebot3_description/rviz/waffle_pi.rviz
-- Up-to-date: /home/moutik/Downloads/turtlebot3-master/install/turtlebot3_description/share/turtlebot3_description/urdf
-- Up-to-date: /home/moutik/Downloads/turtlebot3-master/install/turtlebot3_description/share/turtlebot3_description/urdf/turtlebot3_waffle.gazebo.xacro
-- Up-to-date: /home/moutik/Downloads/turtlebot3-master/install/turtlebot3_description/share/turtlebot3_description/urdf/turtlebot3_waffle_pi.urdf.xacro
-- Up-to-date: /home/moutik/Downloads/turtlebot3-master/install/turtlebot3_description/share/turtlebot3_description/urdf/turtlebot3_waffle_pi_for_open_manipulator.urdf.xacro
-- Up-to-date: /home/moutik/Downloads/turtlebot3-master/install/turtlebot3_description/share/turtlebot3_description/urdf/common_properties.xacro
-- Up-to-date: /home/moutik/Downloads/turtlebot3-master/install/turtlebot3_description/share/turtlebot3_description/urdf/turtlebot3_burger_for_autorace_2020.urdf.xacro
-- Up-to-date: /home/moutik/Downloads/turtlebot3-master/install/turtlebot3_description/share/turtlebot3_description/urdf/turtlebot3_burger_for_autorace_2020.gazebo.xacro
-- Up-to-date: /home/moutik/Downloads/turtlebot3-master/install/turtlebot3_description/share/turtlebot3_description/urdf/turtlebot3_waffle_pi.gazebo.xacro
-- Up-to-date: /home/moutik/Downloads/turtlebot3-master/install/turtlebot3_description/share/turtlebot3_description/urdf/turtlebot3_waffle.urdf.xacro
-- Up-to-date: /home/moutik/Downloads/turtlebot3-master/install/turtlebot3_description/share/turtlebot3_description/urdf/turtlebot3_waffle_pi_for_open_manipulator.gazebo.xacro
-- Up-to-date: /home/moutik/Downloads/turtlebot3-master/install/turtlebot3_description/share/turtlebot3_description/urdf/turtlebot3_burger_for_autorace.gazebo.xacro
-- Up-to-date: /home/moutik/Downloads/turtlebot3-master/install/turtlebot3_description/share/turtlebot3_description/urdf/turtlebot3_burger.urdf.xacro
-- Up-to-date: /home/moutik/Downloads/turtlebot3-master/install/turtlebot3_description/share/turtlebot3_description/urdf/turtlebot3_burger_for_autorace.urdf.xacro
-- Up-to-date: /home/moutik/Downloads/turtlebot3-master/install/turtlebot3_description/share/turtlebot3_description/urdf/turtlebot3_waffle_for_open_manipulator.urdf.xacro
-- Up-to-date: /home/moutik/Downloads/turtlebot3-master/install/turtlebot3_description/share/turtlebot3_description/urdf/turtlebot3_burger.gazebo.xacro
