[0.112s] Invoking command in '/home/moutik/Downloads/turtlebot3-master/build/turtlebot3_description': /usr/bin/cmake /home/moutik/Downloads/turtlebot3-master/turtlebot3_description -DCATKIN_INSTALL_INTO_PREFIX_ROOT=0 -DCMAKE_INSTALL_PREFIX=/home/moutik/Downloads/turtlebot3-master/install/turtlebot3_description
[0.345s] -- The C compiler identification is GNU 7.5.0
[0.467s] -- The CXX compiler identification is GNU 7.5.0
[0.477s] -- Check for working C compiler: /usr/bin/cc
[0.642s] -- Check for working C compiler: /usr/bin/cc -- works
[0.642s] -- Detecting C compiler ABI info
[0.787s] -- Detecting C compiler ABI info - done
[0.817s] -- Detecting C compile features
[1.224s] -- Detecting C compile features - done
[1.228s] -- Check for working CXX compiler: /usr/bin/c++
[1.362s] -- Check for working CXX compiler: /usr/bin/c++ -- works
[1.363s] -- Detecting CXX compiler ABI info
[1.515s] -- Detecting CXX compiler ABI info - done
[1.535s] -- Detecting CXX compile features
[2.181s] -- Detecting CXX compile features - done
[2.184s] -- Using CATKIN_DEVEL_PREFIX: /home/moutik/Downloads/turtlebot3-master/build/turtlebot3_description/devel
[2.184s] -- Using CMAKE_PREFIX_PATH: /opt/ros/melodic
[2.184s] -- This workspace overlays: /opt/ros/melodic
[2.210s] -- Found PythonInterp: /usr/bin/python2 (found suitable version "2.7.17", minimum required is "2") 
[2.210s] -- Using PYTHON_EXECUTABLE: /usr/bin/python2
[2.210s] -- Using Debian Python package layout
[2.211s] -- Using empy: /usr/bin/empy
[2.489s] -- Using CATKIN_ENABLE_TESTING: ON
[2.489s] -- Call enable_testing()
[2.493s] -- Using CATKIN_TEST_RESULTS_DIR: /home/moutik/Downloads/turtlebot3-master/build/turtlebot3_description/test_results
[2.525s] -- Found gtest sources under '/usr/src/googletest': gtests will be built
[2.525s] -- Found gmock sources under '/usr/src/googletest': gmock will be built
[2.553s] -- Found PythonInterp: /usr/bin/python2 (found version "2.7.17") 
[2.555s] -- Looking for pthread.h
[2.686s] -- Looking for pthread.h - found
[2.687s] -- Looking for pthread_create
[2.840s] -- Looking for pthread_create - not found
[2.841s] -- Looking for pthread_create in pthreads
[2.973s] -- Looking for pthread_create in pthreads - not found
[2.973s] -- Looking for pthread_create in pthread
[3.110s] -- Looking for pthread_create in pthread - found
[3.112s] -- Found Threads: TRUE  
[3.117s] -- Using Python nosetests: /usr/bin/nosetests-2.7
[3.192s] -- catkin 0.7.29
[3.192s] -- BUILD_SHARED_LIBS is on
[4.013s] -- Configuring done
[4.043s] -- Generating done
[4.052s] -- Build files have been written to: /home/moutik/Downloads/turtlebot3-master/build/turtlebot3_description
[4.060s] Invoked command in '/home/moutik/Downloads/turtlebot3-master/build/turtlebot3_description' returned '0': /usr/bin/cmake /home/moutik/Downloads/turtlebot3-master/turtlebot3_description -DCATKIN_INSTALL_INTO_PREFIX_ROOT=0 -DCMAKE_INSTALL_PREFIX=/home/moutik/Downloads/turtlebot3-master/install/turtlebot3_description
[4.068s] Invoking command in '/home/moutik/Downloads/turtlebot3-master/build/turtlebot3_description': /usr/bin/cmake --build /home/moutik/Downloads/turtlebot3-master/build/turtlebot3_description -- -j2 -l2
[4.174s] [35m[1mScanning dependencies of target turtlebot3_description_xacro_generated_to_devel_space_[0m
[4.197s] Built target turtlebot3_description_xacro_generated_to_devel_space_
[4.216s] Invoked command in '/home/moutik/Downloads/turtlebot3-master/build/turtlebot3_description' returned '0': /usr/bin/cmake --build /home/moutik/Downloads/turtlebot3-master/build/turtlebot3_description -- -j2 -l2
[4.348s] Invoking command in '/home/moutik/Downloads/turtlebot3-master/build/turtlebot3_description': /usr/bin/cmake --build /home/moutik/Downloads/turtlebot3-master/build/turtlebot3_description --target tests -- -j2 -l2
[4.454s] [35m[1mScanning dependencies of target tests[0m
[4.476s] Built target tests
[4.497s] Invoked command in '/home/moutik/Downloads/turtlebot3-master/build/turtlebot3_description' returned '0': /usr/bin/cmake --build /home/moutik/Downloads/turtlebot3-master/build/turtlebot3_description --target tests -- -j2 -l2
[4.655s] Invoking command in '/home/moutik/Downloads/turtlebot3-master/build/turtlebot3_description': /usr/bin/cmake --build /home/moutik/Downloads/turtlebot3-master/build/turtlebot3_description --target install -- -j2 -l2
[4.775s] Built target turtlebot3_description_xacro_generated_to_devel_space_
[4.820s] [36mInstall the project...[0m
[4.838s] -- Install configuration: ""
[4.838s] -- Installing: /home/moutik/Downloads/turtlebot3-master/install/turtlebot3_description/lib/pkgconfig/turtlebot3_description.pc
[4.838s] -- Installing: /home/moutik/Downloads/turtlebot3-master/install/turtlebot3_description/share/turtlebot3_description/cmake/turtlebot3_descriptionConfig.cmake
[4.838s] -- Installing: /home/moutik/Downloads/turtlebot3-master/install/turtlebot3_description/share/turtlebot3_description/cmake/turtlebot3_descriptionConfig-version.cmake
[4.839s] -- Installing: /home/moutik/Downloads/turtlebot3-master/install/turtlebot3_description/share/turtlebot3_description/package.xml
[4.839s] -- Installing: /home/moutik/Downloads/turtlebot3-master/install/turtlebot3_description/share/turtlebot3_description/meshes
[4.839s] -- Installing: /home/moutik/Downloads/turtlebot3-master/install/turtlebot3_description/share/turtlebot3_description/meshes/wheels
[4.839s] -- Installing: /home/moutik/Downloads/turtlebot3-master/install/turtlebot3_description/share/turtlebot3_description/meshes/wheels/right_tire.stl
[4.847s] -- Installing: /home/moutik/Downloads/turtlebot3-master/install/turtlebot3_description/share/turtlebot3_description/meshes/wheels/left_tire.stl
[4.849s] -- Installing: /home/moutik/Downloads/turtlebot3-master/install/turtlebot3_description/share/turtlebot3_description/meshes/bases
[4.849s] -- Installing: /home/moutik/Downloads/turtlebot3-master/install/turtlebot3_description/share/turtlebot3_description/meshes/bases/waffle_base_for_open_manipulator.stl
[4.858s] -- Installing: /home/moutik/Downloads/turtlebot3-master/install/turtlebot3_description/share/turtlebot3_description/meshes/bases/burger_base.stl
[4.861s] -- Installing: /home/moutik/Downloads/turtlebot3-master/install/turtlebot3_description/share/turtlebot3_description/meshes/bases/waffle_pi_base.stl
[4.873s] -- Installing: /home/moutik/Downloads/turtlebot3-master/install/turtlebot3_description/share/turtlebot3_description/meshes/bases/waffle_base.stl
[4.885s] -- Installing: /home/moutik/Downloads/turtlebot3-master/install/turtlebot3_description/share/turtlebot3_description/meshes/bases/waffle_pi_base_for_open_manipulator.stl
[4.892s] -- Installing: /home/moutik/Downloads/turtlebot3-master/install/turtlebot3_description/share/turtlebot3_description/meshes/sensors
[4.893s] -- Installing: /home/moutik/Downloads/turtlebot3-master/install/turtlebot3_description/share/turtlebot3_description/meshes/sensors/r200.jpg
[4.893s] -- Installing: /home/moutik/Downloads/turtlebot3-master/install/turtlebot3_description/share/turtlebot3_description/meshes/sensors/astra.dae
[4.984s] -- Installing: /home/moutik/Downloads/turtlebot3-master/install/turtlebot3_description/share/turtlebot3_description/meshes/sensors/astra.jpg
[4.987s] -- Installing: /home/moutik/Downloads/turtlebot3-master/install/turtlebot3_description/share/turtlebot3_description/meshes/sensors/lds.stl
[4.987s] -- Installing: /home/moutik/Downloads/turtlebot3-master/install/turtlebot3_description/share/turtlebot3_description/meshes/sensors/r200.dae
[4.988s] -- Installing: /home/moutik/Downloads/turtlebot3-master/install/turtlebot3_description/share/turtlebot3_description/rviz
[4.988s] -- Installing: /home/moutik/Downloads/turtlebot3-master/install/turtlebot3_description/share/turtlebot3_description/rviz/burger.rviz
[4.988s] -- Installing: /home/moutik/Downloads/turtlebot3-master/install/turtlebot3_description/share/turtlebot3_description/rviz/waffle_pi.rviz
[4.988s] -- Installing: /home/moutik/Downloads/turtlebot3-master/install/turtlebot3_description/share/turtlebot3_description/urdf
[4.988s] -- Installing: /home/moutik/Downloads/turtlebot3-master/install/turtlebot3_description/share/turtlebot3_description/urdf/turtlebot3_waffle.gazebo.xacro
[4.988s] -- Installing: /home/moutik/Downloads/turtlebot3-master/install/turtlebot3_description/share/turtlebot3_description/urdf/turtlebot3_waffle_pi.urdf.xacro
[4.988s] -- Installing: /home/moutik/Downloads/turtlebot3-master/install/turtlebot3_description/share/turtlebot3_description/urdf/turtlebot3_waffle_pi_for_open_manipulator.urdf.xacro
[4.989s] -- Installing: /home/moutik/Downloads/turtlebot3-master/install/turtlebot3_description/share/turtlebot3_description/urdf/common_properties.xacro
[4.989s] -- Installing: /home/moutik/Downloads/turtlebot3-master/install/turtlebot3_description/share/turtlebot3_description/urdf/turtlebot3_burger_for_autorace_2020.urdf.xacro
[4.989s] -- Installing: /home/moutik/Downloads/turtlebot3-master/install/turtlebot3_description/share/turtlebot3_description/urdf/turtlebot3_burger_for_autorace_2020.gazebo.xacro
[4.989s] -- Installing: /home/moutik/Downloads/turtlebot3-master/install/turtlebot3_description/share/turtlebot3_description/urdf/turtlebot3_waffle_pi.gazebo.xacro
[4.989s] -- Installing: /home/moutik/Downloads/turtlebot3-master/install/turtlebot3_description/share/turtlebot3_description/urdf/turtlebot3_waffle.urdf.xacro
[4.989s] -- Installing: /home/moutik/Downloads/turtlebot3-master/install/turtlebot3_description/share/turtlebot3_description/urdf/turtlebot3_waffle_pi_for_open_manipulator.gazebo.xacro
[4.989s] -- Installing: /home/moutik/Downloads/turtlebot3-master/install/turtlebot3_description/share/turtlebot3_description/urdf/turtlebot3_burger_for_autorace.gazebo.xacro
[4.989s] -- Installing: /home/moutik/Downloads/turtlebot3-master/install/turtlebot3_description/share/turtlebot3_description/urdf/turtlebot3_burger.urdf.xacro
[4.990s] -- Installing: /home/moutik/Downloads/turtlebot3-master/install/turtlebot3_description/share/turtlebot3_description/urdf/turtlebot3_burger_for_autorace.urdf.xacro
[4.990s] -- Installing: /home/moutik/Downloads/turtlebot3-master/install/turtlebot3_description/share/turtlebot3_description/urdf/turtlebot3_waffle_for_open_manipulator.urdf.xacro
[4.990s] -- Installing: /home/moutik/Downloads/turtlebot3-master/install/turtlebot3_description/share/turtlebot3_description/urdf/turtlebot3_burger.gazebo.xacro
[5.003s] Invoked command in '/home/moutik/Downloads/turtlebot3-master/build/turtlebot3_description' returned '0': /usr/bin/cmake --build /home/moutik/Downloads/turtlebot3-master/build/turtlebot3_description --target install -- -j2 -l2
