[0.258s] Invoking command in '/home/moutik/Downloads/turtlebot3-master/build/turtlebot3_description': /usr/bin/cmake --build /home/moutik/Downloads/turtlebot3-master/build/turtlebot3_description -- -j2 -l2
[0.570s] Built target turtlebot3_description_xacro_generated_to_devel_space_
[0.607s] Invoked command in '/home/moutik/Downloads/turtlebot3-master/build/turtlebot3_description' returned '0': /usr/bin/cmake --build /home/moutik/Downloads/turtlebot3-master/build/turtlebot3_description -- -j2 -l2
[0.770s] Invoking command in '/home/moutik/Downloads/turtlebot3-master/build/turtlebot3_description': /usr/bin/cmake --build /home/moutik/Downloads/turtlebot3-master/build/turtlebot3_description --target tests -- -j2 -l2
[1.003s] Built target tests
[1.041s] Invoked command in '/home/moutik/Downloads/turtlebot3-master/build/turtlebot3_description' returned '0': /usr/bin/cmake --build /home/moutik/Downloads/turtlebot3-master/build/turtlebot3_description --target tests -- -j2 -l2
[1.211s] Invoking command in '/home/moutik/Downloads/turtlebot3-master/build/turtlebot3_description': /usr/bin/cmake --build /home/moutik/Downloads/turtlebot3-master/build/turtlebot3_description --target install -- -j2 -l2
[1.378s] Built target turtlebot3_description_xacro_generated_to_devel_space_
[1.442s] [36mInstall the project...[0m
[1.469s] -- Install configuration: ""
[1.470s] -- Up-to-date: /home/moutik/Downloads/turtlebot3-master/install/turtlebot3_description/lib/pkgconfig/turtlebot3_description.pc
[1.471s] -- Up-to-date: /home/moutik/Downloads/turtlebot3-master/install/turtlebot3_description/share/turtlebot3_description/cmake/turtlebot3_descriptionConfig.cmake
[1.472s] -- Up-to-date: /home/moutik/Downloads/turtlebot3-master/install/turtlebot3_description/share/turtlebot3_description/cmake/turtlebot3_descriptionConfig-version.cmake
[1.472s] -- Up-to-date: /home/moutik/Downloads/turtlebot3-master/install/turtlebot3_description/share/turtlebot3_description/package.xml
[1.472s] -- Up-to-date: /home/moutik/Downloads/turtlebot3-master/install/turtlebot3_description/share/turtlebot3_description/meshes
[1.473s] -- Up-to-date: /home/moutik/Downloads/turtlebot3-master/install/turtlebot3_description/share/turtlebot3_description/meshes/wheels
[1.473s] -- Up-to-date: /home/moutik/Downloads/turtlebot3-master/install/turtlebot3_description/share/turtlebot3_description/meshes/wheels/right_tire.stl
[1.474s] -- Up-to-date: /home/moutik/Downloads/turtlebot3-master/install/turtlebot3_description/share/turtlebot3_description/meshes/wheels/left_tire.stl
[1.474s] -- Up-to-date: /home/moutik/Downloads/turtlebot3-master/install/turtlebot3_description/share/turtlebot3_description/meshes/bases
[1.474s] -- Up-to-date: /home/moutik/Downloads/turtlebot3-master/install/turtlebot3_description/share/turtlebot3_description/meshes/bases/waffle_base_for_open_manipulator.stl
[1.475s] -- Up-to-date: /home/moutik/Downloads/turtlebot3-master/install/turtlebot3_description/share/turtlebot3_description/meshes/bases/burger_base.stl
[1.476s] -- Up-to-date: /home/moutik/Downloads/turtlebot3-master/install/turtlebot3_description/share/turtlebot3_description/meshes/bases/waffle_pi_base.stl
[1.476s] -- Up-to-date: /home/moutik/Downloads/turtlebot3-master/install/turtlebot3_description/share/turtlebot3_description/meshes/bases/waffle_base.stl
[1.477s] -- Up-to-date: /home/moutik/Downloads/turtlebot3-master/install/turtlebot3_description/share/turtlebot3_description/meshes/bases/waffle_pi_base_for_open_manipulator.stl
[1.477s] -- Up-to-date: /home/moutik/Downloads/turtlebot3-master/install/turtlebot3_description/share/turtlebot3_description/meshes/sensors
[1.478s] -- Up-to-date: /home/moutik/Downloads/turtlebot3-master/install/turtlebot3_description/share/turtlebot3_description/meshes/sensors/r200.jpg
[1.478s] -- Up-to-date: /home/moutik/Downloads/turtlebot3-master/install/turtlebot3_description/share/turtlebot3_description/meshes/sensors/astra.dae
[1.479s] -- Up-to-date: /home/moutik/Downloads/turtlebot3-master/install/turtlebot3_description/share/turtlebot3_description/meshes/sensors/astra.jpg
[1.483s] -- Up-to-date: /home/moutik/Downloads/turtlebot3-master/install/turtlebot3_description/share/turtlebot3_description/meshes/sensors/lds.stl
[1.484s] -- Up-to-date: /home/moutik/Downloads/turtlebot3-master/install/turtlebot3_description/share/turtlebot3_description/meshes/sensors/r200.dae
[1.484s] -- Up-to-date: /home/moutik/Downloads/turtlebot3-master/install/turtlebot3_description/share/turtlebot3_description/rviz
[1.484s] -- Up-to-date: /home/moutik/Downloads/turtlebot3-master/install/turtlebot3_description/share/turtlebot3_description/rviz/burger.rviz
[1.485s] -- Up-to-date: /home/moutik/Downloads/turtlebot3-master/install/turtlebot3_description/share/turtlebot3_description/rviz/waffle_pi.rviz
[1.485s] -- Up-to-date: /home/moutik/Downloads/turtlebot3-master/install/turtlebot3_description/share/turtlebot3_description/urdf
[1.485s] -- Up-to-date: /home/moutik/Downloads/turtlebot3-master/install/turtlebot3_description/share/turtlebot3_description/urdf/turtlebot3_waffle.gazebo.xacro
[1.485s] -- Up-to-date: /home/moutik/Downloads/turtlebot3-master/install/turtlebot3_description/share/turtlebot3_description/urdf/turtlebot3_waffle_pi.urdf.xacro
[1.486s] -- Up-to-date: /home/moutik/Downloads/turtlebot3-master/install/turtlebot3_description/share/turtlebot3_description/urdf/turtlebot3_waffle_pi_for_open_manipulator.urdf.xacro
[1.486s] -- Up-to-date: /home/moutik/Downloads/turtlebot3-master/install/turtlebot3_description/share/turtlebot3_description/urdf/common_properties.xacro
[1.486s] -- Up-to-date: /home/moutik/Downloads/turtlebot3-master/install/turtlebot3_description/share/turtlebot3_description/urdf/turtlebot3_burger_for_autorace_2020.urdf.xacro
[1.486s] -- Up-to-date: /home/moutik/Downloads/turtlebot3-master/install/turtlebot3_description/share/turtlebot3_description/urdf/turtlebot3_burger_for_autorace_2020.gazebo.xacro
[1.486s] -- Up-to-date: /home/moutik/Downloads/turtlebot3-master/install/turtlebot3_description/share/turtlebot3_description/urdf/turtlebot3_waffle_pi.gazebo.xacro
[1.487s] -- Up-to-date: /home/moutik/Downloads/turtlebot3-master/install/turtlebot3_description/share/turtlebot3_description/urdf/turtlebot3_waffle.urdf.xacro
[1.487s] -- Up-to-date: /home/moutik/Downloads/turtlebot3-master/install/turtlebot3_description/share/turtlebot3_description/urdf/turtlebot3_waffle_pi_for_open_manipulator.gazebo.xacro
[1.487s] -- Up-to-date: /home/moutik/Downloads/turtlebot3-master/install/turtlebot3_description/share/turtlebot3_description/urdf/turtlebot3_burger_for_autorace.gazebo.xacro
[1.487s] -- Up-to-date: /home/moutik/Downloads/turtlebot3-master/install/turtlebot3_description/share/turtlebot3_description/urdf/turtlebot3_burger.urdf.xacro
[1.487s] -- Up-to-date: /home/moutik/Downloads/turtlebot3-master/install/turtlebot3_description/share/turtlebot3_description/urdf/turtlebot3_burger_for_autorace.urdf.xacro
[1.487s] -- Up-to-date: /home/moutik/Downloads/turtlebot3-master/install/turtlebot3_description/share/turtlebot3_description/urdf/turtlebot3_waffle_for_open_manipulator.urdf.xacro
[1.488s] -- Up-to-date: /home/moutik/Downloads/turtlebot3-master/install/turtlebot3_description/share/turtlebot3_description/urdf/turtlebot3_burger.gazebo.xacro
[1.501s] Invoked command in '/home/moutik/Downloads/turtlebot3-master/build/turtlebot3_description' returned '0': /usr/bin/cmake --build /home/moutik/Downloads/turtlebot3-master/build/turtlebot3_description --target install -- -j2 -l2
