Built target tests
[36mInstall the project...[0m
-- Install configuration: ""
+ cd /home/moutik/Downloads/turtlebot3-master/turtlebot3_teleop
+ mkdir -p /home/moutik/Downloads/turtlebot3-master/install/turtlebot3_teleop/lib/python2.7/dist-packages
+ /usr/bin/env PYTHONPATH=/home/moutik/Downloads/turtlebot3-master/install/turtlebot3_teleop/lib/python2.7/dist-packages:/home/moutik/Downloads/turtlebot3-master/build/turtlebot3_teleop/lib/python2.7/dist-packages:/home/moutik/Downloads/turtlebot3-master/install/turtlebot3_example/lib/python2.7/dist-packages:/home/moutik/Downloads/turtlebot3-master/install/turtlebot3_teleop/lib/python2.7/dist-packages:/opt/ros/melodic/lib/python2.7/dist-packages CATKIN_BINARY_DIR=/home/moutik/Downloads/turtlebot3-master/build/turtlebot3_teleop /usr/bin/python2 /home/moutik/Downloads/turtlebot3-master/turtlebot3_teleop/setup.py build --build-base /home/moutik/Downloads/turtlebot3-master/build/turtlebot3_teleop install --root=/ --install-layout=deb --prefix=/home/moutik/Downloads/turtlebot3-master/install/turtlebot3_teleop --install-scripts=/home/moutik/Downloads/turtlebot3-master/install/turtlebot3_teleop/bin
running build
running build_py
running install
running install_lib
running install_egg_info
Removing /home/moutik/Downloads/turtlebot3-master/install/turtlebot3_teleop/lib/python2.7/dist-packages/turtlebot3_teleop-1.2.6.egg-info
Writing /home/moutik/Downloads/turtlebot3-master/install/turtlebot3_teleop/lib/python2.7/dist-packages/turtlebot3_teleop-1.2.6.egg-info
-- Up-to-date: /home/moutik/Downloads/turtlebot3-master/install/turtlebot3_teleop/lib/pkgconfig/turtlebot3_teleop.pc
-- Up-to-date: /home/moutik/Downloads/turtlebot3-master/install/turtlebot3_teleop/share/turtlebot3_teleop/cmake/turtlebot3_teleopConfig.cmake
-- Up-to-date: /home/moutik/Downloads/turtlebot3-master/install/turtlebot3_teleop/share/turtlebot3_teleop/cmake/turtlebot3_teleopConfig-version.cmake
-- Up-to-date: /home/moutik/Downloads/turtlebot3-master/install/turtlebot3_teleop/share/turtlebot3_teleop/package.xml
-- Up-to-date: /home/moutik/Downloads/turtlebot3-master/install/turtlebot3_teleop/lib/turtlebot3_teleop/turtlebot3_teleop_key
-- Up-to-date: /home/moutik/Downloads/turtlebot3-master/install/turtlebot3_teleop/share/turtlebot3_teleop/launch
-- Up-to-date: /home/moutik/Downloads/turtlebot3-master/install/turtlebot3_teleop/share/turtlebot3_teleop/launch/turtlebot3_teleop_key.launch
