-- The C compiler identification is GNU 7.5.0
-- The CXX compiler identification is GNU 7.5.0
-- Check for working C compiler: /usr/bin/cc
-- Check for working C compiler: /usr/bin/cc -- works
-- Detecting C compiler ABI info
-- Detecting C compiler ABI info - done
-- Detecting C compile features
-- Detecting C compile features - done
-- Check for working CXX compiler: /usr/bin/c++
-- Check for working CXX compiler: /usr/bin/c++ -- works
-- Detecting CXX compiler ABI info
-- Detecting CXX compiler ABI info - done
-- Detecting CXX compile features
-- Detecting CXX compile features - done
-- Using CATKIN_DEVEL_PREFIX: /home/moutik/Downloads/turtlebot3-master/build/turtlebot3_example/devel
-- Using CMAKE_PREFIX_PATH: /home/moutik/Downloads/turtlebot3-master/install/turtlebot3_bringup;/home/moutik/Downloads/turtlebot3-master/install/turtlebot3_teleop;/home/moutik/Downloads/turtlebot3-master/install/turtlebot3_description;/opt/ros/melodic
-- This workspace overlays: /home/moutik/Downloads/turtlebot3-master/install/turtlebot3_bringup;/home/moutik/Downloads/turtlebot3-master/install/turtlebot3_teleop;/home/moutik/Downloads/turtlebot3-master/install/turtlebot3_description;/opt/ros/melodic
-- Found PythonInterp: /usr/bin/python2 (found suitable version "2.7.17", minimum required is "2") 
-- Using PYTHON_EXECUTABLE: /usr/bin/python2
-- Using Debian Python package layout
-- Using empy: /usr/bin/empy
-- Using CATKIN_ENABLE_TESTING: ON
-- Call enable_testing()
-- Using CATKIN_TEST_RESULTS_DIR: /home/moutik/Downloads/turtlebot3-master/build/turtlebot3_example/test_results
-- Found gtest sources under '/usr/src/googletest': gtests will be built
-- Found gmock sources under '/usr/src/googletest': gmock will be built
-- Found PythonInterp: /usr/bin/python2 (found version "2.7.17") 
-- Looking for pthread.h
-- Looking for pthread.h - found
-- Looking for pthread_create
-- Looking for pthread_create - not found
-- Looking for pthread_create in pthreads
-- Looking for pthread_create in pthreads - not found
-- Looking for pthread_create in pthread
-- Looking for pthread_create in pthread - found
-- Found Threads: TRUE  
-- Using Python nosetests: /usr/bin/nosetests-2.7
-- catkin 0.7.29
-- BUILD_SHARED_LIBS is on
-- Using these message generators: gencpp;geneus;genlisp;gennodejs;genpy
-- Generating .msg files for action turtlebot3_example/Turtlebot3 /home/moutik/Downloads/turtlebot3-master/turtlebot3_example/action/Turtlebot3.action
Generating for action Turtlebot3
-- turtlebot3_example: 7 messages, 0 services
-- Configuring done
-- Generating done
-- Build files have been written to: /home/moutik/Downloads/turtlebot3-master/build/turtlebot3_example
[35m[1mScanning dependencies of target _turtlebot3_example_generate_messages_check_deps_Turtlebot3Feedback[0m
[35m[1mScanning dependencies of target _turtlebot3_example_generate_messages_check_deps_Turtlebot3ActionGoal[0m
[  0%] Built target _turtlebot3_example_generate_messages_check_deps_Turtlebot3Feedback
[35m[1mScanning dependencies of target _turtlebot3_example_generate_messages_check_deps_Turtlebot3Action[0m
[  0%] Built target _turtlebot3_example_generate_messages_check_deps_Turtlebot3ActionGoal
[35m[1mScanning dependencies of target geometry_msgs_generate_messages_eus[0m
[  0%] Built target _turtlebot3_example_generate_messages_check_deps_Turtlebot3Action
[  0%] Built target geometry_msgs_generate_messages_eus
[35m[1mScanning dependencies of target std_msgs_generate_messages_eus[0m
[35m[1mScanning dependencies of target _turtlebot3_example_generate_messages_check_deps_Turtlebot3ActionFeedback[0m
[  0%] Built target std_msgs_generate_messages_eus
[35m[1mScanning dependencies of target actionlib_msgs_generate_messages_eus[0m
[  0%] Built target _turtlebot3_example_generate_messages_check_deps_Turtlebot3ActionFeedback
[  0%] Built target actionlib_msgs_generate_messages_eus
[35m[1mScanning dependencies of target _turtlebot3_example_generate_messages_check_deps_Turtlebot3Result[0m
[35m[1mScanning dependencies of target _turtlebot3_example_generate_messages_check_deps_Turtlebot3Goal[0m
[  0%] Built target _turtlebot3_example_generate_messages_check_deps_Turtlebot3Result
[  0%] Built target _turtlebot3_example_generate_messages_check_deps_Turtlebot3Goal
[35m[1mScanning dependencies of target _turtlebot3_example_generate_messages_check_deps_Turtlebot3ActionResult[0m
[35m[1mScanning dependencies of target std_msgs_generate_messages_py[0m
[  0%] Built target std_msgs_generate_messages_py
[  0%] Built target _turtlebot3_example_generate_messages_check_deps_Turtlebot3ActionResult
[35m[1mScanning dependencies of target actionlib_msgs_generate_messages_py[0m
[35m[1mScanning dependencies of target geometry_msgs_generate_messages_py[0m
[  0%] Built target actionlib_msgs_generate_messages_py
[  0%] Built target geometry_msgs_generate_messages_py
[35m[1mScanning dependencies of target std_msgs_generate_messages_lisp[0m
[35m[1mScanning dependencies of target actionlib_msgs_generate_messages_lisp[0m
[  0%] Built target std_msgs_generate_messages_lisp
[  0%] Built target actionlib_msgs_generate_messages_lisp
[35m[1mScanning dependencies of target geometry_msgs_generate_messages_lisp[0m
[35m[1mScanning dependencies of target std_msgs_generate_messages_nodejs[0m
[  0%] Built target geometry_msgs_generate_messages_lisp
[  0%] Built target std_msgs_generate_messages_nodejs
[35m[1mScanning dependencies of target actionlib_msgs_generate_messages_nodejs[0m
[35m[1mScanning dependencies of target geometry_msgs_generate_messages_nodejs[0m
[  0%] Built target actionlib_msgs_generate_messages_nodejs
[35m[1mScanning dependencies of target std_msgs_generate_messages_cpp[0m
[  0%] Built target geometry_msgs_generate_messages_nodejs
[  0%] Built target std_msgs_generate_messages_cpp
[35m[1mScanning dependencies of target actionlib_msgs_generate_messages_cpp[0m
[35m[1mScanning dependencies of target geometry_msgs_generate_messages_cpp[0m
[  0%] Built target actionlib_msgs_generate_messages_cpp
[  0%] Built target geometry_msgs_generate_messages_cpp
[35m[1mScanning dependencies of target turtlebot3_example_generate_messages_eus[0m
[  2%] [34m[1mGenerating EusLisp code from turtlebot3_example/Turtlebot3Result.msg[0m
[35m[1mScanning dependencies of target turtlebot3_example_generate_messages_py[0m
[  5%] [34m[1mGenerating Python from MSG turtlebot3_example/Turtlebot3Result[0m
[  8%] [34m[1mGenerating EusLisp code from turtlebot3_example/Turtlebot3Goal.msg[0m
[ 10%] [34m[1mGenerating EusLisp code from turtlebot3_example/Turtlebot3ActionResult.msg[0m
[ 13%] [34m[1mGenerating EusLisp code from turtlebot3_example/Turtlebot3Action.msg[0m
[ 16%] [34m[1mGenerating Python from MSG turtlebot3_example/Turtlebot3Goal[0m
[ 18%] [34m[1mGenerating EusLisp code from turtlebot3_example/Turtlebot3ActionFeedback.msg[0m
[ 21%] [34m[1mGenerating Python from MSG turtlebot3_example/Turtlebot3ActionResult[0m
[ 24%] [34m[1mGenerating EusLisp code from turtlebot3_example/Turtlebot3Feedback.msg[0m
[ 27%] [34m[1mGenerating EusLisp code from turtlebot3_example/Turtlebot3ActionGoal.msg[0m
[ 29%] [34m[1mGenerating Python from MSG turtlebot3_example/Turtlebot3Action[0m
[ 32%] [34m[1mGenerating EusLisp manifest code for turtlebot3_example[0m
[ 35%] [34m[1mGenerating Python from MSG turtlebot3_example/Turtlebot3ActionFeedback[0m
[ 37%] [34m[1mGenerating Python from MSG turtlebot3_example/Turtlebot3Feedback[0m
[ 40%] [34m[1mGenerating Python from MSG turtlebot3_example/Turtlebot3ActionGoal[0m
[ 43%] [34m[1mGenerating Python msg __init__.py for turtlebot3_example[0m
[ 43%] Built target turtlebot3_example_generate_messages_py
[35m[1mScanning dependencies of target turtlebot3_example_generate_messages_lisp[0m
[ 45%] [34m[1mGenerating Lisp code from turtlebot3_example/Turtlebot3Result.msg[0m
[ 48%] [34m[1mGenerating Lisp code from turtlebot3_example/Turtlebot3Goal.msg[0m
[ 51%] [34m[1mGenerating Lisp code from turtlebot3_example/Turtlebot3ActionResult.msg[0m
[ 54%] [34m[1mGenerating Lisp code from turtlebot3_example/Turtlebot3Action.msg[0m
[ 56%] [34m[1mGenerating Lisp code from turtlebot3_example/Turtlebot3ActionFeedback.msg[0m
[ 59%] [34m[1mGenerating Lisp code from turtlebot3_example/Turtlebot3Feedback.msg[0m
[ 59%] Built target turtlebot3_example_generate_messages_eus
[35m[1mScanning dependencies of target turtlebot3_example_generate_messages_nodejs[0m
[ 62%] [34m[1mGenerating Lisp code from turtlebot3_example/Turtlebot3ActionGoal.msg[0m
[ 64%] [34m[1mGenerating Javascript code from turtlebot3_example/Turtlebot3Result.msg[0m
[ 64%] Built target turtlebot3_example_generate_messages_lisp
[35m[1mScanning dependencies of target turtlebot3_example_generate_messages_cpp[0m
[ 67%] [34m[1mGenerating Javascript code from turtlebot3_example/Turtlebot3Goal.msg[0m
[ 70%] [34m[1mGenerating C++ code from turtlebot3_example/Turtlebot3Result.msg[0m
[ 72%] [34m[1mGenerating Javascript code from turtlebot3_example/Turtlebot3ActionResult.msg[0m
[ 75%] [34m[1mGenerating Javascript code from turtlebot3_example/Turtlebot3Action.msg[0m
[ 78%] [34m[1mGenerating Javascript code from turtlebot3_example/Turtlebot3ActionFeedback.msg[0m
[ 81%] [34m[1mGenerating C++ code from turtlebot3_example/Turtlebot3Goal.msg[0m
[ 83%] [34m[1mGenerating Javascript code from turtlebot3_example/Turtlebot3Feedback.msg[0m
[ 86%] [34m[1mGenerating C++ code from turtlebot3_example/Turtlebot3ActionResult.msg[0m
[ 89%] [34m[1mGenerating Javascript code from turtlebot3_example/Turtlebot3ActionGoal.msg[0m
[ 89%] Built target turtlebot3_example_generate_messages_nodejs
[ 91%] [34m[1mGenerating C++ code from turtlebot3_example/Turtlebot3Action.msg[0m
[ 94%] [34m[1mGenerating C++ code from turtlebot3_example/Turtlebot3ActionFeedback.msg[0m
[ 97%] [34m[1mGenerating C++ code from turtlebot3_example/Turtlebot3Feedback.msg[0m
[100%] [34m[1mGenerating C++ code from turtlebot3_example/Turtlebot3ActionGoal.msg[0m
[100%] Built target turtlebot3_example_generate_messages_cpp
[35m[1mScanning dependencies of target turtlebot3_example_generate_messages[0m
[100%] Built target turtlebot3_example_generate_messages
[35m[1mScanning dependencies of target tests[0m
Built target tests
[  0%] Built target _turtlebot3_example_generate_messages_check_deps_Turtlebot3Feedback
[  0%] Built target _turtlebot3_example_generate_messages_check_deps_Turtlebot3ActionGoal
[  0%] Built target geometry_msgs_generate_messages_eus
[  0%] Built target _turtlebot3_example_generate_messages_check_deps_Turtlebot3Action
[  0%] Built target std_msgs_generate_messages_eus
[  0%] Built target _turtlebot3_example_generate_messages_check_deps_Turtlebot3ActionFeedback
[  0%] Built target actionlib_msgs_generate_messages_eus
[  0%] Built target _turtlebot3_example_generate_messages_check_deps_Turtlebot3Result
[  0%] Built target _turtlebot3_example_generate_messages_check_deps_Turtlebot3Goal
[  0%] Built target std_msgs_generate_messages_py
[  0%] Built target _turtlebot3_example_generate_messages_check_deps_Turtlebot3ActionResult
[  0%] Built target actionlib_msgs_generate_messages_py
[  0%] Built target geometry_msgs_generate_messages_py
[  0%] Built target std_msgs_generate_messages_lisp
[  0%] Built target actionlib_msgs_generate_messages_lisp
[  0%] Built target geometry_msgs_generate_messages_lisp
[  0%] Built target std_msgs_generate_messages_nodejs
[  0%] Built target actionlib_msgs_generate_messages_nodejs
[  0%] Built target geometry_msgs_generate_messages_nodejs
[  0%] Built target actionlib_msgs_generate_messages_cpp
[  0%] Built target std_msgs_generate_messages_cpp
[  0%] Built target geometry_msgs_generate_messages_cpp
[ 21%] Built target turtlebot3_example_generate_messages_eus
[ 43%] Built target turtlebot3_example_generate_messages_py
[ 62%] Built target turtlebot3_example_generate_messages_lisp
[ 81%] Built target turtlebot3_example_generate_messages_nodejs
[100%] Built target turtlebot3_example_generate_messages_cpp
[100%] Built target turtlebot3_example_generate_messages
[36mInstall the project...[0m
-- Install configuration: ""
+ cd /home/moutik/Downloads/turtlebot3-master/turtlebot3_example
+ mkdir -p /home/moutik/Downloads/turtlebot3-master/install/turtlebot3_example/lib/python2.7/dist-packages
+ /usr/bin/env PYTHONPATH=/home/moutik/Downloads/turtlebot3-master/install/turtlebot3_example/lib/python2.7/dist-packages:/home/moutik/Downloads/turtlebot3-master/build/turtlebot3_example/lib/python2.7/dist-packages:/home/moutik/Downloads/turtlebot3-master/install/turtlebot3_teleop/lib/python2.7/dist-packages:/opt/ros/melodic/lib/python2.7/dist-packages CATKIN_BINARY_DIR=/home/moutik/Downloads/turtlebot3-master/build/turtlebot3_example /usr/bin/python2 /home/moutik/Downloads/turtlebot3-master/turtlebot3_example/setup.py build --build-base /home/moutik/Downloads/turtlebot3-master/build/turtlebot3_example install --root=/ --install-layout=deb --prefix=/home/moutik/Downloads/turtlebot3-master/install/turtlebot3_example --install-scripts=/home/moutik/Downloads/turtlebot3-master/install/turtlebot3_example/bin
running build
running build_py
creating /home/moutik/Downloads/turtlebot3-master/build/turtlebot3_example/lib.linux-x86_64-2.7
creating /home/moutik/Downloads/turtlebot3-master/build/turtlebot3_example/lib.linux-x86_64-2.7/turtlebot3_example
copying src/turtlebot3_example/__init__.py -> /home/moutik/Downloads/turtlebot3-master/build/turtlebot3_example/lib.linux-x86_64-2.7/turtlebot3_example
running install
running install_lib
creating /home/moutik/Downloads/turtlebot3-master/install/turtlebot3_example/lib/python2.7/dist-packages/turtlebot3_example
copying /home/moutik/Downloads/turtlebot3-master/build/turtlebot3_example/lib.linux-x86_64-2.7/turtlebot3_example/__init__.py -> /home/moutik/Downloads/turtlebot3-master/install/turtlebot3_example/lib/python2.7/dist-packages/turtlebot3_example
byte-compiling /home/moutik/Downloads/turtlebot3-master/install/turtlebot3_example/lib/python2.7/dist-packages/turtlebot3_example/__init__.py to __init__.pyc
running install_egg_info
Writing /home/moutik/Downloads/turtlebot3-master/install/turtlebot3_example/lib/python2.7/dist-packages/turtlebot3_example-1.2.6.egg-info
-- Installing: /home/moutik/Downloads/turtlebot3-master/install/turtlebot3_example/share/turtlebot3_example/action/Turtlebot3.action
-- Installing: /home/moutik/Downloads/turtlebot3-master/install/turtlebot3_example/share/turtlebot3_example/msg/Turtlebot3Action.msg
-- Installing: /home/moutik/Downloads/turtlebot3-master/install/turtlebot3_example/share/turtlebot3_example/msg/Turtlebot3ActionGoal.msg
-- Installing: /home/moutik/Downloads/turtlebot3-master/install/turtlebot3_example/share/turtlebot3_example/msg/Turtlebot3ActionResult.msg
-- Installing: /home/moutik/Downloads/turtlebot3-master/install/turtlebot3_example/share/turtlebot3_example/msg/Turtlebot3ActionFeedback.msg
-- Installing: /home/moutik/Downloads/turtlebot3-master/install/turtlebot3_example/share/turtlebot3_example/msg/Turtlebot3Goal.msg
-- Installing: /home/moutik/Downloads/turtlebot3-master/install/turtlebot3_example/share/turtlebot3_example/msg/Turtlebot3Result.msg
-- Installing: /home/moutik/Downloads/turtlebot3-master/install/turtlebot3_example/share/turtlebot3_example/msg/Turtlebot3Feedback.msg
-- Installing: /home/moutik/Downloads/turtlebot3-master/install/turtlebot3_example/share/turtlebot3_example/cmake/turtlebot3_example-msg-paths.cmake
-- Installing: /home/moutik/Downloads/turtlebot3-master/install/turtlebot3_example/include/turtlebot3_example
-- Installing: /home/moutik/Downloads/turtlebot3-master/install/turtlebot3_example/include/turtlebot3_example/Turtlebot3Feedback.h
-- Installing: /home/moutik/Downloads/turtlebot3-master/install/turtlebot3_example/include/turtlebot3_example/Turtlebot3ActionResult.h
-- Installing: /home/moutik/Downloads/turtlebot3-master/install/turtlebot3_example/include/turtlebot3_example/Turtlebot3Goal.h
-- Installing: /home/moutik/Downloads/turtlebot3-master/install/turtlebot3_example/include/turtlebot3_example/Turtlebot3Result.h
-- Installing: /home/moutik/Downloads/turtlebot3-master/install/turtlebot3_example/include/turtlebot3_example/Turtlebot3ActionGoal.h
-- Installing: /home/moutik/Downloads/turtlebot3-master/install/turtlebot3_example/include/turtlebot3_example/Turtlebot3ActionFeedback.h
-- Installing: /home/moutik/Downloads/turtlebot3-master/install/turtlebot3_example/include/turtlebot3_example/Turtlebot3Action.h
-- Installing: /home/moutik/Downloads/turtlebot3-master/install/turtlebot3_example/share/roseus/ros/turtlebot3_example
-- Installing: /home/moutik/Downloads/turtlebot3-master/install/turtlebot3_example/share/roseus/ros/turtlebot3_example/msg
-- Installing: /home/moutik/Downloads/turtlebot3-master/install/turtlebot3_example/share/roseus/ros/turtlebot3_example/msg/Turtlebot3Feedback.l
-- Installing: /home/moutik/Downloads/turtlebot3-master/install/turtlebot3_example/share/roseus/ros/turtlebot3_example/msg/Turtlebot3Goal.l
-- Installing: /home/moutik/Downloads/turtlebot3-master/install/turtlebot3_example/share/roseus/ros/turtlebot3_example/msg/Turtlebot3ActionGoal.l
-- Installing: /home/moutik/Downloads/turtlebot3-master/install/turtlebot3_example/share/roseus/ros/turtlebot3_example/msg/Turtlebot3ActionResult.l
-- Installing: /home/moutik/Downloads/turtlebot3-master/install/turtlebot3_example/share/roseus/ros/turtlebot3_example/msg/Turtlebot3ActionFeedback.l
-- Installing: /home/moutik/Downloads/turtlebot3-master/install/turtlebot3_example/share/roseus/ros/turtlebot3_example/msg/Turtlebot3Action.l
-- Installing: /home/moutik/Downloads/turtlebot3-master/install/turtlebot3_example/share/roseus/ros/turtlebot3_example/msg/Turtlebot3Result.l
-- Installing: /home/moutik/Downloads/turtlebot3-master/install/turtlebot3_example/share/roseus/ros/turtlebot3_example/manifest.l
-- Installing: /home/moutik/Downloads/turtlebot3-master/install/turtlebot3_example/share/common-lisp/ros/turtlebot3_example
-- Installing: /home/moutik/Downloads/turtlebot3-master/install/turtlebot3_example/share/common-lisp/ros/turtlebot3_example/msg
-- Installing: /home/moutik/Downloads/turtlebot3-master/install/turtlebot3_example/share/common-lisp/ros/turtlebot3_example/msg/Turtlebot3ActionGoal.lisp
-- Installing: /home/moutik/Downloads/turtlebot3-master/install/turtlebot3_example/share/common-lisp/ros/turtlebot3_example/msg/Turtlebot3ActionResult.lisp
-- Installing: /home/moutik/Downloads/turtlebot3-master/install/turtlebot3_example/share/common-lisp/ros/turtlebot3_example/msg/Turtlebot3Goal.lisp
-- Installing: /home/moutik/Downloads/turtlebot3-master/install/turtlebot3_example/share/common-lisp/ros/turtlebot3_example/msg/Turtlebot3Feedback.lisp
-- Installing: /home/moutik/Downloads/turtlebot3-master/install/turtlebot3_example/share/common-lisp/ros/turtlebot3_example/msg/turtlebot3_example-msg.asd
-- Installing: /home/moutik/Downloads/turtlebot3-master/install/turtlebot3_example/share/common-lisp/ros/turtlebot3_example/msg/_package_Turtlebot3ActionResult.lisp
-- Installing: /home/moutik/Downloads/turtlebot3-master/install/turtlebot3_example/share/common-lisp/ros/turtlebot3_example/msg/_package_Turtlebot3ActionGoal.lisp
-- Installing: /home/moutik/Downloads/turtlebot3-master/install/turtlebot3_example/share/common-lisp/ros/turtlebot3_example/msg/Turtlebot3ActionFeedback.lisp
-- Installing: /home/moutik/Downloads/turtlebot3-master/install/turtlebot3_example/share/common-lisp/ros/turtlebot3_example/msg/_package_Turtlebot3Result.lisp
-- Installing: /home/moutik/Downloads/turtlebot3-master/install/turtlebot3_example/share/common-lisp/ros/turtlebot3_example/msg/_package_Turtlebot3Action.lisp
-- Installing: /home/moutik/Downloads/turtlebot3-master/install/turtlebot3_example/share/common-lisp/ros/turtlebot3_example/msg/_package.lisp
-- Installing: /home/moutik/Downloads/turtlebot3-master/install/turtlebot3_example/share/common-lisp/ros/turtlebot3_example/msg/_package_Turtlebot3Feedback.lisp
-- Installing: /home/moutik/Downloads/turtlebot3-master/install/turtlebot3_example/share/common-lisp/ros/turtlebot3_example/msg/Turtlebot3Action.lisp
-- Installing: /home/moutik/Downloads/turtlebot3-master/install/turtlebot3_example/share/common-lisp/ros/turtlebot3_example/msg/_package_Turtlebot3ActionFeedback.lisp
-- Installing: /home/moutik/Downloads/turtlebot3-master/install/turtlebot3_example/share/common-lisp/ros/turtlebot3_example/msg/Turtlebot3Result.lisp
-- Installing: /home/moutik/Downloads/turtlebot3-master/install/turtlebot3_example/share/common-lisp/ros/turtlebot3_example/msg/_package_Turtlebot3Goal.lisp
-- Installing: /home/moutik/Downloads/turtlebot3-master/install/turtlebot3_example/share/gennodejs/ros/turtlebot3_example
-- Installing: /home/moutik/Downloads/turtlebot3-master/install/turtlebot3_example/share/gennodejs/ros/turtlebot3_example/msg
-- Installing: /home/moutik/Downloads/turtlebot3-master/install/turtlebot3_example/share/gennodejs/ros/turtlebot3_example/msg/Turtlebot3Feedback.js
-- Installing: /home/moutik/Downloads/turtlebot3-master/install/turtlebot3_example/share/gennodejs/ros/turtlebot3_example/msg/Turtlebot3Goal.js
-- Installing: /home/moutik/Downloads/turtlebot3-master/install/turtlebot3_example/share/gennodejs/ros/turtlebot3_example/msg/Turtlebot3ActionResult.js
-- Installing: /home/moutik/Downloads/turtlebot3-master/install/turtlebot3_example/share/gennodejs/ros/turtlebot3_example/msg/Turtlebot3Action.js
-- Installing: /home/moutik/Downloads/turtlebot3-master/install/turtlebot3_example/share/gennodejs/ros/turtlebot3_example/msg/_index.js
-- Installing: /home/moutik/Downloads/turtlebot3-master/install/turtlebot3_example/share/gennodejs/ros/turtlebot3_example/msg/Turtlebot3Result.js
-- Installing: /home/moutik/Downloads/turtlebot3-master/install/turtlebot3_example/share/gennodejs/ros/turtlebot3_example/msg/Turtlebot3ActionGoal.js
-- Installing: /home/moutik/Downloads/turtlebot3-master/install/turtlebot3_example/share/gennodejs/ros/turtlebot3_example/msg/Turtlebot3ActionFeedback.js
-- Installing: /home/moutik/Downloads/turtlebot3-master/install/turtlebot3_example/share/gennodejs/ros/turtlebot3_example/_index.js
Listing /home/moutik/Downloads/turtlebot3-master/build/turtlebot3_example/devel/lib/python2.7/dist-packages/turtlebot3_example ...
Compiling /home/moutik/Downloads/turtlebot3-master/build/turtlebot3_example/devel/lib/python2.7/dist-packages/turtlebot3_example/__init__.py ...
Listing /home/moutik/Downloads/turtlebot3-master/build/turtlebot3_example/devel/lib/python2.7/dist-packages/turtlebot3_example/msg ...
Compiling /home/moutik/Downloads/turtlebot3-master/build/turtlebot3_example/devel/lib/python2.7/dist-packages/turtlebot3_example/msg/_Turtlebot3Action.py ...
Compiling /home/moutik/Downloads/turtlebot3-master/build/turtlebot3_example/devel/lib/python2.7/dist-packages/turtlebot3_example/msg/_Turtlebot3ActionFeedback.py ...
Compiling /home/moutik/Downloads/turtlebot3-master/build/turtlebot3_example/devel/lib/python2.7/dist-packages/turtlebot3_example/msg/_Turtlebot3ActionGoal.py ...
Compiling /home/moutik/Downloads/turtlebot3-master/build/turtlebot3_example/devel/lib/python2.7/dist-packages/turtlebot3_example/msg/_Turtlebot3ActionResult.py ...
Compiling /home/moutik/Downloads/turtlebot3-master/build/turtlebot3_example/devel/lib/python2.7/dist-packages/turtlebot3_example/msg/_Turtlebot3Feedback.py ...
Compiling /home/moutik/Downloads/turtlebot3-master/build/turtlebot3_example/devel/lib/python2.7/dist-packages/turtlebot3_example/msg/_Turtlebot3Goal.py ...
Compiling /home/moutik/Downloads/turtlebot3-master/build/turtlebot3_example/devel/lib/python2.7/dist-packages/turtlebot3_example/msg/_Turtlebot3Result.py ...
Compiling /home/moutik/Downloads/turtlebot3-master/build/turtlebot3_example/devel/lib/python2.7/dist-packages/turtlebot3_example/msg/__init__.py ...
-- Up-to-date: /home/moutik/Downloads/turtlebot3-master/install/turtlebot3_example/lib/python2.7/dist-packages/turtlebot3_example
-- Installing: /home/moutik/Downloads/turtlebot3-master/install/turtlebot3_example/lib/python2.7/dist-packages/turtlebot3_example/msg
-- Installing: /home/moutik/Downloads/turtlebot3-master/install/turtlebot3_example/lib/python2.7/dist-packages/turtlebot3_example/msg/_Turtlebot3ActionGoal.py
-- Installing: /home/moutik/Downloads/turtlebot3-master/install/turtlebot3_example/lib/python2.7/dist-packages/turtlebot3_example/msg/_Turtlebot3Action.pyc
-- Installing: /home/moutik/Downloads/turtlebot3-master/install/turtlebot3_example/lib/python2.7/dist-packages/turtlebot3_example/msg/_Turtlebot3Action.py
-- Installing: /home/moutik/Downloads/turtlebot3-master/install/turtlebot3_example/lib/python2.7/dist-packages/turtlebot3_example/msg/_Turtlebot3Feedback.pyc
-- Installing: /home/moutik/Downloads/turtlebot3-master/install/turtlebot3_example/lib/python2.7/dist-packages/turtlebot3_example/msg/_Turtlebot3Goal.pyc
-- Installing: /home/moutik/Downloads/turtlebot3-master/install/turtlebot3_example/lib/python2.7/dist-packages/turtlebot3_example/msg/_Turtlebot3ActionResult.pyc
-- Installing: /home/moutik/Downloads/turtlebot3-master/install/turtlebot3_example/lib/python2.7/dist-packages/turtlebot3_example/msg/_Turtlebot3ActionGoal.pyc
-- Installing: /home/moutik/Downloads/turtlebot3-master/install/turtlebot3_example/lib/python2.7/dist-packages/turtlebot3_example/msg/_Turtlebot3ActionResult.py
-- Installing: /home/moutik/Downloads/turtlebot3-master/install/turtlebot3_example/lib/python2.7/dist-packages/turtlebot3_example/msg/_Turtlebot3Result.pyc
-- Installing: /home/moutik/Downloads/turtlebot3-master/install/turtlebot3_example/lib/python2.7/dist-packages/turtlebot3_example/msg/_Turtlebot3ActionFeedback.py
-- Installing: /home/moutik/Downloads/turtlebot3-master/install/turtlebot3_example/lib/python2.7/dist-packages/turtlebot3_example/msg/_Turtlebot3ActionFeedback.pyc
-- Installing: /home/moutik/Downloads/turtlebot3-master/install/turtlebot3_example/lib/python2.7/dist-packages/turtlebot3_example/msg/_Turtlebot3Result.py
-- Installing: /home/moutik/Downloads/turtlebot3-master/install/turtlebot3_example/lib/python2.7/dist-packages/turtlebot3_example/msg/_Turtlebot3Feedback.py
-- Installing: /home/moutik/Downloads/turtlebot3-master/install/turtlebot3_example/lib/python2.7/dist-packages/turtlebot3_example/msg/_Turtlebot3Goal.py
-- Up-to-date: /home/moutik/Downloads/turtlebot3-master/install/turtlebot3_example/lib/python2.7/dist-packages/turtlebot3_example
-- Up-to-date: /home/moutik/Downloads/turtlebot3-master/install/turtlebot3_example/lib/python2.7/dist-packages/turtlebot3_example/msg
-- Installing: /home/moutik/Downloads/turtlebot3-master/install/turtlebot3_example/lib/python2.7/dist-packages/turtlebot3_example/msg/__init__.pyc
-- Installing: /home/moutik/Downloads/turtlebot3-master/install/turtlebot3_example/lib/python2.7/dist-packages/turtlebot3_example/msg/__init__.py
-- Installing: /home/moutik/Downloads/turtlebot3-master/install/turtlebot3_example/lib/pkgconfig/turtlebot3_example.pc
-- Installing: /home/moutik/Downloads/turtlebot3-master/install/turtlebot3_example/share/turtlebot3_example/cmake/turtlebot3_example-msg-extras.cmake
-- Installing: /home/moutik/Downloads/turtlebot3-master/install/turtlebot3_example/share/turtlebot3_example/cmake/turtlebot3_exampleConfig.cmake
-- Installing: /home/moutik/Downloads/turtlebot3-master/install/turtlebot3_example/share/turtlebot3_example/cmake/turtlebot3_exampleConfig-version.cmake
-- Installing: /home/moutik/Downloads/turtlebot3-master/install/turtlebot3_example/share/turtlebot3_example/package.xml
-- Installing: /home/moutik/Downloads/turtlebot3-master/install/turtlebot3_example/lib/turtlebot3_example/turtlebot3_obstacle
-- Installing: /home/moutik/Downloads/turtlebot3-master/install/turtlebot3_example/lib/turtlebot3_example/turtlebot3_client
-- Installing: /home/moutik/Downloads/turtlebot3-master/install/turtlebot3_example/lib/turtlebot3_example/turtlebot3_server
-- Installing: /home/moutik/Downloads/turtlebot3-master/install/turtlebot3_example/lib/turtlebot3_example/turtlebot3_pointop_key
-- Installing: /home/moutik/Downloads/turtlebot3-master/install/turtlebot3_example/lib/turtlebot3_example/turtlebot3_bumper
-- Installing: /home/moutik/Downloads/turtlebot3-master/install/turtlebot3_example/lib/turtlebot3_example/turtlebot3_cliff
-- Installing: /home/moutik/Downloads/turtlebot3-master/install/turtlebot3_example/lib/turtlebot3_example/turtlebot3_sonar
-- Installing: /home/moutik/Downloads/turtlebot3-master/install/turtlebot3_example/lib/turtlebot3_example/turtlebot3_illumination
-- Installing: /home/moutik/Downloads/turtlebot3-master/install/turtlebot3_example/lib/turtlebot3_example/turtlebot3_marker_server
-- Installing: /home/moutik/Downloads/turtlebot3-master/install/turtlebot3_example/share/turtlebot3_example/launch
-- Installing: /home/moutik/Downloads/turtlebot3-master/install/turtlebot3_example/share/turtlebot3_example/launch/turtlebot3_cliff.launch
-- Installing: /home/moutik/Downloads/turtlebot3-master/install/turtlebot3_example/share/turtlebot3_example/launch/turtlebot3_obstacle.launch
-- Installing: /home/moutik/Downloads/turtlebot3-master/install/turtlebot3_example/share/turtlebot3_example/launch/turtlebot3_pointop_key.launch
-- Installing: /home/moutik/Downloads/turtlebot3-master/install/turtlebot3_example/share/turtlebot3_example/launch/turtlebot3_illumination.launch
-- Installing: /home/moutik/Downloads/turtlebot3-master/install/turtlebot3_example/share/turtlebot3_example/launch/interactive_markers.launch
-- Installing: /home/moutik/Downloads/turtlebot3-master/install/turtlebot3_example/share/turtlebot3_example/launch/turtlebot3_sonar.launch
-- Installing: /home/moutik/Downloads/turtlebot3-master/install/turtlebot3_example/share/turtlebot3_example/launch/turtlebot3_bumper.launch
-- Installing: /home/moutik/Downloads/turtlebot3-master/install/turtlebot3_example/share/turtlebot3_example/launch/turtlebot3_client.launch
-- Installing: /home/moutik/Downloads/turtlebot3-master/install/turtlebot3_example/share/turtlebot3_example/rviz
-- Installing: /home/moutik/Downloads/turtlebot3-master/install/turtlebot3_example/share/turtlebot3_example/rviz/turtlebot3_interactive.rviz
