[0.115s] Invoking command in '/home/moutik/Downloads/turtlebot3-master/build/turtlebot3_example': CMAKE_PREFIX_PATH=/home/moutik/Downloads/turtlebot3-master/install/turtlebot3_bringup:/home/moutik/Downloads/turtlebot3-master/install/turtlebot3_teleop:/home/moutik/Downloads/turtlebot3-master/install/turtlebot3_description:${CMAKE_PREFIX_PATH} PKG_CONFIG_PATH=/home/moutik/Downloads/turtlebot3-master/install/turtlebot3_bringup/lib/x86_64-linux-gnu/pkgconfig:/home/moutik/Downloads/turtlebot3-master/install/turtlebot3_bringup/lib/pkgconfig:/home/moutik/Downloads/turtlebot3-master/install/turtlebot3_teleop/lib/x86_64-linux-gnu/pkgconfig:/home/moutik/Downloads/turtlebot3-master/install/turtlebot3_teleop/lib/pkgconfig:/home/moutik/Downloads/turtlebot3-master/install/turtlebot3_description/lib/x86_64-linux-gnu/pkgconfig:/home/moutik/Downloads/turtlebot3-master/install/turtlebot3_description/lib/pkgconfig:${PKG_CONFIG_PATH} PYTHONPATH=/home/moutik/Downloads/turtlebot3-master/install/turtlebot3_teleop/lib/python2.7/dist-packages:${PYTHONPATH} ROS_PACKAGE_PATH=/home/moutik/Downloads/turtlebot3-master/install/turtlebot3_bringup/share:/home/moutik/Downloads/turtlebot3-master/install/turtlebot3_teleop/share:/home/moutik/Downloads/turtlebot3-master/install/turtlebot3_description/share:${ROS_PACKAGE_PATH} /usr/bin/cmake /home/moutik/Downloads/turtlebot3-master/turtlebot3_example -DCATKIN_INSTALL_INTO_PREFIX_ROOT=0 -DCMAKE_INSTALL_PREFIX=/home/moutik/Downloads/turtlebot3-master/install/turtlebot3_example
[0.400s] -- The C compiler identification is GNU 7.5.0
[0.528s] -- The CXX compiler identification is GNU 7.5.0
[0.538s] -- Check for working C compiler: /usr/bin/cc
[0.677s] -- Check for working C compiler: /usr/bin/cc -- works
[0.677s] -- Detecting C compiler ABI info
[0.840s] -- Detecting C compiler ABI info - done
[0.849s] -- Detecting C compile features
[1.330s] -- Detecting C compile features - done
[1.336s] -- Check for working CXX compiler: /usr/bin/c++
[1.546s] -- Check for working CXX compiler: /usr/bin/c++ -- works
[1.547s] -- Detecting CXX compiler ABI info
[1.728s] -- Detecting CXX compiler ABI info - done
[1.747s] -- Detecting CXX compile features
[2.575s] -- Detecting CXX compile features - done
[2.582s] -- Using CATKIN_DEVEL_PREFIX: /home/moutik/Downloads/turtlebot3-master/build/turtlebot3_example/devel
[2.583s] -- Using CMAKE_PREFIX_PATH: /home/moutik/Downloads/turtlebot3-master/install/turtlebot3_bringup;/home/moutik/Downloads/turtlebot3-master/install/turtlebot3_teleop;/home/moutik/Downloads/turtlebot3-master/install/turtlebot3_description;/opt/ros/melodic
[2.584s] -- This workspace overlays: /home/moutik/Downloads/turtlebot3-master/install/turtlebot3_bringup;/home/moutik/Downloads/turtlebot3-master/install/turtlebot3_teleop;/home/moutik/Downloads/turtlebot3-master/install/turtlebot3_description;/opt/ros/melodic
[2.614s] -- Found PythonInterp: /usr/bin/python2 (found suitable version "2.7.17", minimum required is "2") 
[2.615s] -- Using PYTHON_EXECUTABLE: /usr/bin/python2
[2.615s] -- Using Debian Python package layout
[2.616s] -- Using empy: /usr/bin/empy
[2.893s] -- Using CATKIN_ENABLE_TESTING: ON
[2.894s] -- Call enable_testing()
[2.899s] -- Using CATKIN_TEST_RESULTS_DIR: /home/moutik/Downloads/turtlebot3-master/build/turtlebot3_example/test_results
[2.935s] -- Found gtest sources under '/usr/src/googletest': gtests will be built
[2.936s] -- Found gmock sources under '/usr/src/googletest': gmock will be built
[2.964s] -- Found PythonInterp: /usr/bin/python2 (found version "2.7.17") 
[2.967s] -- Looking for pthread.h
[3.133s] -- Looking for pthread.h - found
[3.134s] -- Looking for pthread_create
[3.307s] -- Looking for pthread_create - not found
[3.307s] -- Looking for pthread_create in pthreads
[3.428s] -- Looking for pthread_create in pthreads - not found
[3.428s] -- Looking for pthread_create in pthread
[3.579s] -- Looking for pthread_create in pthread - found
[3.582s] -- Found Threads: TRUE  
[3.592s] -- Using Python nosetests: /usr/bin/nosetests-2.7
[3.676s] -- catkin 0.7.29
[3.676s] -- BUILD_SHARED_LIBS is on
[4.017s] -- Using these message generators: gencpp;geneus;genlisp;gennodejs;genpy
[5.392s] -- Generating .msg files for action turtlebot3_example/Turtlebot3 /home/moutik/Downloads/turtlebot3-master/turtlebot3_example/action/Turtlebot3.action
[5.436s] Generating for action Turtlebot3
[5.731s] -- turtlebot3_example: 7 messages, 0 services
[6.021s] -- Configuring done
[6.090s] -- Generating done
[6.104s] -- Build files have been written to: /home/moutik/Downloads/turtlebot3-master/build/turtlebot3_example
[6.111s] Invoked command in '/home/moutik/Downloads/turtlebot3-master/build/turtlebot3_example' returned '0': CMAKE_PREFIX_PATH=/home/moutik/Downloads/turtlebot3-master/install/turtlebot3_bringup:/home/moutik/Downloads/turtlebot3-master/install/turtlebot3_teleop:/home/moutik/Downloads/turtlebot3-master/install/turtlebot3_description:${CMAKE_PREFIX_PATH} PKG_CONFIG_PATH=/home/moutik/Downloads/turtlebot3-master/install/turtlebot3_bringup/lib/x86_64-linux-gnu/pkgconfig:/home/moutik/Downloads/turtlebot3-master/install/turtlebot3_bringup/lib/pkgconfig:/home/moutik/Downloads/turtlebot3-master/install/turtlebot3_teleop/lib/x86_64-linux-gnu/pkgconfig:/home/moutik/Downloads/turtlebot3-master/install/turtlebot3_teleop/lib/pkgconfig:/home/moutik/Downloads/turtlebot3-master/install/turtlebot3_description/lib/x86_64-linux-gnu/pkgconfig:/home/moutik/Downloads/turtlebot3-master/install/turtlebot3_description/lib/pkgconfig:${PKG_CONFIG_PATH} PYTHONPATH=/home/moutik/Downloads/turtlebot3-master/install/turtlebot3_teleop/lib/python2.7/dist-packages:${PYTHONPATH} ROS_PACKAGE_PATH=/home/moutik/Downloads/turtlebot3-master/install/turtlebot3_bringup/share:/home/moutik/Downloads/turtlebot3-master/install/turtlebot3_teleop/share:/home/moutik/Downloads/turtlebot3-master/install/turtlebot3_description/share:${ROS_PACKAGE_PATH} /usr/bin/cmake /home/moutik/Downloads/turtlebot3-master/turtlebot3_example -DCATKIN_INSTALL_INTO_PREFIX_ROOT=0 -DCMAKE_INSTALL_PREFIX=/home/moutik/Downloads/turtlebot3-master/install/turtlebot3_example
[6.120s] Invoking command in '/home/moutik/Downloads/turtlebot3-master/build/turtlebot3_example': CMAKE_PREFIX_PATH=/home/moutik/Downloads/turtlebot3-master/install/turtlebot3_bringup:/home/moutik/Downloads/turtlebot3-master/install/turtlebot3_teleop:/home/moutik/Downloads/turtlebot3-master/install/turtlebot3_description:${CMAKE_PREFIX_PATH} PKG_CONFIG_PATH=/home/moutik/Downloads/turtlebot3-master/install/turtlebot3_bringup/lib/x86_64-linux-gnu/pkgconfig:/home/moutik/Downloads/turtlebot3-master/install/turtlebot3_bringup/lib/pkgconfig:/home/moutik/Downloads/turtlebot3-master/install/turtlebot3_teleop/lib/x86_64-linux-gnu/pkgconfig:/home/moutik/Downloads/turtlebot3-master/install/turtlebot3_teleop/lib/pkgconfig:/home/moutik/Downloads/turtlebot3-master/install/turtlebot3_description/lib/x86_64-linux-gnu/pkgconfig:/home/moutik/Downloads/turtlebot3-master/install/turtlebot3_description/lib/pkgconfig:${PKG_CONFIG_PATH} PYTHONPATH=/home/moutik/Downloads/turtlebot3-master/install/turtlebot3_teleop/lib/python2.7/dist-packages:${PYTHONPATH} ROS_PACKAGE_PATH=/home/moutik/Downloads/turtlebot3-master/install/turtlebot3_bringup/share:/home/moutik/Downloads/turtlebot3-master/install/turtlebot3_teleop/share:/home/moutik/Downloads/turtlebot3-master/install/turtlebot3_description/share:${ROS_PACKAGE_PATH} /usr/bin/cmake --build /home/moutik/Downloads/turtlebot3-master/build/turtlebot3_example -- -j2 -l2
[6.235s] [35m[1mScanning dependencies of target _turtlebot3_example_generate_messages_check_deps_Turtlebot3Feedback[0m
[6.270s] [35m[1mScanning dependencies of target _turtlebot3_example_generate_messages_check_deps_Turtlebot3ActionGoal[0m
[6.340s] [  0%] Built target _turtlebot3_example_generate_messages_check_deps_Turtlebot3Feedback
[6.374s] [35m[1mScanning dependencies of target _turtlebot3_example_generate_messages_check_deps_Turtlebot3Action[0m
[6.392s] [  0%] Built target _turtlebot3_example_generate_messages_check_deps_Turtlebot3ActionGoal
[6.441s] [35m[1mScanning dependencies of target geometry_msgs_generate_messages_eus[0m
[6.482s] [  0%] Built target _turtlebot3_example_generate_messages_check_deps_Turtlebot3Action
[6.491s] [  0%] Built target geometry_msgs_generate_messages_eus
[6.520s] [35m[1mScanning dependencies of target std_msgs_generate_messages_eus[0m
[6.544s] [35m[1mScanning dependencies of target _turtlebot3_example_generate_messages_check_deps_Turtlebot3ActionFeedback[0m
[6.573s] [  0%] Built target std_msgs_generate_messages_eus
[6.625s] [35m[1mScanning dependencies of target actionlib_msgs_generate_messages_eus[0m
[6.645s] [  0%] Built target _turtlebot3_example_generate_messages_check_deps_Turtlebot3ActionFeedback
[6.668s] [  0%] Built target actionlib_msgs_generate_messages_eus
[6.698s] [35m[1mScanning dependencies of target _turtlebot3_example_generate_messages_check_deps_Turtlebot3Result[0m
[6.704s] [35m[1mScanning dependencies of target _turtlebot3_example_generate_messages_check_deps_Turtlebot3Goal[0m
[6.812s] [  0%] Built target _turtlebot3_example_generate_messages_check_deps_Turtlebot3Result
[6.822s] [  0%] Built target _turtlebot3_example_generate_messages_check_deps_Turtlebot3Goal
[6.851s] [35m[1mScanning dependencies of target _turtlebot3_example_generate_messages_check_deps_Turtlebot3ActionResult[0m
[6.868s] [35m[1mScanning dependencies of target std_msgs_generate_messages_py[0m
[6.918s] [  0%] Built target std_msgs_generate_messages_py
[6.957s] [  0%] Built target _turtlebot3_example_generate_messages_check_deps_Turtlebot3ActionResult
[6.976s] [35m[1mScanning dependencies of target actionlib_msgs_generate_messages_py[0m
[7.019s] [35m[1mScanning dependencies of target geometry_msgs_generate_messages_py[0m
[7.038s] [  0%] Built target actionlib_msgs_generate_messages_py
[7.058s] [  0%] Built target geometry_msgs_generate_messages_py
[7.075s] [35m[1mScanning dependencies of target std_msgs_generate_messages_lisp[0m
[7.090s] [35m[1mScanning dependencies of target actionlib_msgs_generate_messages_lisp[0m
[7.114s] [  0%] Built target std_msgs_generate_messages_lisp
[7.135s] [  0%] Built target actionlib_msgs_generate_messages_lisp
[7.159s] [35m[1mScanning dependencies of target geometry_msgs_generate_messages_lisp[0m
[7.169s] [35m[1mScanning dependencies of target std_msgs_generate_messages_nodejs[0m
[7.193s] [  0%] Built target geometry_msgs_generate_messages_lisp
[7.210s] [  0%] Built target std_msgs_generate_messages_nodejs
[7.240s] [35m[1mScanning dependencies of target actionlib_msgs_generate_messages_nodejs[0m
[7.256s] [35m[1mScanning dependencies of target geometry_msgs_generate_messages_nodejs[0m
[7.276s] [  0%] Built target actionlib_msgs_generate_messages_nodejs
[7.302s] [35m[1mScanning dependencies of target std_msgs_generate_messages_cpp[0m
[7.307s] [  0%] Built target geometry_msgs_generate_messages_nodejs
[7.332s] [  0%] Built target std_msgs_generate_messages_cpp
[7.342s] [35m[1mScanning dependencies of target actionlib_msgs_generate_messages_cpp[0m
[7.366s] [35m[1mScanning dependencies of target geometry_msgs_generate_messages_cpp[0m
[7.378s] [  0%] Built target actionlib_msgs_generate_messages_cpp
[7.405s] [  0%] Built target geometry_msgs_generate_messages_cpp
[7.414s] [35m[1mScanning dependencies of target turtlebot3_example_generate_messages_eus[0m
[7.440s] [  2%] [34m[1mGenerating EusLisp code from turtlebot3_example/Turtlebot3Result.msg[0m
[7.452s] [35m[1mScanning dependencies of target turtlebot3_example_generate_messages_py[0m
[7.492s] [  5%] [34m[1mGenerating Python from MSG turtlebot3_example/Turtlebot3Result[0m
[7.668s] [  8%] [34m[1mGenerating EusLisp code from turtlebot3_example/Turtlebot3Goal.msg[0m
[7.831s] [ 10%] [34m[1mGenerating EusLisp code from turtlebot3_example/Turtlebot3ActionResult.msg[0m
[8.023s] [ 13%] [34m[1mGenerating EusLisp code from turtlebot3_example/Turtlebot3Action.msg[0m
[8.053s] [ 16%] [34m[1mGenerating Python from MSG turtlebot3_example/Turtlebot3Goal[0m
[8.250s] [ 18%] [34m[1mGenerating EusLisp code from turtlebot3_example/Turtlebot3ActionFeedback.msg[0m
[8.395s] [ 21%] [34m[1mGenerating Python from MSG turtlebot3_example/Turtlebot3ActionResult[0m
[8.396s] [ 24%] [34m[1mGenerating EusLisp code from turtlebot3_example/Turtlebot3Feedback.msg[0m
[8.577s] [ 27%] [34m[1mGenerating EusLisp code from turtlebot3_example/Turtlebot3ActionGoal.msg[0m
[8.754s] [ 29%] [34m[1mGenerating Python from MSG turtlebot3_example/Turtlebot3Action[0m
[8.817s] [ 32%] [34m[1mGenerating EusLisp manifest code for turtlebot3_example[0m
[9.040s] [ 35%] [34m[1mGenerating Python from MSG turtlebot3_example/Turtlebot3ActionFeedback[0m
[9.324s] [ 37%] [34m[1mGenerating Python from MSG turtlebot3_example/Turtlebot3Feedback[0m
[9.589s] [ 40%] [34m[1mGenerating Python from MSG turtlebot3_example/Turtlebot3ActionGoal[0m
[9.949s] [ 43%] [34m[1mGenerating Python msg __init__.py for turtlebot3_example[0m
[10.429s] [ 43%] Built target turtlebot3_example_generate_messages_py
[10.461s] [35m[1mScanning dependencies of target turtlebot3_example_generate_messages_lisp[0m
[10.515s] [ 45%] [34m[1mGenerating Lisp code from turtlebot3_example/Turtlebot3Result.msg[0m
[10.690s] [ 48%] [34m[1mGenerating Lisp code from turtlebot3_example/Turtlebot3Goal.msg[0m
[10.901s] [ 51%] [34m[1mGenerating Lisp code from turtlebot3_example/Turtlebot3ActionResult.msg[0m
[11.131s] [ 54%] [34m[1mGenerating Lisp code from turtlebot3_example/Turtlebot3Action.msg[0m
[11.272s] [ 56%] [34m[1mGenerating Lisp code from turtlebot3_example/Turtlebot3ActionFeedback.msg[0m
[11.457s] [ 59%] [34m[1mGenerating Lisp code from turtlebot3_example/Turtlebot3Feedback.msg[0m
[11.514s] [ 59%] Built target turtlebot3_example_generate_messages_eus
[11.582s] [35m[1mScanning dependencies of target turtlebot3_example_generate_messages_nodejs[0m
[11.600s] [ 62%] [34m[1mGenerating Lisp code from turtlebot3_example/Turtlebot3ActionGoal.msg[0m
[11.631s] [ 64%] [34m[1mGenerating Javascript code from turtlebot3_example/Turtlebot3Result.msg[0m
[11.705s] [ 64%] Built target turtlebot3_example_generate_messages_lisp
[11.752s] [35m[1mScanning dependencies of target turtlebot3_example_generate_messages_cpp[0m
[11.777s] [ 67%] [34m[1mGenerating Javascript code from turtlebot3_example/Turtlebot3Goal.msg[0m
[11.817s] [ 70%] [34m[1mGenerating C++ code from turtlebot3_example/Turtlebot3Result.msg[0m
[11.961s] [ 72%] [34m[1mGenerating Javascript code from turtlebot3_example/Turtlebot3ActionResult.msg[0m
[12.138s] [ 75%] [34m[1mGenerating Javascript code from turtlebot3_example/Turtlebot3Action.msg[0m
[12.284s] [ 78%] [34m[1mGenerating Javascript code from turtlebot3_example/Turtlebot3ActionFeedback.msg[0m
[12.310s] [ 81%] [34m[1mGenerating C++ code from turtlebot3_example/Turtlebot3Goal.msg[0m
[12.469s] [ 83%] [34m[1mGenerating Javascript code from turtlebot3_example/Turtlebot3Feedback.msg[0m
[12.620s] [ 86%] [34m[1mGenerating C++ code from turtlebot3_example/Turtlebot3ActionResult.msg[0m
[12.646s] [ 89%] [34m[1mGenerating Javascript code from turtlebot3_example/Turtlebot3ActionGoal.msg[0m
[12.789s] [ 89%] Built target turtlebot3_example_generate_messages_nodejs
[12.830s] [ 91%] [34m[1mGenerating C++ code from turtlebot3_example/Turtlebot3Action.msg[0m
[12.917s] [ 94%] [34m[1mGenerating C++ code from turtlebot3_example/Turtlebot3ActionFeedback.msg[0m
[13.154s] [ 97%] [34m[1mGenerating C++ code from turtlebot3_example/Turtlebot3Feedback.msg[0m
[13.294s] [100%] [34m[1mGenerating C++ code from turtlebot3_example/Turtlebot3ActionGoal.msg[0m
[13.588s] [100%] Built target turtlebot3_example_generate_messages_cpp
[13.616s] [35m[1mScanning dependencies of target turtlebot3_example_generate_messages[0m
[13.646s] [100%] Built target turtlebot3_example_generate_messages
[13.678s] Invoked command in '/home/moutik/Downloads/turtlebot3-master/build/turtlebot3_example' returned '0': CMAKE_PREFIX_PATH=/home/moutik/Downloads/turtlebot3-master/install/turtlebot3_bringup:/home/moutik/Downloads/turtlebot3-master/install/turtlebot3_teleop:/home/moutik/Downloads/turtlebot3-master/install/turtlebot3_description:${CMAKE_PREFIX_PATH} PKG_CONFIG_PATH=/home/moutik/Downloads/turtlebot3-master/install/turtlebot3_bringup/lib/x86_64-linux-gnu/pkgconfig:/home/moutik/Downloads/turtlebot3-master/install/turtlebot3_bringup/lib/pkgconfig:/home/moutik/Downloads/turtlebot3-master/install/turtlebot3_teleop/lib/x86_64-linux-gnu/pkgconfig:/home/moutik/Downloads/turtlebot3-master/install/turtlebot3_teleop/lib/pkgconfig:/home/moutik/Downloads/turtlebot3-master/install/turtlebot3_description/lib/x86_64-linux-gnu/pkgconfig:/home/moutik/Downloads/turtlebot3-master/install/turtlebot3_description/lib/pkgconfig:${PKG_CONFIG_PATH} PYTHONPATH=/home/moutik/Downloads/turtlebot3-master/install/turtlebot3_teleop/lib/python2.7/dist-packages:${PYTHONPATH} ROS_PACKAGE_PATH=/home/moutik/Downloads/turtlebot3-master/install/turtlebot3_bringup/share:/home/moutik/Downloads/turtlebot3-master/install/turtlebot3_teleop/share:/home/moutik/Downloads/turtlebot3-master/install/turtlebot3_description/share:${ROS_PACKAGE_PATH} /usr/bin/cmake --build /home/moutik/Downloads/turtlebot3-master/build/turtlebot3_example -- -j2 -l2
[13.993s] Invoking command in '/home/moutik/Downloads/turtlebot3-master/build/turtlebot3_example': CMAKE_PREFIX_PATH=/home/moutik/Downloads/turtlebot3-master/install/turtlebot3_bringup:/home/moutik/Downloads/turtlebot3-master/install/turtlebot3_teleop:/home/moutik/Downloads/turtlebot3-master/install/turtlebot3_description:${CMAKE_PREFIX_PATH} PKG_CONFIG_PATH=/home/moutik/Downloads/turtlebot3-master/install/turtlebot3_bringup/lib/x86_64-linux-gnu/pkgconfig:/home/moutik/Downloads/turtlebot3-master/install/turtlebot3_bringup/lib/pkgconfig:/home/moutik/Downloads/turtlebot3-master/install/turtlebot3_teleop/lib/x86_64-linux-gnu/pkgconfig:/home/moutik/Downloads/turtlebot3-master/install/turtlebot3_teleop/lib/pkgconfig:/home/moutik/Downloads/turtlebot3-master/install/turtlebot3_description/lib/x86_64-linux-gnu/pkgconfig:/home/moutik/Downloads/turtlebot3-master/install/turtlebot3_description/lib/pkgconfig:${PKG_CONFIG_PATH} PYTHONPATH=/home/moutik/Downloads/turtlebot3-master/install/turtlebot3_teleop/lib/python2.7/dist-packages:${PYTHONPATH} ROS_PACKAGE_PATH=/home/moutik/Downloads/turtlebot3-master/install/turtlebot3_bringup/share:/home/moutik/Downloads/turtlebot3-master/install/turtlebot3_teleop/share:/home/moutik/Downloads/turtlebot3-master/install/turtlebot3_description/share:${ROS_PACKAGE_PATH} /usr/bin/cmake --build /home/moutik/Downloads/turtlebot3-master/build/turtlebot3_example --target tests -- -j2 -l2
[14.118s] [35m[1mScanning dependencies of target tests[0m
[14.140s] Built target tests
[14.163s] Invoked command in '/home/moutik/Downloads/turtlebot3-master/build/turtlebot3_example' returned '0': CMAKE_PREFIX_PATH=/home/moutik/Downloads/turtlebot3-master/install/turtlebot3_bringup:/home/moutik/Downloads/turtlebot3-master/install/turtlebot3_teleop:/home/moutik/Downloads/turtlebot3-master/install/turtlebot3_description:${CMAKE_PREFIX_PATH} PKG_CONFIG_PATH=/home/moutik/Downloads/turtlebot3-master/install/turtlebot3_bringup/lib/x86_64-linux-gnu/pkgconfig:/home/moutik/Downloads/turtlebot3-master/install/turtlebot3_bringup/lib/pkgconfig:/home/moutik/Downloads/turtlebot3-master/install/turtlebot3_teleop/lib/x86_64-linux-gnu/pkgconfig:/home/moutik/Downloads/turtlebot3-master/install/turtlebot3_teleop/lib/pkgconfig:/home/moutik/Downloads/turtlebot3-master/install/turtlebot3_description/lib/x86_64-linux-gnu/pkgconfig:/home/moutik/Downloads/turtlebot3-master/install/turtlebot3_description/lib/pkgconfig:${PKG_CONFIG_PATH} PYTHONPATH=/home/moutik/Downloads/turtlebot3-master/install/turtlebot3_teleop/lib/python2.7/dist-packages:${PYTHONPATH} ROS_PACKAGE_PATH=/home/moutik/Downloads/turtlebot3-master/install/turtlebot3_bringup/share:/home/moutik/Downloads/turtlebot3-master/install/turtlebot3_teleop/share:/home/moutik/Downloads/turtlebot3-master/install/turtlebot3_description/share:${ROS_PACKAGE_PATH} /usr/bin/cmake --build /home/moutik/Downloads/turtlebot3-master/build/turtlebot3_example --target tests -- -j2 -l2
[14.455s] Invoking command in '/home/moutik/Downloads/turtlebot3-master/build/turtlebot3_example': CMAKE_PREFIX_PATH=/home/moutik/Downloads/turtlebot3-master/install/turtlebot3_bringup:/home/moutik/Downloads/turtlebot3-master/install/turtlebot3_teleop:/home/moutik/Downloads/turtlebot3-master/install/turtlebot3_description:${CMAKE_PREFIX_PATH} PKG_CONFIG_PATH=/home/moutik/Downloads/turtlebot3-master/install/turtlebot3_bringup/lib/x86_64-linux-gnu/pkgconfig:/home/moutik/Downloads/turtlebot3-master/install/turtlebot3_bringup/lib/pkgconfig:/home/moutik/Downloads/turtlebot3-master/install/turtlebot3_teleop/lib/x86_64-linux-gnu/pkgconfig:/home/moutik/Downloads/turtlebot3-master/install/turtlebot3_teleop/lib/pkgconfig:/home/moutik/Downloads/turtlebot3-master/install/turtlebot3_description/lib/x86_64-linux-gnu/pkgconfig:/home/moutik/Downloads/turtlebot3-master/install/turtlebot3_description/lib/pkgconfig:${PKG_CONFIG_PATH} PYTHONPATH=/home/moutik/Downloads/turtlebot3-master/install/turtlebot3_teleop/lib/python2.7/dist-packages:${PYTHONPATH} ROS_PACKAGE_PATH=/home/moutik/Downloads/turtlebot3-master/install/turtlebot3_bringup/share:/home/moutik/Downloads/turtlebot3-master/install/turtlebot3_teleop/share:/home/moutik/Downloads/turtlebot3-master/install/turtlebot3_description/share:${ROS_PACKAGE_PATH} /usr/bin/cmake --build /home/moutik/Downloads/turtlebot3-master/build/turtlebot3_example --target install -- -j2 -l2
[14.708s] [  0%] Built target _turtlebot3_example_generate_messages_check_deps_Turtlebot3Feedback
[14.722s] [  0%] Built target _turtlebot3_example_generate_messages_check_deps_Turtlebot3ActionGoal
[14.852s] [  0%] Built target geometry_msgs_generate_messages_eus
[14.854s] [  0%] Built target _turtlebot3_example_generate_messages_check_deps_Turtlebot3Action
[14.959s] [  0%] Built target std_msgs_generate_messages_eus
[14.992s] [  0%] Built target _turtlebot3_example_generate_messages_check_deps_Turtlebot3ActionFeedback
[15.060s] [  0%] Built target actionlib_msgs_generate_messages_eus
[15.160s] [  0%] Built target _turtlebot3_example_generate_messages_check_deps_Turtlebot3Result
[15.244s] [  0%] Built target _turtlebot3_example_generate_messages_check_deps_Turtlebot3Goal
[15.343s] [  0%] Built target std_msgs_generate_messages_py
[15.360s] [  0%] Built target _turtlebot3_example_generate_messages_check_deps_Turtlebot3ActionResult
[15.426s] [  0%] Built target actionlib_msgs_generate_messages_py
[15.440s] [  0%] Built target geometry_msgs_generate_messages_py
[15.509s] [  0%] Built target std_msgs_generate_messages_lisp
[15.546s] [  0%] Built target actionlib_msgs_generate_messages_lisp
[15.591s] [  0%] Built target geometry_msgs_generate_messages_lisp
[15.610s] [  0%] Built target std_msgs_generate_messages_nodejs
[15.680s] [  0%] Built target actionlib_msgs_generate_messages_nodejs
[15.700s] [  0%] Built target geometry_msgs_generate_messages_nodejs
[15.765s] [  0%] Built target actionlib_msgs_generate_messages_cpp
[15.803s] [  0%] Built target std_msgs_generate_messages_cpp
[15.876s] [  0%] Built target geometry_msgs_generate_messages_cpp
[16.089s] [ 21%] Built target turtlebot3_example_generate_messages_eus
[16.244s] [ 43%] Built target turtlebot3_example_generate_messages_py
[16.336s] [ 62%] Built target turtlebot3_example_generate_messages_lisp
[16.380s] [ 81%] Built target turtlebot3_example_generate_messages_nodejs
[16.421s] [100%] Built target turtlebot3_example_generate_messages_cpp
[16.525s] [100%] Built target turtlebot3_example_generate_messages
[16.599s] [36mInstall the project...[0m
[16.620s] -- Install configuration: ""
[16.623s] + cd /home/moutik/Downloads/turtlebot3-master/turtlebot3_example
[16.623s] + mkdir -p /home/moutik/Downloads/turtlebot3-master/install/turtlebot3_example/lib/python2.7/dist-packages
[16.632s] + /usr/bin/env PYTHONPATH=/home/moutik/Downloads/turtlebot3-master/install/turtlebot3_example/lib/python2.7/dist-packages:/home/moutik/Downloads/turtlebot3-master/build/turtlebot3_example/lib/python2.7/dist-packages:/home/moutik/Downloads/turtlebot3-master/install/turtlebot3_teleop/lib/python2.7/dist-packages:/opt/ros/melodic/lib/python2.7/dist-packages CATKIN_BINARY_DIR=/home/moutik/Downloads/turtlebot3-master/build/turtlebot3_example /usr/bin/python2 /home/moutik/Downloads/turtlebot3-master/turtlebot3_example/setup.py build --build-base /home/moutik/Downloads/turtlebot3-master/build/turtlebot3_example install --root=/ --install-layout=deb --prefix=/home/moutik/Downloads/turtlebot3-master/install/turtlebot3_example --install-scripts=/home/moutik/Downloads/turtlebot3-master/install/turtlebot3_example/bin
[16.724s] running build
[16.724s] running build_py
[16.729s] creating /home/moutik/Downloads/turtlebot3-master/build/turtlebot3_example/lib.linux-x86_64-2.7
[16.729s] creating /home/moutik/Downloads/turtlebot3-master/build/turtlebot3_example/lib.linux-x86_64-2.7/turtlebot3_example
[16.730s] copying src/turtlebot3_example/__init__.py -> /home/moutik/Downloads/turtlebot3-master/build/turtlebot3_example/lib.linux-x86_64-2.7/turtlebot3_example
[16.731s] running install
[16.732s] running install_lib
[16.734s] creating /home/moutik/Downloads/turtlebot3-master/install/turtlebot3_example/lib/python2.7/dist-packages/turtlebot3_example
[16.734s] copying /home/moutik/Downloads/turtlebot3-master/build/turtlebot3_example/lib.linux-x86_64-2.7/turtlebot3_example/__init__.py -> /home/moutik/Downloads/turtlebot3-master/install/turtlebot3_example/lib/python2.7/dist-packages/turtlebot3_example
[16.736s] byte-compiling /home/moutik/Downloads/turtlebot3-master/install/turtlebot3_example/lib/python2.7/dist-packages/turtlebot3_example/__init__.py to __init__.pyc
[16.740s] running install_egg_info
[16.742s] Writing /home/moutik/Downloads/turtlebot3-master/install/turtlebot3_example/lib/python2.7/dist-packages/turtlebot3_example-1.2.6.egg-info
[16.756s] -- Installing: /home/moutik/Downloads/turtlebot3-master/install/turtlebot3_example/share/turtlebot3_example/action/Turtlebot3.action
[16.756s] -- Installing: /home/moutik/Downloads/turtlebot3-master/install/turtlebot3_example/share/turtlebot3_example/msg/Turtlebot3Action.msg
[16.756s] -- Installing: /home/moutik/Downloads/turtlebot3-master/install/turtlebot3_example/share/turtlebot3_example/msg/Turtlebot3ActionGoal.msg
[16.756s] -- Installing: /home/moutik/Downloads/turtlebot3-master/install/turtlebot3_example/share/turtlebot3_example/msg/Turtlebot3ActionResult.msg
[16.757s] -- Installing: /home/moutik/Downloads/turtlebot3-master/install/turtlebot3_example/share/turtlebot3_example/msg/Turtlebot3ActionFeedback.msg
[16.757s] -- Installing: /home/moutik/Downloads/turtlebot3-master/install/turtlebot3_example/share/turtlebot3_example/msg/Turtlebot3Goal.msg
[16.757s] -- Installing: /home/moutik/Downloads/turtlebot3-master/install/turtlebot3_example/share/turtlebot3_example/msg/Turtlebot3Result.msg
[16.757s] -- Installing: /home/moutik/Downloads/turtlebot3-master/install/turtlebot3_example/share/turtlebot3_example/msg/Turtlebot3Feedback.msg
[16.757s] -- Installing: /home/moutik/Downloads/turtlebot3-master/install/turtlebot3_example/share/turtlebot3_example/cmake/turtlebot3_example-msg-paths.cmake
[16.757s] -- Installing: /home/moutik/Downloads/turtlebot3-master/install/turtlebot3_example/include/turtlebot3_example
[16.757s] -- Installing: /home/moutik/Downloads/turtlebot3-master/install/turtlebot3_example/include/turtlebot3_example/Turtlebot3Feedback.h
[16.758s] -- Installing: /home/moutik/Downloads/turtlebot3-master/install/turtlebot3_example/include/turtlebot3_example/Turtlebot3ActionResult.h
[16.758s] -- Installing: /home/moutik/Downloads/turtlebot3-master/install/turtlebot3_example/include/turtlebot3_example/Turtlebot3Goal.h
[16.758s] -- Installing: /home/moutik/Downloads/turtlebot3-master/install/turtlebot3_example/include/turtlebot3_example/Turtlebot3Result.h
[16.758s] -- Installing: /home/moutik/Downloads/turtlebot3-master/install/turtlebot3_example/include/turtlebot3_example/Turtlebot3ActionGoal.h
[16.758s] -- Installing: /home/moutik/Downloads/turtlebot3-master/install/turtlebot3_example/include/turtlebot3_example/Turtlebot3ActionFeedback.h
[16.758s] -- Installing: /home/moutik/Downloads/turtlebot3-master/install/turtlebot3_example/include/turtlebot3_example/Turtlebot3Action.h
[16.758s] -- Installing: /home/moutik/Downloads/turtlebot3-master/install/turtlebot3_example/share/roseus/ros/turtlebot3_example
[16.759s] -- Installing: /home/moutik/Downloads/turtlebot3-master/install/turtlebot3_example/share/roseus/ros/turtlebot3_example/msg
[16.759s] -- Installing: /home/moutik/Downloads/turtlebot3-master/install/turtlebot3_example/share/roseus/ros/turtlebot3_example/msg/Turtlebot3Feedback.l
[16.759s] -- Installing: /home/moutik/Downloads/turtlebot3-master/install/turtlebot3_example/share/roseus/ros/turtlebot3_example/msg/Turtlebot3Goal.l
[16.759s] -- Installing: /home/moutik/Downloads/turtlebot3-master/install/turtlebot3_example/share/roseus/ros/turtlebot3_example/msg/Turtlebot3ActionGoal.l
[16.759s] -- Installing: /home/moutik/Downloads/turtlebot3-master/install/turtlebot3_example/share/roseus/ros/turtlebot3_example/msg/Turtlebot3ActionResult.l
[16.759s] -- Installing: /home/moutik/Downloads/turtlebot3-master/install/turtlebot3_example/share/roseus/ros/turtlebot3_example/msg/Turtlebot3ActionFeedback.l
[16.759s] -- Installing: /home/moutik/Downloads/turtlebot3-master/install/turtlebot3_example/share/roseus/ros/turtlebot3_example/msg/Turtlebot3Action.l
[16.759s] -- Installing: /home/moutik/Downloads/turtlebot3-master/install/turtlebot3_example/share/roseus/ros/turtlebot3_example/msg/Turtlebot3Result.l
[16.760s] -- Installing: /home/moutik/Downloads/turtlebot3-master/install/turtlebot3_example/share/roseus/ros/turtlebot3_example/manifest.l
[16.760s] -- Installing: /home/moutik/Downloads/turtlebot3-master/install/turtlebot3_example/share/common-lisp/ros/turtlebot3_example
[16.760s] -- Installing: /home/moutik/Downloads/turtlebot3-master/install/turtlebot3_example/share/common-lisp/ros/turtlebot3_example/msg
[16.760s] -- Installing: /home/moutik/Downloads/turtlebot3-master/install/turtlebot3_example/share/common-lisp/ros/turtlebot3_example/msg/Turtlebot3ActionGoal.lisp
[16.761s] -- Installing: /home/moutik/Downloads/turtlebot3-master/install/turtlebot3_example/share/common-lisp/ros/turtlebot3_example/msg/Turtlebot3ActionResult.lisp
[16.761s] -- Installing: /home/moutik/Downloads/turtlebot3-master/install/turtlebot3_example/share/common-lisp/ros/turtlebot3_example/msg/Turtlebot3Goal.lisp
[16.762s] -- Installing: /home/moutik/Downloads/turtlebot3-master/install/turtlebot3_example/share/common-lisp/ros/turtlebot3_example/msg/Turtlebot3Feedback.lisp
[16.762s] -- Installing: /home/moutik/Downloads/turtlebot3-master/install/turtlebot3_example/share/common-lisp/ros/turtlebot3_example/msg/turtlebot3_example-msg.asd
[16.762s] -- Installing: /home/moutik/Downloads/turtlebot3-master/install/turtlebot3_example/share/common-lisp/ros/turtlebot3_example/msg/_package_Turtlebot3ActionResult.lisp
[16.762s] -- Installing: /home/moutik/Downloads/turtlebot3-master/install/turtlebot3_example/share/common-lisp/ros/turtlebot3_example/msg/_package_Turtlebot3ActionGoal.lisp
[16.763s] -- Installing: /home/moutik/Downloads/turtlebot3-master/install/turtlebot3_example/share/common-lisp/ros/turtlebot3_example/msg/Turtlebot3ActionFeedback.lisp
[16.763s] -- Installing: /home/moutik/Downloads/turtlebot3-master/install/turtlebot3_example/share/common-lisp/ros/turtlebot3_example/msg/_package_Turtlebot3Result.lisp
[16.764s] -- Installing: /home/moutik/Downloads/turtlebot3-master/install/turtlebot3_example/share/common-lisp/ros/turtlebot3_example/msg/_package_Turtlebot3Action.lisp
[16.764s] -- Installing: /home/moutik/Downloads/turtlebot3-master/install/turtlebot3_example/share/common-lisp/ros/turtlebot3_example/msg/_package.lisp
[16.764s] -- Installing: /home/moutik/Downloads/turtlebot3-master/install/turtlebot3_example/share/common-lisp/ros/turtlebot3_example/msg/_package_Turtlebot3Feedback.lisp
[16.765s] -- Installing: /home/moutik/Downloads/turtlebot3-master/install/turtlebot3_example/share/common-lisp/ros/turtlebot3_example/msg/Turtlebot3Action.lisp
[16.765s] -- Installing: /home/moutik/Downloads/turtlebot3-master/install/turtlebot3_example/share/common-lisp/ros/turtlebot3_example/msg/_package_Turtlebot3ActionFeedback.lisp
[16.766s] -- Installing: /home/moutik/Downloads/turtlebot3-master/install/turtlebot3_example/share/common-lisp/ros/turtlebot3_example/msg/Turtlebot3Result.lisp
[16.766s] -- Installing: /home/moutik/Downloads/turtlebot3-master/install/turtlebot3_example/share/common-lisp/ros/turtlebot3_example/msg/_package_Turtlebot3Goal.lisp
[16.767s] -- Installing: /home/moutik/Downloads/turtlebot3-master/install/turtlebot3_example/share/gennodejs/ros/turtlebot3_example
[16.767s] -- Installing: /home/moutik/Downloads/turtlebot3-master/install/turtlebot3_example/share/gennodejs/ros/turtlebot3_example/msg
[16.768s] -- Installing: /home/moutik/Downloads/turtlebot3-master/install/turtlebot3_example/share/gennodejs/ros/turtlebot3_example/msg/Turtlebot3Feedback.js
[16.768s] -- Installing: /home/moutik/Downloads/turtlebot3-master/install/turtlebot3_example/share/gennodejs/ros/turtlebot3_example/msg/Turtlebot3Goal.js
[16.768s] -- Installing: /home/moutik/Downloads/turtlebot3-master/install/turtlebot3_example/share/gennodejs/ros/turtlebot3_example/msg/Turtlebot3ActionResult.js
[16.769s] -- Installing: /home/moutik/Downloads/turtlebot3-master/install/turtlebot3_example/share/gennodejs/ros/turtlebot3_example/msg/Turtlebot3Action.js
[16.769s] -- Installing: /home/moutik/Downloads/turtlebot3-master/install/turtlebot3_example/share/gennodejs/ros/turtlebot3_example/msg/_index.js
[16.770s] -- Installing: /home/moutik/Downloads/turtlebot3-master/install/turtlebot3_example/share/gennodejs/ros/turtlebot3_example/msg/Turtlebot3Result.js
[16.770s] -- Installing: /home/moutik/Downloads/turtlebot3-master/install/turtlebot3_example/share/gennodejs/ros/turtlebot3_example/msg/Turtlebot3ActionGoal.js
[16.771s] -- Installing: /home/moutik/Downloads/turtlebot3-master/install/turtlebot3_example/share/gennodejs/ros/turtlebot3_example/msg/Turtlebot3ActionFeedback.js
[16.771s] -- Installing: /home/moutik/Downloads/turtlebot3-master/install/turtlebot3_example/share/gennodejs/ros/turtlebot3_example/_index.js
[16.810s] Listing /home/moutik/Downloads/turtlebot3-master/build/turtlebot3_example/devel/lib/python2.7/dist-packages/turtlebot3_example ...
[16.811s] Compiling /home/moutik/Downloads/turtlebot3-master/build/turtlebot3_example/devel/lib/python2.7/dist-packages/turtlebot3_example/__init__.py ...
[16.811s] Listing /home/moutik/Downloads/turtlebot3-master/build/turtlebot3_example/devel/lib/python2.7/dist-packages/turtlebot3_example/msg ...
[16.811s] Compiling /home/moutik/Downloads/turtlebot3-master/build/turtlebot3_example/devel/lib/python2.7/dist-packages/turtlebot3_example/msg/_Turtlebot3Action.py ...
[16.811s] Compiling /home/moutik/Downloads/turtlebot3-master/build/turtlebot3_example/devel/lib/python2.7/dist-packages/turtlebot3_example/msg/_Turtlebot3ActionFeedback.py ...
[16.811s] Compiling /home/moutik/Downloads/turtlebot3-master/build/turtlebot3_example/devel/lib/python2.7/dist-packages/turtlebot3_example/msg/_Turtlebot3ActionGoal.py ...
[16.811s] Compiling /home/moutik/Downloads/turtlebot3-master/build/turtlebot3_example/devel/lib/python2.7/dist-packages/turtlebot3_example/msg/_Turtlebot3ActionResult.py ...
[16.811s] Compiling /home/moutik/Downloads/turtlebot3-master/build/turtlebot3_example/devel/lib/python2.7/dist-packages/turtlebot3_example/msg/_Turtlebot3Feedback.py ...
[16.811s] Compiling /home/moutik/Downloads/turtlebot3-master/build/turtlebot3_example/devel/lib/python2.7/dist-packages/turtlebot3_example/msg/_Turtlebot3Goal.py ...
[16.811s] Compiling /home/moutik/Downloads/turtlebot3-master/build/turtlebot3_example/devel/lib/python2.7/dist-packages/turtlebot3_example/msg/_Turtlebot3Result.py ...
[16.811s] Compiling /home/moutik/Downloads/turtlebot3-master/build/turtlebot3_example/devel/lib/python2.7/dist-packages/turtlebot3_example/msg/__init__.py ...
[16.819s] -- Up-to-date: /home/moutik/Downloads/turtlebot3-master/install/turtlebot3_example/lib/python2.7/dist-packages/turtlebot3_example
[16.819s] -- Installing: /home/moutik/Downloads/turtlebot3-master/install/turtlebot3_example/lib/python2.7/dist-packages/turtlebot3_example/msg
[16.819s] -- Installing: /home/moutik/Downloads/turtlebot3-master/install/turtlebot3_example/lib/python2.7/dist-packages/turtlebot3_example/msg/_Turtlebot3ActionGoal.py
[16.819s] -- Installing: /home/moutik/Downloads/turtlebot3-master/install/turtlebot3_example/lib/python2.7/dist-packages/turtlebot3_example/msg/_Turtlebot3Action.pyc
[16.819s] -- Installing: /home/moutik/Downloads/turtlebot3-master/install/turtlebot3_example/lib/python2.7/dist-packages/turtlebot3_example/msg/_Turtlebot3Action.py
[16.819s] -- Installing: /home/moutik/Downloads/turtlebot3-master/install/turtlebot3_example/lib/python2.7/dist-packages/turtlebot3_example/msg/_Turtlebot3Feedback.pyc
[16.819s] -- Installing: /home/moutik/Downloads/turtlebot3-master/install/turtlebot3_example/lib/python2.7/dist-packages/turtlebot3_example/msg/_Turtlebot3Goal.pyc
[16.819s] -- Installing: /home/moutik/Downloads/turtlebot3-master/install/turtlebot3_example/lib/python2.7/dist-packages/turtlebot3_example/msg/_Turtlebot3ActionResult.pyc
[16.819s] -- Installing: /home/moutik/Downloads/turtlebot3-master/install/turtlebot3_example/lib/python2.7/dist-packages/turtlebot3_example/msg/_Turtlebot3ActionGoal.pyc
[16.820s] -- Installing: /home/moutik/Downloads/turtlebot3-master/install/turtlebot3_example/lib/python2.7/dist-packages/turtlebot3_example/msg/_Turtlebot3ActionResult.py
[16.820s] -- Installing: /home/moutik/Downloads/turtlebot3-master/install/turtlebot3_example/lib/python2.7/dist-packages/turtlebot3_example/msg/_Turtlebot3Result.pyc
[16.820s] -- Installing: /home/moutik/Downloads/turtlebot3-master/install/turtlebot3_example/lib/python2.7/dist-packages/turtlebot3_example/msg/_Turtlebot3ActionFeedback.py
[16.820s] -- Installing: /home/moutik/Downloads/turtlebot3-master/install/turtlebot3_example/lib/python2.7/dist-packages/turtlebot3_example/msg/_Turtlebot3ActionFeedback.pyc
[16.820s] -- Installing: /home/moutik/Downloads/turtlebot3-master/install/turtlebot3_example/lib/python2.7/dist-packages/turtlebot3_example/msg/_Turtlebot3Result.py
[16.820s] -- Installing: /home/moutik/Downloads/turtlebot3-master/install/turtlebot3_example/lib/python2.7/dist-packages/turtlebot3_example/msg/_Turtlebot3Feedback.py
[16.820s] -- Installing: /home/moutik/Downloads/turtlebot3-master/install/turtlebot3_example/lib/python2.7/dist-packages/turtlebot3_example/msg/_Turtlebot3Goal.py
[16.820s] -- Up-to-date: /home/moutik/Downloads/turtlebot3-master/install/turtlebot3_example/lib/python2.7/dist-packages/turtlebot3_example
[16.820s] -- Up-to-date: /home/moutik/Downloads/turtlebot3-master/install/turtlebot3_example/lib/python2.7/dist-packages/turtlebot3_example/msg
[16.820s] -- Installing: /home/moutik/Downloads/turtlebot3-master/install/turtlebot3_example/lib/python2.7/dist-packages/turtlebot3_example/msg/__init__.pyc
[16.820s] -- Installing: /home/moutik/Downloads/turtlebot3-master/install/turtlebot3_example/lib/python2.7/dist-packages/turtlebot3_example/msg/__init__.py
[16.821s] -- Installing: /home/moutik/Downloads/turtlebot3-master/install/turtlebot3_example/lib/pkgconfig/turtlebot3_example.pc
[16.821s] -- Installing: /home/moutik/Downloads/turtlebot3-master/install/turtlebot3_example/share/turtlebot3_example/cmake/turtlebot3_example-msg-extras.cmake
[16.821s] -- Installing: /home/moutik/Downloads/turtlebot3-master/install/turtlebot3_example/share/turtlebot3_example/cmake/turtlebot3_exampleConfig.cmake
[16.821s] -- Installing: /home/moutik/Downloads/turtlebot3-master/install/turtlebot3_example/share/turtlebot3_example/cmake/turtlebot3_exampleConfig-version.cmake
[16.821s] -- Installing: /home/moutik/Downloads/turtlebot3-master/install/turtlebot3_example/share/turtlebot3_example/package.xml
[16.821s] -- Installing: /home/moutik/Downloads/turtlebot3-master/install/turtlebot3_example/lib/turtlebot3_example/turtlebot3_obstacle
[16.821s] -- Installing: /home/moutik/Downloads/turtlebot3-master/install/turtlebot3_example/lib/turtlebot3_example/turtlebot3_client
[16.822s] -- Installing: /home/moutik/Downloads/turtlebot3-master/install/turtlebot3_example/lib/turtlebot3_example/turtlebot3_server
[16.822s] -- Installing: /home/moutik/Downloads/turtlebot3-master/install/turtlebot3_example/lib/turtlebot3_example/turtlebot3_pointop_key
[16.822s] -- Installing: /home/moutik/Downloads/turtlebot3-master/install/turtlebot3_example/lib/turtlebot3_example/turtlebot3_bumper
[16.822s] -- Installing: /home/moutik/Downloads/turtlebot3-master/install/turtlebot3_example/lib/turtlebot3_example/turtlebot3_cliff
[16.822s] -- Installing: /home/moutik/Downloads/turtlebot3-master/install/turtlebot3_example/lib/turtlebot3_example/turtlebot3_sonar
[16.823s] -- Installing: /home/moutik/Downloads/turtlebot3-master/install/turtlebot3_example/lib/turtlebot3_example/turtlebot3_illumination
[16.823s] -- Installing: /home/moutik/Downloads/turtlebot3-master/install/turtlebot3_example/lib/turtlebot3_example/turtlebot3_marker_server
[16.823s] -- Installing: /home/moutik/Downloads/turtlebot3-master/install/turtlebot3_example/share/turtlebot3_example/launch
[16.823s] -- Installing: /home/moutik/Downloads/turtlebot3-master/install/turtlebot3_example/share/turtlebot3_example/launch/turtlebot3_cliff.launch
[16.825s] -- Installing: /home/moutik/Downloads/turtlebot3-master/install/turtlebot3_example/share/turtlebot3_example/launch/turtlebot3_obstacle.launch
[16.826s] -- Installing: /home/moutik/Downloads/turtlebot3-master/install/turtlebot3_example/share/turtlebot3_example/launch/turtlebot3_pointop_key.launch
[16.827s] -- Installing: /home/moutik/Downloads/turtlebot3-master/install/turtlebot3_example/share/turtlebot3_example/launch/turtlebot3_illumination.launch
[16.828s] -- Installing: /home/moutik/Downloads/turtlebot3-master/install/turtlebot3_example/share/turtlebot3_example/launch/interactive_markers.launch
[16.829s] -- Installing: /home/moutik/Downloads/turtlebot3-master/install/turtlebot3_example/share/turtlebot3_example/launch/turtlebot3_sonar.launch
[16.830s] -- Installing: /home/moutik/Downloads/turtlebot3-master/install/turtlebot3_example/share/turtlebot3_example/launch/turtlebot3_bumper.launch
[16.831s] -- Installing: /home/moutik/Downloads/turtlebot3-master/install/turtlebot3_example/share/turtlebot3_example/launch/turtlebot3_client.launch
[16.832s] -- Installing: /home/moutik/Downloads/turtlebot3-master/install/turtlebot3_example/share/turtlebot3_example/rviz
[16.833s] -- Installing: /home/moutik/Downloads/turtlebot3-master/install/turtlebot3_example/share/turtlebot3_example/rviz/turtlebot3_interactive.rviz
[16.841s] Invoked command in '/home/moutik/Downloads/turtlebot3-master/build/turtlebot3_example' returned '0': CMAKE_PREFIX_PATH=/home/moutik/Downloads/turtlebot3-master/install/turtlebot3_bringup:/home/moutik/Downloads/turtlebot3-master/install/turtlebot3_teleop:/home/moutik/Downloads/turtlebot3-master/install/turtlebot3_description:${CMAKE_PREFIX_PATH} PKG_CONFIG_PATH=/home/moutik/Downloads/turtlebot3-master/install/turtlebot3_bringup/lib/x86_64-linux-gnu/pkgconfig:/home/moutik/Downloads/turtlebot3-master/install/turtlebot3_bringup/lib/pkgconfig:/home/moutik/Downloads/turtlebot3-master/install/turtlebot3_teleop/lib/x86_64-linux-gnu/pkgconfig:/home/moutik/Downloads/turtlebot3-master/install/turtlebot3_teleop/lib/pkgconfig:/home/moutik/Downloads/turtlebot3-master/install/turtlebot3_description/lib/x86_64-linux-gnu/pkgconfig:/home/moutik/Downloads/turtlebot3-master/install/turtlebot3_description/lib/pkgconfig:${PKG_CONFIG_PATH} PYTHONPATH=/home/moutik/Downloads/turtlebot3-master/install/turtlebot3_teleop/lib/python2.7/dist-packages:${PYTHONPATH} ROS_PACKAGE_PATH=/home/moutik/Downloads/turtlebot3-master/install/turtlebot3_bringup/share:/home/moutik/Downloads/turtlebot3-master/install/turtlebot3_teleop/share:/home/moutik/Downloads/turtlebot3-master/install/turtlebot3_description/share:${ROS_PACKAGE_PATH} /usr/bin/cmake --build /home/moutik/Downloads/turtlebot3-master/build/turtlebot3_example --target install -- -j2 -l2
