[  0%] Built target rosgraph_msgs_generate_messages_nodejs
[  0%] Built target geometry_msgs_generate_messages_py
[  0%] Built target rosgraph_msgs_generate_messages_py
[  0%] Built target std_msgs_generate_messages_eus
[  0%] Built target rosgraph_msgs_generate_messages_lisp
[  0%] Built target rosgraph_msgs_generate_messages_eus
[  0%] Built target rosgraph_msgs_generate_messages_cpp
[  0%] Built target roscpp_generate_messages_py
[  0%] Built target std_msgs_generate_messages_py
[  0%] Built target geometry_msgs_generate_messages_eus
[  0%] Built target roscpp_generate_messages_nodejs
[  0%] Built target roscpp_generate_messages_eus
[  0%] Built target std_msgs_generate_messages_cpp
[  0%] Built target roscpp_generate_messages_lisp
[  0%] Built target geometry_msgs_generate_messages_nodejs
[  0%] Built target sensor_msgs_generate_messages_py
[  0%] Built target std_msgs_generate_messages_lisp
[  0%] Built target sensor_msgs_generate_messages_cpp
[  0%] Built target sensor_msgs_generate_messages_eus
[  0%] Built target std_msgs_generate_messages_nodejs
[  0%] Built target sensor_msgs_generate_messages_lisp
[  0%] Built target roscpp_generate_messages_cpp
[  0%] Built target sensor_msgs_generate_messages_nodejs
[  0%] Built target geometry_msgs_generate_messages_lisp
[  0%] Built target geometry_msgs_generate_messages_cpp
[100%] Built target flat_world_imu_node
Built target tests
[  0%] Built target rosgraph_msgs_generate_messages_nodejs
[  0%] Built target geometry_msgs_generate_messages_py
[  0%] Built target rosgraph_msgs_generate_messages_py
[  0%] Built target std_msgs_generate_messages_eus
[  0%] Built target rosgraph_msgs_generate_messages_lisp
[  0%] Built target rosgraph_msgs_generate_messages_eus
[  0%] Built target roscpp_generate_messages_py
[  0%] Built target rosgraph_msgs_generate_messages_cpp
[  0%] Built target std_msgs_generate_messages_py
[  0%] Built target geometry_msgs_generate_messages_eus
[  0%] Built target roscpp_generate_messages_nodejs
[  0%] Built target roscpp_generate_messages_eus
[  0%] Built target roscpp_generate_messages_lisp
[  0%] Built target std_msgs_generate_messages_cpp
[  0%] Built target geometry_msgs_generate_messages_nodejs
[  0%] Built target sensor_msgs_generate_messages_py
[  0%] Built target std_msgs_generate_messages_lisp
[  0%] Built target sensor_msgs_generate_messages_cpp
[  0%] Built target sensor_msgs_generate_messages_eus
[  0%] Built target std_msgs_generate_messages_nodejs
[  0%] Built target sensor_msgs_generate_messages_lisp
[  0%] Built target roscpp_generate_messages_cpp
[  0%] Built target sensor_msgs_generate_messages_nodejs
[  0%] Built target geometry_msgs_generate_messages_cpp
[  0%] Built target geometry_msgs_generate_messages_lisp
[100%] Built target flat_world_imu_node
[36mInstall the project...[0m
-- Install configuration: ""
-- Up-to-date: /home/moutik/Downloads/turtlebot3-master/install/turtlebot3_slam/lib/pkgconfig/turtlebot3_slam.pc
-- Up-to-date: /home/moutik/Downloads/turtlebot3-master/install/turtlebot3_slam/share/turtlebot3_slam/cmake/turtlebot3_slamConfig.cmake
-- Up-to-date: /home/moutik/Downloads/turtlebot3-master/install/turtlebot3_slam/share/turtlebot3_slam/cmake/turtlebot3_slamConfig-version.cmake
-- Up-to-date: /home/moutik/Downloads/turtlebot3-master/install/turtlebot3_slam/share/turtlebot3_slam/package.xml
-- Up-to-date: /home/moutik/Downloads/turtlebot3-master/install/turtlebot3_slam/lib/turtlebot3_slam/flat_world_imu_node
-- Up-to-date: /home/moutik/Downloads/turtlebot3-master/install/turtlebot3_slam/include/turtlebot3_slam
-- Up-to-date: /home/moutik/Downloads/turtlebot3-master/install/turtlebot3_slam/include/turtlebot3_slam/flat_world_imu_node.h
-- Up-to-date: /home/moutik/Downloads/turtlebot3-master/install/turtlebot3_slam/share/turtlebot3_slam/bag
-- Up-to-date: /home/moutik/Downloads/turtlebot3-master/install/turtlebot3_slam/share/turtlebot3_slam/bag/bag_files.md
-- Up-to-date: /home/moutik/Downloads/turtlebot3-master/install/turtlebot3_slam/share/turtlebot3_slam/config
-- Up-to-date: /home/moutik/Downloads/turtlebot3-master/install/turtlebot3_slam/share/turtlebot3_slam/config/karto_mapper_params.yaml
-- Up-to-date: /home/moutik/Downloads/turtlebot3-master/install/turtlebot3_slam/share/turtlebot3_slam/config/frontier_exploration.yaml
-- Up-to-date: /home/moutik/Downloads/turtlebot3-master/install/turtlebot3_slam/share/turtlebot3_slam/config/turtlebot3_lds_2d.lua
-- Up-to-date: /home/moutik/Downloads/turtlebot3-master/install/turtlebot3_slam/share/turtlebot3_slam/config/turtlebot3_lds_2d_gazebo.lua
-- Up-to-date: /home/moutik/Downloads/turtlebot3-master/install/turtlebot3_slam/share/turtlebot3_slam/config/gmapping_params.yaml
-- Up-to-date: /home/moutik/Downloads/turtlebot3-master/install/turtlebot3_slam/share/turtlebot3_slam/launch
-- Up-to-date: /home/moutik/Downloads/turtlebot3-master/install/turtlebot3_slam/share/turtlebot3_slam/launch/turtlebot3_hector.launch
-- Up-to-date: /home/moutik/Downloads/turtlebot3-master/install/turtlebot3_slam/share/turtlebot3_slam/launch/turtlebot3_cartographer.launch
-- Up-to-date: /home/moutik/Downloads/turtlebot3-master/install/turtlebot3_slam/share/turtlebot3_slam/launch/turtlebot3_karto.launch
-- Up-to-date: /home/moutik/Downloads/turtlebot3-master/install/turtlebot3_slam/share/turtlebot3_slam/launch/turtlebot3_slam.launch
-- Up-to-date: /home/moutik/Downloads/turtlebot3-master/install/turtlebot3_slam/share/turtlebot3_slam/launch/turtlebot3_frontier_exploration.launch
-- Up-to-date: /home/moutik/Downloads/turtlebot3-master/install/turtlebot3_slam/share/turtlebot3_slam/launch/turtlebot3_gmapping.launch
-- Up-to-date: /home/moutik/Downloads/turtlebot3-master/install/turtlebot3_slam/share/turtlebot3_slam/launch/turtlebot3_manipulation_slam.launch
-- Up-to-date: /home/moutik/Downloads/turtlebot3-master/install/turtlebot3_slam/share/turtlebot3_slam/rviz
-- Up-to-date: /home/moutik/Downloads/turtlebot3-master/install/turtlebot3_slam/share/turtlebot3_slam/rviz/turtlebot3_frontier_exploration.rviz
-- Up-to-date: /home/moutik/Downloads/turtlebot3-master/install/turtlebot3_slam/share/turtlebot3_slam/rviz/turtlebot3_gmapping.rviz
-- Up-to-date: /home/moutik/Downloads/turtlebot3-master/install/turtlebot3_slam/share/turtlebot3_slam/rviz/turtlebot3_cartographer.rviz
-- Up-to-date: /home/moutik/Downloads/turtlebot3-master/install/turtlebot3_slam/share/turtlebot3_slam/rviz/turtlebot3_karto.rviz
-- Up-to-date: /home/moutik/Downloads/turtlebot3-master/install/turtlebot3_slam/share/turtlebot3_slam/rviz/turtlebot3_hector.rviz
