[0.093s] Invoking command in '/home/moutik/Downloads/turtlebot3-master/build/turtlebot3_slam': CMAKE_PREFIX_PATH=/home/moutik/Downloads/turtlebot3-master/install/turtlebot3_bringup:/home/moutik/Downloads/turtlebot3-master/install/turtlebot3_teleop:/home/moutik/Downloads/turtlebot3-master/install/turtlebot3_description:/home/moutik/Downloads/turtlebot3-master/install/turtlebot3_slam:/home/moutik/Downloads/turtlebot3-master/install/turtlebot3_navigation:/home/moutik/Downloads/turtlebot3-master/install/turtlebot3_example:/opt/ros/melodic PKG_CONFIG_PATH=/home/moutik/Downloads/turtlebot3-master/install/turtlebot3_bringup/lib/x86_64-linux-gnu/pkgconfig:/home/moutik/Downloads/turtlebot3-master/install/turtlebot3_bringup/lib/pkgconfig:/home/moutik/Downloads/turtlebot3-master/install/turtlebot3_teleop/lib/x86_64-linux-gnu/pkgconfig:/home/moutik/Downloads/turtlebot3-master/install/turtlebot3_teleop/lib/pkgconfig:/home/moutik/Downloads/turtlebot3-master/install/turtlebot3_description/lib/x86_64-linux-gnu/pkgconfig:/home/moutik/Downloads/turtlebot3-master/install/turtlebot3_description/lib/pkgconfig:/home/moutik/Downloads/turtlebot3-master/install/turtlebot3/lib/x86_64-linux-gnu/pkgconfig:/home/moutik/Downloads/turtlebot3-master/install/turtlebot3/lib/pkgconfig:/home/moutik/Downloads/turtlebot3-master/install/turtlebot3_slam/lib/x86_64-linux-gnu/pkgconfig:/home/moutik/Downloads/turtlebot3-master/install/turtlebot3_slam/lib/pkgconfig:/home/moutik/Downloads/turtlebot3-master/install/turtlebot3_navigation/lib/x86_64-linux-gnu/pkgconfig:/home/moutik/Downloads/turtlebot3-master/install/turtlebot3_navigation/lib/pkgconfig:/home/moutik/Downloads/turtlebot3-master/install/turtlebot3_example/lib/x86_64-linux-gnu/pkgconfig:/home/moutik/Downloads/turtlebot3-master/install/turtlebot3_example/lib/pkgconfig:/opt/ros/melodic/lib/pkgconfig PYTHONPATH=/home/moutik/Downloads/turtlebot3-master/install/turtlebot3_teleop/lib/python2.7/dist-packages:/home/moutik/Downloads/turtlebot3-master/install/turtlebot3_example/lib/python2.7/dist-packages:/opt/ros/melodic/lib/python2.7/dist-packages ROS_PACKAGE_PATH=/home/moutik/Downloads/turtlebot3-master/install/turtlebot3_bringup/share:/home/moutik/Downloads/turtlebot3-master/install/turtlebot3_teleop/share:/home/moutik/Downloads/turtlebot3-master/install/turtlebot3_description/share:/home/moutik/Downloads/turtlebot3-master/install/turtlebot3/share:/home/moutik/Downloads/turtlebot3-master/install/turtlebot3_slam/share:/home/moutik/Downloads/turtlebot3-master/install/turtlebot3_navigation/share:/home/moutik/Downloads/turtlebot3-master/install/turtlebot3_example/share:/opt/ros/melodic/share /usr/bin/cmake --build /home/moutik/Downloads/turtlebot3-master/build/turtlebot3_slam -- -j2 -l2
[0.232s] [  0%] Built target rosgraph_msgs_generate_messages_nodejs
[0.234s] [  0%] Built target geometry_msgs_generate_messages_py
[0.286s] [  0%] Built target rosgraph_msgs_generate_messages_py
[0.293s] [  0%] Built target std_msgs_generate_messages_eus
[0.338s] [  0%] Built target rosgraph_msgs_generate_messages_lisp
[0.346s] [  0%] Built target rosgraph_msgs_generate_messages_eus
[0.390s] [  0%] Built target rosgraph_msgs_generate_messages_cpp
[0.400s] [  0%] Built target roscpp_generate_messages_py
[0.440s] [  0%] Built target std_msgs_generate_messages_py
[0.445s] [  0%] Built target geometry_msgs_generate_messages_eus
[0.482s] [  0%] Built target roscpp_generate_messages_nodejs
[0.488s] [  0%] Built target roscpp_generate_messages_eus
[0.531s] [  0%] Built target std_msgs_generate_messages_cpp
[0.538s] [  0%] Built target roscpp_generate_messages_lisp
[0.578s] [  0%] Built target geometry_msgs_generate_messages_nodejs
[0.592s] [  0%] Built target sensor_msgs_generate_messages_py
[0.639s] [  0%] Built target std_msgs_generate_messages_lisp
[0.652s] [  0%] Built target sensor_msgs_generate_messages_cpp
[0.701s] [  0%] Built target sensor_msgs_generate_messages_eus
[0.729s] [  0%] Built target std_msgs_generate_messages_nodejs
[0.748s] [  0%] Built target sensor_msgs_generate_messages_lisp
[0.796s] [  0%] Built target roscpp_generate_messages_cpp
[0.802s] [  0%] Built target sensor_msgs_generate_messages_nodejs
[0.845s] [  0%] Built target geometry_msgs_generate_messages_lisp
[0.869s] [  0%] Built target geometry_msgs_generate_messages_cpp
[0.922s] [100%] Built target flat_world_imu_node
[0.940s] Invoked command in '/home/moutik/Downloads/turtlebot3-master/build/turtlebot3_slam' returned '0': CMAKE_PREFIX_PATH=/home/moutik/Downloads/turtlebot3-master/install/turtlebot3_bringup:/home/moutik/Downloads/turtlebot3-master/install/turtlebot3_teleop:/home/moutik/Downloads/turtlebot3-master/install/turtlebot3_description:/home/moutik/Downloads/turtlebot3-master/install/turtlebot3_slam:/home/moutik/Downloads/turtlebot3-master/install/turtlebot3_navigation:/home/moutik/Downloads/turtlebot3-master/install/turtlebot3_example:/opt/ros/melodic PKG_CONFIG_PATH=/home/moutik/Downloads/turtlebot3-master/install/turtlebot3_bringup/lib/x86_64-linux-gnu/pkgconfig:/home/moutik/Downloads/turtlebot3-master/install/turtlebot3_bringup/lib/pkgconfig:/home/moutik/Downloads/turtlebot3-master/install/turtlebot3_teleop/lib/x86_64-linux-gnu/pkgconfig:/home/moutik/Downloads/turtlebot3-master/install/turtlebot3_teleop/lib/pkgconfig:/home/moutik/Downloads/turtlebot3-master/install/turtlebot3_description/lib/x86_64-linux-gnu/pkgconfig:/home/moutik/Downloads/turtlebot3-master/install/turtlebot3_description/lib/pkgconfig:/home/moutik/Downloads/turtlebot3-master/install/turtlebot3/lib/x86_64-linux-gnu/pkgconfig:/home/moutik/Downloads/turtlebot3-master/install/turtlebot3/lib/pkgconfig:/home/moutik/Downloads/turtlebot3-master/install/turtlebot3_slam/lib/x86_64-linux-gnu/pkgconfig:/home/moutik/Downloads/turtlebot3-master/install/turtlebot3_slam/lib/pkgconfig:/home/moutik/Downloads/turtlebot3-master/install/turtlebot3_navigation/lib/x86_64-linux-gnu/pkgconfig:/home/moutik/Downloads/turtlebot3-master/install/turtlebot3_navigation/lib/pkgconfig:/home/moutik/Downloads/turtlebot3-master/install/turtlebot3_example/lib/x86_64-linux-gnu/pkgconfig:/home/moutik/Downloads/turtlebot3-master/install/turtlebot3_example/lib/pkgconfig:/opt/ros/melodic/lib/pkgconfig PYTHONPATH=/home/moutik/Downloads/turtlebot3-master/install/turtlebot3_teleop/lib/python2.7/dist-packages:/home/moutik/Downloads/turtlebot3-master/install/turtlebot3_example/lib/python2.7/dist-packages:/opt/ros/melodic/lib/python2.7/dist-packages ROS_PACKAGE_PATH=/home/moutik/Downloads/turtlebot3-master/install/turtlebot3_bringup/share:/home/moutik/Downloads/turtlebot3-master/install/turtlebot3_teleop/share:/home/moutik/Downloads/turtlebot3-master/install/turtlebot3_description/share:/home/moutik/Downloads/turtlebot3-master/install/turtlebot3/share:/home/moutik/Downloads/turtlebot3-master/install/turtlebot3_slam/share:/home/moutik/Downloads/turtlebot3-master/install/turtlebot3_navigation/share:/home/moutik/Downloads/turtlebot3-master/install/turtlebot3_example/share:/opt/ros/melodic/share /usr/bin/cmake --build /home/moutik/Downloads/turtlebot3-master/build/turtlebot3_slam -- -j2 -l2
[1.044s] Invoking command in '/home/moutik/Downloads/turtlebot3-master/build/turtlebot3_slam': CMAKE_PREFIX_PATH=/home/moutik/Downloads/turtlebot3-master/install/turtlebot3_bringup:/home/moutik/Downloads/turtlebot3-master/install/turtlebot3_teleop:/home/moutik/Downloads/turtlebot3-master/install/turtlebot3_description:/home/moutik/Downloads/turtlebot3-master/install/turtlebot3_slam:/home/moutik/Downloads/turtlebot3-master/install/turtlebot3_navigation:/home/moutik/Downloads/turtlebot3-master/install/turtlebot3_example:/opt/ros/melodic PKG_CONFIG_PATH=/home/moutik/Downloads/turtlebot3-master/install/turtlebot3_bringup/lib/x86_64-linux-gnu/pkgconfig:/home/moutik/Downloads/turtlebot3-master/install/turtlebot3_bringup/lib/pkgconfig:/home/moutik/Downloads/turtlebot3-master/install/turtlebot3_teleop/lib/x86_64-linux-gnu/pkgconfig:/home/moutik/Downloads/turtlebot3-master/install/turtlebot3_teleop/lib/pkgconfig:/home/moutik/Downloads/turtlebot3-master/install/turtlebot3_description/lib/x86_64-linux-gnu/pkgconfig:/home/moutik/Downloads/turtlebot3-master/install/turtlebot3_description/lib/pkgconfig:/home/moutik/Downloads/turtlebot3-master/install/turtlebot3/lib/x86_64-linux-gnu/pkgconfig:/home/moutik/Downloads/turtlebot3-master/install/turtlebot3/lib/pkgconfig:/home/moutik/Downloads/turtlebot3-master/install/turtlebot3_slam/lib/x86_64-linux-gnu/pkgconfig:/home/moutik/Downloads/turtlebot3-master/install/turtlebot3_slam/lib/pkgconfig:/home/moutik/Downloads/turtlebot3-master/install/turtlebot3_navigation/lib/x86_64-linux-gnu/pkgconfig:/home/moutik/Downloads/turtlebot3-master/install/turtlebot3_navigation/lib/pkgconfig:/home/moutik/Downloads/turtlebot3-master/install/turtlebot3_example/lib/x86_64-linux-gnu/pkgconfig:/home/moutik/Downloads/turtlebot3-master/install/turtlebot3_example/lib/pkgconfig:/opt/ros/melodic/lib/pkgconfig PYTHONPATH=/home/moutik/Downloads/turtlebot3-master/install/turtlebot3_teleop/lib/python2.7/dist-packages:/home/moutik/Downloads/turtlebot3-master/install/turtlebot3_example/lib/python2.7/dist-packages:/opt/ros/melodic/lib/python2.7/dist-packages ROS_PACKAGE_PATH=/home/moutik/Downloads/turtlebot3-master/install/turtlebot3_bringup/share:/home/moutik/Downloads/turtlebot3-master/install/turtlebot3_teleop/share:/home/moutik/Downloads/turtlebot3-master/install/turtlebot3_description/share:/home/moutik/Downloads/turtlebot3-master/install/turtlebot3/share:/home/moutik/Downloads/turtlebot3-master/install/turtlebot3_slam/share:/home/moutik/Downloads/turtlebot3-master/install/turtlebot3_navigation/share:/home/moutik/Downloads/turtlebot3-master/install/turtlebot3_example/share:/opt/ros/melodic/share /usr/bin/cmake --build /home/moutik/Downloads/turtlebot3-master/build/turtlebot3_slam --target tests -- -j2 -l2
[1.172s] Built target tests
[1.194s] Invoked command in '/home/moutik/Downloads/turtlebot3-master/build/turtlebot3_slam' returned '0': CMAKE_PREFIX_PATH=/home/moutik/Downloads/turtlebot3-master/install/turtlebot3_bringup:/home/moutik/Downloads/turtlebot3-master/install/turtlebot3_teleop:/home/moutik/Downloads/turtlebot3-master/install/turtlebot3_description:/home/moutik/Downloads/turtlebot3-master/install/turtlebot3_slam:/home/moutik/Downloads/turtlebot3-master/install/turtlebot3_navigation:/home/moutik/Downloads/turtlebot3-master/install/turtlebot3_example:/opt/ros/melodic PKG_CONFIG_PATH=/home/moutik/Downloads/turtlebot3-master/install/turtlebot3_bringup/lib/x86_64-linux-gnu/pkgconfig:/home/moutik/Downloads/turtlebot3-master/install/turtlebot3_bringup/lib/pkgconfig:/home/moutik/Downloads/turtlebot3-master/install/turtlebot3_teleop/lib/x86_64-linux-gnu/pkgconfig:/home/moutik/Downloads/turtlebot3-master/install/turtlebot3_teleop/lib/pkgconfig:/home/moutik/Downloads/turtlebot3-master/install/turtlebot3_description/lib/x86_64-linux-gnu/pkgconfig:/home/moutik/Downloads/turtlebot3-master/install/turtlebot3_description/lib/pkgconfig:/home/moutik/Downloads/turtlebot3-master/install/turtlebot3/lib/x86_64-linux-gnu/pkgconfig:/home/moutik/Downloads/turtlebot3-master/install/turtlebot3/lib/pkgconfig:/home/moutik/Downloads/turtlebot3-master/install/turtlebot3_slam/lib/x86_64-linux-gnu/pkgconfig:/home/moutik/Downloads/turtlebot3-master/install/turtlebot3_slam/lib/pkgconfig:/home/moutik/Downloads/turtlebot3-master/install/turtlebot3_navigation/lib/x86_64-linux-gnu/pkgconfig:/home/moutik/Downloads/turtlebot3-master/install/turtlebot3_navigation/lib/pkgconfig:/home/moutik/Downloads/turtlebot3-master/install/turtlebot3_example/lib/x86_64-linux-gnu/pkgconfig:/home/moutik/Downloads/turtlebot3-master/install/turtlebot3_example/lib/pkgconfig:/opt/ros/melodic/lib/pkgconfig PYTHONPATH=/home/moutik/Downloads/turtlebot3-master/install/turtlebot3_teleop/lib/python2.7/dist-packages:/home/moutik/Downloads/turtlebot3-master/install/turtlebot3_example/lib/python2.7/dist-packages:/opt/ros/melodic/lib/python2.7/dist-packages ROS_PACKAGE_PATH=/home/moutik/Downloads/turtlebot3-master/install/turtlebot3_bringup/share:/home/moutik/Downloads/turtlebot3-master/install/turtlebot3_teleop/share:/home/moutik/Downloads/turtlebot3-master/install/turtlebot3_description/share:/home/moutik/Downloads/turtlebot3-master/install/turtlebot3/share:/home/moutik/Downloads/turtlebot3-master/install/turtlebot3_slam/share:/home/moutik/Downloads/turtlebot3-master/install/turtlebot3_navigation/share:/home/moutik/Downloads/turtlebot3-master/install/turtlebot3_example/share:/opt/ros/melodic/share /usr/bin/cmake --build /home/moutik/Downloads/turtlebot3-master/build/turtlebot3_slam --target tests -- -j2 -l2
[1.390s] Invoking command in '/home/moutik/Downloads/turtlebot3-master/build/turtlebot3_slam': CMAKE_PREFIX_PATH=/home/moutik/Downloads/turtlebot3-master/install/turtlebot3_bringup:/home/moutik/Downloads/turtlebot3-master/install/turtlebot3_teleop:/home/moutik/Downloads/turtlebot3-master/install/turtlebot3_description:/home/moutik/Downloads/turtlebot3-master/install/turtlebot3_slam:/home/moutik/Downloads/turtlebot3-master/install/turtlebot3_navigation:/home/moutik/Downloads/turtlebot3-master/install/turtlebot3_example:/opt/ros/melodic PKG_CONFIG_PATH=/home/moutik/Downloads/turtlebot3-master/install/turtlebot3_bringup/lib/x86_64-linux-gnu/pkgconfig:/home/moutik/Downloads/turtlebot3-master/install/turtlebot3_bringup/lib/pkgconfig:/home/moutik/Downloads/turtlebot3-master/install/turtlebot3_teleop/lib/x86_64-linux-gnu/pkgconfig:/home/moutik/Downloads/turtlebot3-master/install/turtlebot3_teleop/lib/pkgconfig:/home/moutik/Downloads/turtlebot3-master/install/turtlebot3_description/lib/x86_64-linux-gnu/pkgconfig:/home/moutik/Downloads/turtlebot3-master/install/turtlebot3_description/lib/pkgconfig:/home/moutik/Downloads/turtlebot3-master/install/turtlebot3/lib/x86_64-linux-gnu/pkgconfig:/home/moutik/Downloads/turtlebot3-master/install/turtlebot3/lib/pkgconfig:/home/moutik/Downloads/turtlebot3-master/install/turtlebot3_slam/lib/x86_64-linux-gnu/pkgconfig:/home/moutik/Downloads/turtlebot3-master/install/turtlebot3_slam/lib/pkgconfig:/home/moutik/Downloads/turtlebot3-master/install/turtlebot3_navigation/lib/x86_64-linux-gnu/pkgconfig:/home/moutik/Downloads/turtlebot3-master/install/turtlebot3_navigation/lib/pkgconfig:/home/moutik/Downloads/turtlebot3-master/install/turtlebot3_example/lib/x86_64-linux-gnu/pkgconfig:/home/moutik/Downloads/turtlebot3-master/install/turtlebot3_example/lib/pkgconfig:/opt/ros/melodic/lib/pkgconfig PYTHONPATH=/home/moutik/Downloads/turtlebot3-master/install/turtlebot3_teleop/lib/python2.7/dist-packages:/home/moutik/Downloads/turtlebot3-master/install/turtlebot3_example/lib/python2.7/dist-packages:/opt/ros/melodic/lib/python2.7/dist-packages ROS_PACKAGE_PATH=/home/moutik/Downloads/turtlebot3-master/install/turtlebot3_bringup/share:/home/moutik/Downloads/turtlebot3-master/install/turtlebot3_teleop/share:/home/moutik/Downloads/turtlebot3-master/install/turtlebot3_description/share:/home/moutik/Downloads/turtlebot3-master/install/turtlebot3/share:/home/moutik/Downloads/turtlebot3-master/install/turtlebot3_slam/share:/home/moutik/Downloads/turtlebot3-master/install/turtlebot3_navigation/share:/home/moutik/Downloads/turtlebot3-master/install/turtlebot3_example/share:/opt/ros/melodic/share /usr/bin/cmake --build /home/moutik/Downloads/turtlebot3-master/build/turtlebot3_slam --target install -- -j2 -l2
[1.509s] [  0%] Built target rosgraph_msgs_generate_messages_nodejs
[1.541s] [  0%] Built target geometry_msgs_generate_messages_py
[1.561s] [  0%] Built target rosgraph_msgs_generate_messages_py
[1.606s] [  0%] Built target std_msgs_generate_messages_eus
[1.607s] [  0%] Built target rosgraph_msgs_generate_messages_lisp
[1.645s] [  0%] Built target rosgraph_msgs_generate_messages_eus
[1.694s] [  0%] Built target roscpp_generate_messages_py
[1.699s] [  0%] Built target rosgraph_msgs_generate_messages_cpp
[1.762s] [  0%] Built target std_msgs_generate_messages_py
[1.766s] [  0%] Built target geometry_msgs_generate_messages_eus
[1.826s] [  0%] Built target roscpp_generate_messages_nodejs
[1.857s] [  0%] Built target roscpp_generate_messages_eus
[1.860s] [  0%] Built target roscpp_generate_messages_lisp
[1.942s] [  0%] Built target std_msgs_generate_messages_cpp
[1.951s] [  0%] Built target geometry_msgs_generate_messages_nodejs
[1.981s] [  0%] Built target sensor_msgs_generate_messages_py
[2.016s] [  0%] Built target std_msgs_generate_messages_lisp
[2.058s] [  0%] Built target sensor_msgs_generate_messages_cpp
[2.071s] [  0%] Built target sensor_msgs_generate_messages_eus
[2.122s] [  0%] Built target std_msgs_generate_messages_nodejs
[2.144s] [  0%] Built target sensor_msgs_generate_messages_lisp
[2.188s] [  0%] Built target roscpp_generate_messages_cpp
[2.196s] [  0%] Built target sensor_msgs_generate_messages_nodejs
[2.228s] [  0%] Built target geometry_msgs_generate_messages_cpp
[2.256s] [  0%] Built target geometry_msgs_generate_messages_lisp
[2.291s] [100%] Built target flat_world_imu_node
[2.319s] [36mInstall the project...[0m
[2.335s] -- Install configuration: ""
[2.338s] -- Up-to-date: /home/moutik/Downloads/turtlebot3-master/install/turtlebot3_slam/lib/pkgconfig/turtlebot3_slam.pc
[2.339s] -- Up-to-date: /home/moutik/Downloads/turtlebot3-master/install/turtlebot3_slam/share/turtlebot3_slam/cmake/turtlebot3_slamConfig.cmake
[2.339s] -- Up-to-date: /home/moutik/Downloads/turtlebot3-master/install/turtlebot3_slam/share/turtlebot3_slam/cmake/turtlebot3_slamConfig-version.cmake
[2.339s] -- Up-to-date: /home/moutik/Downloads/turtlebot3-master/install/turtlebot3_slam/share/turtlebot3_slam/package.xml
[2.341s] -- Up-to-date: /home/moutik/Downloads/turtlebot3-master/install/turtlebot3_slam/lib/turtlebot3_slam/flat_world_imu_node
[2.342s] -- Up-to-date: /home/moutik/Downloads/turtlebot3-master/install/turtlebot3_slam/include/turtlebot3_slam
[2.342s] -- Up-to-date: /home/moutik/Downloads/turtlebot3-master/install/turtlebot3_slam/include/turtlebot3_slam/flat_world_imu_node.h
[2.342s] -- Up-to-date: /home/moutik/Downloads/turtlebot3-master/install/turtlebot3_slam/share/turtlebot3_slam/bag
[2.343s] -- Up-to-date: /home/moutik/Downloads/turtlebot3-master/install/turtlebot3_slam/share/turtlebot3_slam/bag/bag_files.md
[2.343s] -- Up-to-date: /home/moutik/Downloads/turtlebot3-master/install/turtlebot3_slam/share/turtlebot3_slam/config
[2.344s] -- Up-to-date: /home/moutik/Downloads/turtlebot3-master/install/turtlebot3_slam/share/turtlebot3_slam/config/karto_mapper_params.yaml
[2.345s] -- Up-to-date: /home/moutik/Downloads/turtlebot3-master/install/turtlebot3_slam/share/turtlebot3_slam/config/frontier_exploration.yaml
[2.345s] -- Up-to-date: /home/moutik/Downloads/turtlebot3-master/install/turtlebot3_slam/share/turtlebot3_slam/config/turtlebot3_lds_2d.lua
[2.345s] -- Up-to-date: /home/moutik/Downloads/turtlebot3-master/install/turtlebot3_slam/share/turtlebot3_slam/config/turtlebot3_lds_2d_gazebo.lua
[2.345s] -- Up-to-date: /home/moutik/Downloads/turtlebot3-master/install/turtlebot3_slam/share/turtlebot3_slam/config/gmapping_params.yaml
[2.345s] -- Up-to-date: /home/moutik/Downloads/turtlebot3-master/install/turtlebot3_slam/share/turtlebot3_slam/launch
[2.346s] -- Up-to-date: /home/moutik/Downloads/turtlebot3-master/install/turtlebot3_slam/share/turtlebot3_slam/launch/turtlebot3_hector.launch
[2.346s] -- Up-to-date: /home/moutik/Downloads/turtlebot3-master/install/turtlebot3_slam/share/turtlebot3_slam/launch/turtlebot3_cartographer.launch
[2.346s] -- Up-to-date: /home/moutik/Downloads/turtlebot3-master/install/turtlebot3_slam/share/turtlebot3_slam/launch/turtlebot3_karto.launch
[2.346s] -- Up-to-date: /home/moutik/Downloads/turtlebot3-master/install/turtlebot3_slam/share/turtlebot3_slam/launch/turtlebot3_slam.launch
[2.346s] -- Up-to-date: /home/moutik/Downloads/turtlebot3-master/install/turtlebot3_slam/share/turtlebot3_slam/launch/turtlebot3_frontier_exploration.launch
[2.346s] -- Up-to-date: /home/moutik/Downloads/turtlebot3-master/install/turtlebot3_slam/share/turtlebot3_slam/launch/turtlebot3_gmapping.launch
[2.347s] -- Up-to-date: /home/moutik/Downloads/turtlebot3-master/install/turtlebot3_slam/share/turtlebot3_slam/launch/turtlebot3_manipulation_slam.launch
[2.347s] -- Up-to-date: /home/moutik/Downloads/turtlebot3-master/install/turtlebot3_slam/share/turtlebot3_slam/rviz
[2.347s] -- Up-to-date: /home/moutik/Downloads/turtlebot3-master/install/turtlebot3_slam/share/turtlebot3_slam/rviz/turtlebot3_frontier_exploration.rviz
[2.347s] -- Up-to-date: /home/moutik/Downloads/turtlebot3-master/install/turtlebot3_slam/share/turtlebot3_slam/rviz/turtlebot3_gmapping.rviz
[2.347s] -- Up-to-date: /home/moutik/Downloads/turtlebot3-master/install/turtlebot3_slam/share/turtlebot3_slam/rviz/turtlebot3_cartographer.rviz
[2.348s] -- Up-to-date: /home/moutik/Downloads/turtlebot3-master/install/turtlebot3_slam/share/turtlebot3_slam/rviz/turtlebot3_karto.rviz
[2.348s] -- Up-to-date: /home/moutik/Downloads/turtlebot3-master/install/turtlebot3_slam/share/turtlebot3_slam/rviz/turtlebot3_hector.rviz
[2.353s] Invoked command in '/home/moutik/Downloads/turtlebot3-master/build/turtlebot3_slam' returned '0': CMAKE_PREFIX_PATH=/home/moutik/Downloads/turtlebot3-master/install/turtlebot3_bringup:/home/moutik/Downloads/turtlebot3-master/install/turtlebot3_teleop:/home/moutik/Downloads/turtlebot3-master/install/turtlebot3_description:/home/moutik/Downloads/turtlebot3-master/install/turtlebot3_slam:/home/moutik/Downloads/turtlebot3-master/install/turtlebot3_navigation:/home/moutik/Downloads/turtlebot3-master/install/turtlebot3_example:/opt/ros/melodic PKG_CONFIG_PATH=/home/moutik/Downloads/turtlebot3-master/install/turtlebot3_bringup/lib/x86_64-linux-gnu/pkgconfig:/home/moutik/Downloads/turtlebot3-master/install/turtlebot3_bringup/lib/pkgconfig:/home/moutik/Downloads/turtlebot3-master/install/turtlebot3_teleop/lib/x86_64-linux-gnu/pkgconfig:/home/moutik/Downloads/turtlebot3-master/install/turtlebot3_teleop/lib/pkgconfig:/home/moutik/Downloads/turtlebot3-master/install/turtlebot3_description/lib/x86_64-linux-gnu/pkgconfig:/home/moutik/Downloads/turtlebot3-master/install/turtlebot3_description/lib/pkgconfig:/home/moutik/Downloads/turtlebot3-master/install/turtlebot3/lib/x86_64-linux-gnu/pkgconfig:/home/moutik/Downloads/turtlebot3-master/install/turtlebot3/lib/pkgconfig:/home/moutik/Downloads/turtlebot3-master/install/turtlebot3_slam/lib/x86_64-linux-gnu/pkgconfig:/home/moutik/Downloads/turtlebot3-master/install/turtlebot3_slam/lib/pkgconfig:/home/moutik/Downloads/turtlebot3-master/install/turtlebot3_navigation/lib/x86_64-linux-gnu/pkgconfig:/home/moutik/Downloads/turtlebot3-master/install/turtlebot3_navigation/lib/pkgconfig:/home/moutik/Downloads/turtlebot3-master/install/turtlebot3_example/lib/x86_64-linux-gnu/pkgconfig:/home/moutik/Downloads/turtlebot3-master/install/turtlebot3_example/lib/pkgconfig:/opt/ros/melodic/lib/pkgconfig PYTHONPATH=/home/moutik/Downloads/turtlebot3-master/install/turtlebot3_teleop/lib/python2.7/dist-packages:/home/moutik/Downloads/turtlebot3-master/install/turtlebot3_example/lib/python2.7/dist-packages:/opt/ros/melodic/lib/python2.7/dist-packages ROS_PACKAGE_PATH=/home/moutik/Downloads/turtlebot3-master/install/turtlebot3_bringup/share:/home/moutik/Downloads/turtlebot3-master/install/turtlebot3_teleop/share:/home/moutik/Downloads/turtlebot3-master/install/turtlebot3_description/share:/home/moutik/Downloads/turtlebot3-master/install/turtlebot3/share:/home/moutik/Downloads/turtlebot3-master/install/turtlebot3_slam/share:/home/moutik/Downloads/turtlebot3-master/install/turtlebot3_navigation/share:/home/moutik/Downloads/turtlebot3-master/install/turtlebot3_example/share:/opt/ros/melodic/share /usr/bin/cmake --build /home/moutik/Downloads/turtlebot3-master/build/turtlebot3_slam --target install -- -j2 -l2
