[0.078s] Invoking command in '/home/moutik/Downloads/turtlebot3-master/build/turtlebot3_teleop': /usr/bin/cmake /home/moutik/Downloads/turtlebot3-master/turtlebot3_teleop -DCATKIN_INSTALL_INTO_PREFIX_ROOT=0 -DCMAKE_INSTALL_PREFIX=/home/moutik/Downloads/turtlebot3-master/install/turtlebot3_teleop
[0.288s] -- The C compiler identification is GNU 7.5.0
[0.408s] -- The CXX compiler identification is GNU 7.5.0
[0.415s] -- Check for working C compiler: /usr/bin/cc
[0.591s] -- Check for working C compiler: /usr/bin/cc -- works
[0.592s] -- Detecting C compiler ABI info
[0.755s] -- Detecting C compiler ABI info - done
[0.775s] -- Detecting C compile features
[1.198s] -- Detecting C compile features - done
[1.205s] -- Check for working CXX compiler: /usr/bin/c++
[1.361s] -- Check for working CXX compiler: /usr/bin/c++ -- works
[1.361s] -- Detecting CXX compiler ABI info
[1.533s] -- Detecting CXX compiler ABI info - done
[1.540s] -- Detecting CXX compile features
[2.246s] -- Detecting CXX compile features - done
[2.249s] -- Using CATKIN_DEVEL_PREFIX: /home/moutik/Downloads/turtlebot3-master/build/turtlebot3_teleop/devel
[2.250s] -- Using CMAKE_PREFIX_PATH: /opt/ros/melodic
[2.250s] -- This workspace overlays: /opt/ros/melodic
[2.272s] -- Found PythonInterp: /usr/bin/python2 (found suitable version "2.7.17", minimum required is "2") 
[2.272s] -- Using PYTHON_EXECUTABLE: /usr/bin/python2
[2.273s] -- Using Debian Python package layout
[2.277s] -- Using empy: /usr/bin/empy
[2.521s] -- Using CATKIN_ENABLE_TESTING: ON
[2.523s] -- Call enable_testing()
[2.533s] -- Using CATKIN_TEST_RESULTS_DIR: /home/moutik/Downloads/turtlebot3-master/build/turtlebot3_teleop/test_results
[2.566s] -- Found gtest sources under '/usr/src/googletest': gtests will be built
[2.567s] -- Found gmock sources under '/usr/src/googletest': gmock will be built
[2.598s] -- Found PythonInterp: /usr/bin/python2 (found version "2.7.17") 
[2.600s] -- Looking for pthread.h
[2.749s] -- Looking for pthread.h - found
[2.749s] -- Looking for pthread_create
[2.885s] -- Looking for pthread_create - not found
[2.885s] -- Looking for pthread_create in pthreads
[3.009s] -- Looking for pthread_create in pthreads - not found
[3.010s] -- Looking for pthread_create in pthread
[3.173s] -- Looking for pthread_create in pthread - found
[3.173s] -- Found Threads: TRUE  
[3.182s] -- Using Python nosetests: /usr/bin/nosetests-2.7
[3.267s] -- catkin 0.7.29
[3.267s] -- BUILD_SHARED_LIBS is on
[4.770s] -- Configuring done
[4.792s] -- Generating done
[4.799s] -- Build files have been written to: /home/moutik/Downloads/turtlebot3-master/build/turtlebot3_teleop
[4.808s] Invoked command in '/home/moutik/Downloads/turtlebot3-master/build/turtlebot3_teleop' returned '0': /usr/bin/cmake /home/moutik/Downloads/turtlebot3-master/turtlebot3_teleop -DCATKIN_INSTALL_INTO_PREFIX_ROOT=0 -DCMAKE_INSTALL_PREFIX=/home/moutik/Downloads/turtlebot3-master/install/turtlebot3_teleop
[4.814s] Invoking command in '/home/moutik/Downloads/turtlebot3-master/build/turtlebot3_teleop': /usr/bin/cmake --build /home/moutik/Downloads/turtlebot3-master/build/turtlebot3_teleop -- -j2 -l2
[4.915s] Invoked command in '/home/moutik/Downloads/turtlebot3-master/build/turtlebot3_teleop' returned '0': /usr/bin/cmake --build /home/moutik/Downloads/turtlebot3-master/build/turtlebot3_teleop -- -j2 -l2
[5.049s] Invoking command in '/home/moutik/Downloads/turtlebot3-master/build/turtlebot3_teleop': /usr/bin/cmake --build /home/moutik/Downloads/turtlebot3-master/build/turtlebot3_teleop --target tests -- -j2 -l2
[5.167s] [35m[1mScanning dependencies of target tests[0m
[5.197s] Built target tests
[5.267s] Invoked command in '/home/moutik/Downloads/turtlebot3-master/build/turtlebot3_teleop' returned '0': /usr/bin/cmake --build /home/moutik/Downloads/turtlebot3-master/build/turtlebot3_teleop --target tests -- -j2 -l2
[5.376s] Invoking command in '/home/moutik/Downloads/turtlebot3-master/build/turtlebot3_teleop': /usr/bin/cmake --build /home/moutik/Downloads/turtlebot3-master/build/turtlebot3_teleop --target install -- -j2 -l2
[5.472s] [36mInstall the project...[0m
[5.492s] -- Install configuration: ""
[5.496s] + cd /home/moutik/Downloads/turtlebot3-master/turtlebot3_teleop
[5.496s] + mkdir -p /home/moutik/Downloads/turtlebot3-master/install/turtlebot3_teleop/lib/python2.7/dist-packages
[5.506s] + /usr/bin/env PYTHONPATH=/home/moutik/Downloads/turtlebot3-master/install/turtlebot3_teleop/lib/python2.7/dist-packages:/home/moutik/Downloads/turtlebot3-master/build/turtlebot3_teleop/lib/python2.7/dist-packages:/opt/ros/melodic/lib/python2.7/dist-packages CATKIN_BINARY_DIR=/home/moutik/Downloads/turtlebot3-master/build/turtlebot3_teleop /usr/bin/python2 /home/moutik/Downloads/turtlebot3-master/turtlebot3_teleop/setup.py build --build-base /home/moutik/Downloads/turtlebot3-master/build/turtlebot3_teleop install --root=/ --install-layout=deb --prefix=/home/moutik/Downloads/turtlebot3-master/install/turtlebot3_teleop --install-scripts=/home/moutik/Downloads/turtlebot3-master/install/turtlebot3_teleop/bin
[5.567s] running build
[5.567s] running build_py
[5.569s] creating /home/moutik/Downloads/turtlebot3-master/build/turtlebot3_teleop/lib.linux-x86_64-2.7
[5.569s] creating /home/moutik/Downloads/turtlebot3-master/build/turtlebot3_teleop/lib.linux-x86_64-2.7/turtlebot3_teleop
[5.569s] copying src/turtlebot3_teleop/__init__.py -> /home/moutik/Downloads/turtlebot3-master/build/turtlebot3_teleop/lib.linux-x86_64-2.7/turtlebot3_teleop
[5.569s] running install
[5.569s] running install_lib
[5.570s] creating /home/moutik/Downloads/turtlebot3-master/install/turtlebot3_teleop/lib/python2.7/dist-packages/turtlebot3_teleop
[5.570s] copying /home/moutik/Downloads/turtlebot3-master/build/turtlebot3_teleop/lib.linux-x86_64-2.7/turtlebot3_teleop/__init__.py -> /home/moutik/Downloads/turtlebot3-master/install/turtlebot3_teleop/lib/python2.7/dist-packages/turtlebot3_teleop
[5.570s] byte-compiling /home/moutik/Downloads/turtlebot3-master/install/turtlebot3_teleop/lib/python2.7/dist-packages/turtlebot3_teleop/__init__.py to __init__.pyc
[5.573s] running install_egg_info
[5.574s] Writing /home/moutik/Downloads/turtlebot3-master/install/turtlebot3_teleop/lib/python2.7/dist-packages/turtlebot3_teleop-1.2.6.egg-info
[5.580s] -- Installing: /home/moutik/Downloads/turtlebot3-master/install/turtlebot3_teleop/lib/pkgconfig/turtlebot3_teleop.pc
[5.580s] -- Installing: /home/moutik/Downloads/turtlebot3-master/install/turtlebot3_teleop/share/turtlebot3_teleop/cmake/turtlebot3_teleopConfig.cmake
[5.581s] -- Installing: /home/moutik/Downloads/turtlebot3-master/install/turtlebot3_teleop/share/turtlebot3_teleop/cmake/turtlebot3_teleopConfig-version.cmake
[5.582s] -- Installing: /home/moutik/Downloads/turtlebot3-master/install/turtlebot3_teleop/share/turtlebot3_teleop/package.xml
[5.582s] -- Installing: /home/moutik/Downloads/turtlebot3-master/install/turtlebot3_teleop/lib/turtlebot3_teleop/turtlebot3_teleop_key
[5.583s] -- Installing: /home/moutik/Downloads/turtlebot3-master/install/turtlebot3_teleop/share/turtlebot3_teleop/launch
[5.583s] -- Installing: /home/moutik/Downloads/turtlebot3-master/install/turtlebot3_teleop/share/turtlebot3_teleop/launch/turtlebot3_teleop_key.launch
[5.591s] Invoked command in '/home/moutik/Downloads/turtlebot3-master/build/turtlebot3_teleop' returned '0': /usr/bin/cmake --build /home/moutik/Downloads/turtlebot3-master/build/turtlebot3_teleop --target install -- -j2 -l2
